#
# There is insufficient memory for the Java Runtime Environment to continue.
# Native memory allocation (malloc) failed to allocate 661936 bytes. Error detail: Chunk::new
# Possible reasons:
#   The system is out of physical RAM or swap space
#   This process is running with CompressedOops enabled, and the Java Heap may be blocking the growth of the native heap
# Possible solutions:
#   Reduce memory load on the system
#   Increase physical memory or swap space
#   Check if swap backing store is full
#   Decrease Java heap size (-Xmx/-Xms)
#   Decrease number of Java threads
#   Decrease Java thread stack sizes (-Xss)
#   Set larger code cache with -XX:ReservedCodeCacheSize=
#   JVM is running with Zero Based Compressed Oops mode in which the Java heap is
#     placed in the first 32GB address space. The Java Heap base address is the
#     maximum limit for the native heap growth. Please use -XX:HeapBaseMinAddress
#     to set the Java Heap base and to place the Java Heap above 32GB virtual address.
# This output file may be truncated or incomplete.
#
#  Out of Memory Error (arena.cpp:168), pid=28416, tid=15736
#
# JRE version: OpenJDK Runtime Environment Temurin-21.0.9+10 (21.0.9+10) (build 21.0.9+10-LTS)
# Java VM: OpenJDK 64-Bit Server VM Temurin-21.0.9+10 (21.0.9+10-LTS, mixed mode, sharing, tiered, compressed oops, compressed class ptrs, g1 gc, windows-amd64)
# No core dump will be written. Minidumps are not enabled by default on client versions of Windows
#

---------------  S U M M A R Y ------------

Command Line: -Dfile.encoding=UTF-8 -Dstdout.encoding=UTF-8 -Dstderr.encoding=UTF-8 -XX:+ShowCodeDetailsInExceptionMessages com.api.gateway.ApiGatewayApplication

Host: 12th Gen Intel(R) Core(TM) i5-12500H, 16 cores, 15G,  Windows 11 , 64 bit Build 26100 (10.0.26100.7019)
Time: Mon Dec  1 14:29:51 2025 India Standard Time elapsed time: 21.595822 seconds (0d 0h 0m 21s)

---------------  T H R E A D  ---------------

Current thread (0x00000173a8bc95a0):  JavaThread "C2 CompilerThread0" daemon [_thread_in_native, id=15736, stack(0x00000060df100000,0x00000060df200000) (1024K)]


Current CompileTask:
C2:21595 5024       4       org.springframework.boot.context.properties.source.ConfigurationPropertyName::toString (46 bytes)

Stack: [0x00000060df100000,0x00000060df200000]
Native frames: (J=compiled Java code, j=interpreted, Vv=VM code, C=native code)
V  [jvm.dll+0x6d6e29]
V  [jvm.dll+0x8b4b76]
V  [jvm.dll+0x8b712e]
V  [jvm.dll+0x8b7813]
V  [jvm.dll+0x283d86]
V  [jvm.dll+0xc66ed]
V  [jvm.dll+0xc6c31]
V  [jvm.dll+0x2facee]
V  [jvm.dll+0x5fde44]
V  [jvm.dll+0x255557]
V  [jvm.dll+0x24db6a]
V  [jvm.dll+0x24b482]
V  [jvm.dll+0x1cb13e]
V  [jvm.dll+0x25b29d]
V  [jvm.dll+0x25982a]
V  [jvm.dll+0x3f7ea6]
V  [jvm.dll+0x85e9ad]
V  [jvm.dll+0x6d565d]
C  [ucrtbase.dll+0x37b0]
C  [KERNEL32.DLL+0x2e8d7]
C  [ntdll.dll+0x8c53c]


---------------  P R O C E S S  ---------------

Threads class SMR info:
_java_thread_list=0x00000173a8d22260, length=18, elements={
0x000001738db813f0, 0x00000173a8bb80c0, 0x00000173a8bb8720, 0x00000173a8bc2970,
0x00000173a8bc2fd0, 0x00000173a8bc7a40, 0x00000173a8bc8c10, 0x00000173a8bc95a0,
0x00000173a8c35c60, 0x00000173a8df4250, 0x00000173a8e03950, 0x00000173a8e0ae00,
0x00000173a8e10a40, 0x00000173ef2dbe10, 0x00000173ef356f50, 0x00000173a8cff510,
0x00000173f019da10, 0x00000173f111f010
}

Java Threads: ( => current thread )
  0x000001738db813f0 JavaThread "main"                              [_thread_in_vm, id=13932, stack(0x00000060de300000,0x00000060de400000) (1024K)]
  0x00000173a8bb80c0 JavaThread "Reference Handler"          daemon [_thread_blocked, id=13240, stack(0x00000060deb00000,0x00000060dec00000) (1024K)]
  0x00000173a8bb8720 JavaThread "Finalizer"                  daemon [_thread_blocked, id=26644, stack(0x00000060dec00000,0x00000060ded00000) (1024K)]
  0x00000173a8bc2970 JavaThread "Signal Dispatcher"          daemon [_thread_blocked, id=28560, stack(0x00000060ded00000,0x00000060dee00000) (1024K)]
  0x00000173a8bc2fd0 JavaThread "Attach Listener"            daemon [_thread_blocked, id=20804, stack(0x00000060dee00000,0x00000060def00000) (1024K)]
  0x00000173a8bc7a40 JavaThread "Service Thread"             daemon [_thread_blocked, id=12456, stack(0x00000060def00000,0x00000060df000000) (1024K)]
  0x00000173a8bc8c10 JavaThread "Monitor Deflation Thread"   daemon [_thread_blocked, id=15980, stack(0x00000060df000000,0x00000060df100000) (1024K)]
=>0x00000173a8bc95a0 JavaThread "C2 CompilerThread0"         daemon [_thread_in_native, id=15736, stack(0x00000060df100000,0x00000060df200000) (1024K)]
  0x00000173a8c35c60 JavaThread "C1 CompilerThread0"         daemon [_thread_blocked, id=27240, stack(0x00000060df200000,0x00000060df300000) (1024K)]
  0x00000173a8df4250 JavaThread "C1 CompilerThread1"         daemon [_thread_blocked, id=15876, stack(0x00000060df300000,0x00000060df400000) (1024K)]
  0x00000173a8e03950 JavaThread "C1 CompilerThread2"         daemon [_thread_blocked, id=30116, stack(0x00000060df400000,0x00000060df500000) (1024K)]
  0x00000173a8e0ae00 JavaThread "Notification Thread"        daemon [_thread_blocked, id=9400, stack(0x00000060df500000,0x00000060df600000) (1024K)]
  0x00000173a8e10a40 JavaThread "Common-Cleaner"             daemon [_thread_blocked, id=2788, stack(0x00000060df600000,0x00000060df700000) (1024K)]
  0x00000173ef2dbe10 JavaThread "C1 CompilerThread3"         daemon [_thread_blocked, id=24624, stack(0x00000060df700000,0x00000060df800000) (1024K)]
  0x00000173ef356f50 JavaThread "Keep-Alive-Timer"           daemon [_thread_blocked, id=24404, stack(0x00000060e0000000,0x00000060e0100000) (1024K)]
  0x00000173a8cff510 JavaThread "boundedElastic-evictor-1"   daemon [_thread_blocked, id=31732, stack(0x00000060e0100000,0x00000060e0200000) (1024K)]
  0x00000173f019da10 JavaThread "C2 CompilerThread1"         daemon [_thread_in_native, id=31332, stack(0x00000060e0200000,0x00000060e0300000) (1024K)]
  0x00000173f111f010 JavaThread "spring.cloud.inetutils"     daemon [_thread_blocked, id=27940, stack(0x00000060e0300000,0x00000060e0400000) (1024K)]
Total: 18

Other Threads:
  0x00000173a853ed70 VMThread "VM Thread"                           [id=24632, stack(0x00000060dea00000,0x00000060deb00000) (1024K)]
  0x00000173a852a100 WatcherThread "VM Periodic Task Thread"        [id=26732, stack(0x00000060de900000,0x00000060dea00000) (1024K)]
  0x000001738dbe9550 WorkerThread "GC Thread#0"                     [id=18380, stack(0x00000060de400000,0x00000060de500000) (1024K)]
  0x00000173eef36be0 WorkerThread "GC Thread#1"                     [id=22556, stack(0x00000060df900000,0x00000060dfa00000) (1024K)]
  0x00000173ee7150e0 WorkerThread "GC Thread#2"                     [id=27604, stack(0x00000060dfa00000,0x00000060dfb00000) (1024K)]
  0x00000173eec038a0 WorkerThread "GC Thread#3"                     [id=20792, stack(0x00000060dfb00000,0x00000060dfc00000) (1024K)]
  0x00000173ee755ed0 WorkerThread "GC Thread#4"                     [id=18940, stack(0x00000060dfc00000,0x00000060dfd00000) (1024K)]
  0x00000173eea8f120 WorkerThread "GC Thread#5"                     [id=18960, stack(0x00000060dfd00000,0x00000060dfe00000) (1024K)]
  0x00000173ef19b2c0 WorkerThread "GC Thread#6"                     [id=11688, stack(0x00000060dfe00000,0x00000060dff00000) (1024K)]
  0x00000173ef19d6e0 WorkerThread "GC Thread#7"                     [id=12476, stack(0x00000060dff00000,0x00000060e0000000) (1024K)]
  0x00000173ef9c2bd0 WorkerThread "GC Thread#8"                     [id=28856, stack(0x00000060e0400000,0x00000060e0500000) (1024K)]
  0x00000173ef9c3a50 WorkerThread "GC Thread#9"                     [id=11040, stack(0x00000060e0500000,0x00000060e0600000) (1024K)]
  0x00000173ef9c36b0 WorkerThread "GC Thread#10"                    [id=29976, stack(0x00000060e0600000,0x00000060e0700000) (1024K)]
  0x00000173ef9c20f0 WorkerThread "GC Thread#11"                    [id=21976, stack(0x00000060e0700000,0x00000060e0800000) (1024K)]
  0x00000173ef9c2490 WorkerThread "GC Thread#12"                    [id=29076, stack(0x00000060e0800000,0x00000060e0900000) (1024K)]
  0x000001738dbf9f40 ConcurrentGCThread "G1 Main Marker"            [id=29120, stack(0x00000060de500000,0x00000060de600000) (1024K)]
  0x000001738dbfb8c0 WorkerThread "G1 Conc#0"                       [id=25940, stack(0x00000060de600000,0x00000060de700000) (1024K)]
  0x00000173ef9c2f70 WorkerThread "G1 Conc#1"                       [id=11200, stack(0x00000060e0900000,0x00000060e0a00000) (1024K)]
  0x00000173ef9c3310 WorkerThread "G1 Conc#2"                       [id=29468, stack(0x00000060e0a00000,0x00000060e0b00000) (1024K)]
  0x00000173a83f64e0 ConcurrentGCThread "G1 Refine#0"               [id=8288, stack(0x00000060de700000,0x00000060de800000) (1024K)]
  0x00000173a83f7a20 ConcurrentGCThread "G1 Service"                [id=23444, stack(0x00000060de800000,0x00000060de900000) (1024K)]
Total: 21

Threads with active compile tasks:
C2 CompilerThread0  21615 5024       4       org.springframework.boot.context.properties.source.ConfigurationPropertyName::toString (46 bytes)
C2 CompilerThread1  21615 5060       4       org.springframework.boot.context.properties.source.SpringIterableConfigurationPropertySource::getConfigurationProperty (91 bytes)
Total: 2

VM state: not at safepoint (normal execution)

VM Mutex/Monitor currently owned by a thread: None

Heap address: 0x0000000705e00000, size: 4002 MB, Compressed Oops mode: Zero based, Oop shift amount: 3

CDS archive(s) mapped at: [0x00000173a9000000-0x00000173a9c80000-0x00000173a9c80000), size 13107200, SharedBaseAddress: 0x00000173a9000000, ArchiveRelocationMode: 1.
Compressed class space mapped at: 0x00000173aa000000-0x00000173ea000000, reserved size: 1073741824
Narrow klass base: 0x00000173a9000000, Narrow klass shift: 0, Narrow klass range: 0x100000000

GC Precious Log:
 CardTable entry size: 512
 Card Set container configuration: InlinePtr #cards 4 size 8 Array Of Cards #cards 16 size 48 Howl #buckets 8 coarsen threshold 3686 Howl Bitmap #cards 512 size 80 coarsen threshold 460 Card regions per heap region 1 cards per card region 4096
 CPUs: 16 total, 16 available
 Memory: 16003M
 Large Page Support: Disabled
 NUMA Support: Disabled
 Compressed Oops: Enabled (Zero based)
 Heap Region Size: 2M
 Heap Min Capacity: 8M
 Heap Initial Capacity: 252M
 Heap Max Capacity: 4002M
 Pre-touch: Disabled
 Parallel Workers: 13
 Concurrent Workers: 3
 Concurrent Refinement Workers: 13
 Periodic GC: Disabled

Heap:
 garbage-first heap   total 67584K, used 51299K [0x0000000705e00000, 0x0000000800000000)
  region size 2048K, 18 young (36864K), 2 survivors (4096K)
 Metaspace       used 41222K, committed 41728K, reserved 1114112K
  class space    used 5334K, committed 5568K, reserved 1048576K

Heap Regions: E=young(eden), S=young(survivor), O=old, HS=humongous(starts), HC=humongous(continues), CS=collection set, F=free, TAMS=top-at-mark-start, PB=parsable bottom
|   0|0x0000000705e00000, 0x0000000706000000, 0x0000000706000000|100%| O|  |TAMS 0x0000000705e00000| PB 0x0000000705e00000| Untracked 
|   1|0x0000000706000000, 0x0000000706200000, 0x0000000706200000|100%| O|  |TAMS 0x0000000706000000| PB 0x0000000706000000| Untracked 
|   2|0x0000000706200000, 0x0000000706400000, 0x0000000706400000|100%| O|  |TAMS 0x0000000706200000| PB 0x0000000706200000| Untracked 
|   3|0x0000000706400000, 0x00000007065a1348, 0x0000000706600000| 81%| O|Cm|TAMS 0x0000000706400000| PB 0x0000000706400000| Complete 
|   4|0x0000000706600000, 0x0000000706800000, 0x0000000706800000|100%| O|  |TAMS 0x0000000706600000| PB 0x0000000706600000| Untracked 
|   5|0x0000000706800000, 0x0000000706a00000, 0x0000000706a00000|100%| O|  |TAMS 0x0000000706800000| PB 0x0000000706800000| Untracked 
|   6|0x0000000706a00000, 0x0000000706c00000, 0x0000000706c00000|100%| O|  |TAMS 0x0000000706a00000| PB 0x0000000706a00000| Untracked 
|   7|0x0000000706c00000, 0x0000000706e00000, 0x0000000706e00000|100%| O|  |TAMS 0x0000000706c00000| PB 0x0000000706c00000| Untracked 
|   8|0x0000000706e00000, 0x0000000707000000, 0x0000000707000000|100%| O|  |TAMS 0x0000000706e00000| PB 0x0000000706e00000| Untracked 
|   9|0x0000000707000000, 0x0000000707129ea0, 0x0000000707200000| 58%| O|  |TAMS 0x0000000707000000| PB 0x0000000707000000| Untracked 
|  10|0x0000000707200000, 0x0000000707200000, 0x0000000707400000|  0%| F|  |TAMS 0x0000000707200000| PB 0x0000000707200000| Untracked 
|  11|0x0000000707400000, 0x0000000707400000, 0x0000000707600000|  0%| F|  |TAMS 0x0000000707400000| PB 0x0000000707400000| Untracked 
|  12|0x0000000707600000, 0x0000000707600000, 0x0000000707800000|  0%| F|  |TAMS 0x0000000707600000| PB 0x0000000707600000| Untracked 
|  13|0x0000000707800000, 0x0000000707800000, 0x0000000707a00000|  0%| F|  |TAMS 0x0000000707800000| PB 0x0000000707800000| Untracked 
|  14|0x0000000707a00000, 0x0000000707a00000, 0x0000000707c00000|  0%| F|  |TAMS 0x0000000707a00000| PB 0x0000000707a00000| Untracked 
|  15|0x0000000707c00000, 0x0000000707c09330, 0x0000000707e00000|  1%| E|  |TAMS 0x0000000707c00000| PB 0x0000000707c00000| Complete 
|  16|0x0000000707e00000, 0x0000000708000000, 0x0000000708000000|100%| E|CS|TAMS 0x0000000707e00000| PB 0x0000000707e00000| Complete 
|  17|0x0000000708000000, 0x0000000708200000, 0x0000000708200000|100%| E|CS|TAMS 0x0000000708000000| PB 0x0000000708000000| Complete 
|  18|0x0000000708200000, 0x0000000708400000, 0x0000000708400000|100%| E|  |TAMS 0x0000000708200000| PB 0x0000000708200000| Complete 
|  19|0x0000000708400000, 0x0000000708600000, 0x0000000708600000|100%| E|CS|TAMS 0x0000000708400000| PB 0x0000000708400000| Complete 
|  20|0x0000000708600000, 0x0000000708800000, 0x0000000708800000|100%| E|CS|TAMS 0x0000000708600000| PB 0x0000000708600000| Complete 
|  21|0x0000000708800000, 0x0000000708a00000, 0x0000000708a00000|100%| E|CS|TAMS 0x0000000708800000| PB 0x0000000708800000| Complete 
|  22|0x0000000708a00000, 0x0000000708c00000, 0x0000000708c00000|100%| E|CS|TAMS 0x0000000708a00000| PB 0x0000000708a00000| Complete 
|  23|0x0000000708c00000, 0x0000000708e00000, 0x0000000708e00000|100%| E|CS|TAMS 0x0000000708c00000| PB 0x0000000708c00000| Complete 
|  24|0x0000000708e00000, 0x0000000709000000, 0x0000000709000000|100%| E|CS|TAMS 0x0000000708e00000| PB 0x0000000708e00000| Complete 
|  25|0x0000000709000000, 0x0000000709200000, 0x0000000709200000|100%| E|CS|TAMS 0x0000000709000000| PB 0x0000000709000000| Complete 
|  26|0x0000000709200000, 0x0000000709400000, 0x0000000709400000|100%| E|CS|TAMS 0x0000000709200000| PB 0x0000000709200000| Complete 
|  27|0x0000000709400000, 0x000000070954ddf8, 0x0000000709600000| 65%| S|CS|TAMS 0x0000000709400000| PB 0x0000000709400000| Complete 
| 118|0x0000000714a00000, 0x0000000714c00000, 0x0000000714c00000|100%| S|CS|TAMS 0x0000000714a00000| PB 0x0000000714a00000| Complete 
| 119|0x0000000714c00000, 0x0000000714e00000, 0x0000000714e00000|100%| E|CS|TAMS 0x0000000714c00000| PB 0x0000000714c00000| Complete 
| 120|0x0000000714e00000, 0x0000000715000000, 0x0000000715000000|100%| E|CS|TAMS 0x0000000714e00000| PB 0x0000000714e00000| Complete 
| 121|0x0000000715000000, 0x0000000715200000, 0x0000000715200000|100%| E|CS|TAMS 0x0000000715000000| PB 0x0000000715000000| Complete 
| 125|0x0000000715800000, 0x0000000715a00000, 0x0000000715a00000|100%| E|CS|TAMS 0x0000000715800000| PB 0x0000000715800000| Complete 

Card table byte_map: [0x00000173a1570000,0x00000173a1d50000] _byte_map_base: 0x000001739dd41000

Marking Bits: (CMBitMap*) 0x000001738dbe9c50
 Bits: [0x00000173a1d50000, 0x00000173a5bd8000)

Polling page: 0x000001738b970000

Metaspace:

Usage:
  Non-class:     35.05 MB used.
      Class:      5.21 MB used.
       Both:     40.26 MB used.

Virtual space:
  Non-class space:       64.00 MB reserved,      35.31 MB ( 55%) committed,  1 nodes.
      Class space:        1.00 GB reserved,       5.44 MB ( <1%) committed,  1 nodes.
             Both:        1.06 GB reserved,      40.75 MB (  4%) committed. 

Chunk freelists:
   Non-Class:  12.00 MB
       Class:  10.56 MB
        Both:  22.56 MB

MaxMetaspaceSize: unlimited
CompressedClassSpaceSize: 1.00 GB
Initial GC threshold: 21.00 MB
Current GC threshold: 58.88 MB
CDS: on
 - commit_granule_bytes: 65536.
 - commit_granule_words: 8192.
 - virtual_space_node_default_size: 8388608.
 - enlarge_chunks_in_place: 1.
 - use_allocation_guard: 0.


Internal statistics:

num_allocs_failed_limit: 6.
num_arena_births: 752.
num_arena_deaths: 0.
num_vsnodes_births: 2.
num_vsnodes_deaths: 0.
num_space_committed: 652.
num_space_uncommitted: 0.
num_chunks_returned_to_freelist: 6.
num_chunks_taken_from_freelist: 2237.
num_chunk_merges: 6.
num_chunk_splits: 1548.
num_chunks_enlarged: 1163.
num_inconsistent_stats: 0.

CodeHeap 'non-profiled nmethods': size=119168Kb used=3093Kb max_used=3093Kb free=116074Kb
 bounds [0x00000173990b0000, 0x00000173993c0000, 0x00000173a0510000]
CodeHeap 'profiled nmethods': size=119104Kb used=9956Kb max_used=9956Kb free=109147Kb
 bounds [0x0000017391510000, 0x0000017391ed0000, 0x0000017398960000]
CodeHeap 'non-nmethods': size=7488Kb used=3140Kb max_used=3185Kb free=4347Kb
 bounds [0x0000017398960000, 0x0000017398c90000, 0x00000173990b0000]
CodeCache: size=245760Kb, used=16189Kb, max_used=16234Kb, free=229568Kb
 total_blobs=5308, nmethods=4702, adapters=506, full_count=0
Compilation: enabled, stopped_count=0, restarted_count=0

Compilation events (20 events):
Event: 19.558 Thread 0x00000173a8e03950 5052   !   3       org.springframework.context.annotation.CommonAnnotationBeanPostProcessor::findResourceMetadata (124 bytes)
Event: 19.558 Thread 0x00000173ef2dbe10 nmethod 5050 0x0000017391ec0290 code [0x0000017391ec0480, 0x0000017391ec0ad8]
Event: 19.558 Thread 0x00000173ef2dbe10 5056       3       org.springframework.beans.factory.support.AbstractBeanFactory::getMergedBeanDefinition (48 bytes)
Event: 19.558 Thread 0x00000173a8df4250 nmethod 5055 0x0000017391ec0c90 code [0x0000017391ec0ea0, 0x0000017391ec15c8]
Event: 19.558 Thread 0x00000173a8df4250 5053   !   3       org.springframework.beans.factory.annotation.AutowiredAnnotationBeanPostProcessor::findAutowiringMetadata (124 bytes)
Event: 19.559 Thread 0x00000173a8c35c60 nmethod 5051 0x0000017391ec1810 code [0x0000017391ec1b00, 0x0000017391ec2a20]
Event: 19.559 Thread 0x00000173a8c35c60 5054       3       org.springframework.beans.factory.annotation.InjectionMetadata::needsRefresh (14 bytes)
Event: 19.559 Thread 0x00000173a8e03950 nmethod 5052 0x0000017391ec2e90 code [0x0000017391ec3140, 0x0000017391ec4010]
Event: 19.559 Thread 0x00000173ef2dbe10 nmethod 5056 0x0000017391ec4610 code [0x0000017391ec4880, 0x0000017391ec5600]
Event: 19.559 Thread 0x00000173ef2dbe10 5057       1       java.lang.ThreadLocal::initialValue (2 bytes)
Event: 19.559 Thread 0x00000173a8c35c60 nmethod 5054 0x0000017391ec5990 code [0x0000017391ec5b20, 0x0000017391ec5c88]
Event: 19.559 Thread 0x00000173ef2dbe10 nmethod 5057 0x00000173993b5110 code [0x00000173993b52a0, 0x00000173993b5370]
Event: 19.559 Thread 0x00000173a8df4250 nmethod 5053 0x0000017391ec5d10 code [0x0000017391ec5fc0, 0x0000017391ec6e90]
Event: 19.560 Thread 0x00000173a8df4250 5058       1       org.springframework.context.annotation.CommonAnnotationBeanPostProcessor::postProcessBeforeInstantiation (2 bytes)
Event: 19.560 Thread 0x00000173a8df4250 nmethod 5058 0x00000173993b5410 code [0x00000173993b55a0, 0x00000173993b5670]
Event: 19.562 Thread 0x00000173a8c35c60 5059       3       org.springframework.boot.context.properties.source.ConfigurationPropertyName::getElement (161 bytes)
Event: 19.562 Thread 0x00000173f019da10 5060       4       org.springframework.boot.context.properties.source.SpringIterableConfigurationPropertySource::getConfigurationProperty (91 bytes)
Event: 19.563 Thread 0x00000173a8df4250 5062       3       org.springframework.boot.context.properties.source.ConfigurationPropertyName::convertElement (87 bytes)
Event: 19.563 Thread 0x00000173a8c35c60 nmethod 5059 0x0000017391ec7490 code [0x0000017391ec77e0, 0x0000017391ec8a18]
Event: 19.564 Thread 0x00000173a8df4250 nmethod 5062 0x0000017391ec9010 code [0x0000017391ec9280, 0x0000017391ec9c40]

GC Heap History (16 events):
Event: 0.934 GC heap before
{Heap before GC invocations=0 (full 0):
 garbage-first heap   total 258048K, used 20480K [0x0000000705e00000, 0x0000000800000000)
  region size 2048K, 11 young (22528K), 0 survivors (0K)
 Metaspace       used 3532K, committed 3712K, reserved 1114112K
  class space    used 380K, committed 448K, reserved 1048576K
}
Event: 0.939 GC heap after
{Heap after GC invocations=1 (full 0):
 garbage-first heap   total 258048K, used 7378K [0x0000000705e00000, 0x0000000800000000)
  region size 2048K, 2 young (4096K), 2 survivors (4096K)
 Metaspace       used 3532K, committed 3712K, reserved 1114112K
  class space    used 380K, committed 448K, reserved 1048576K
}
Event: 1.413 GC heap before
{Heap before GC invocations=1 (full 0):
 garbage-first heap   total 258048K, used 27858K [0x0000000705e00000, 0x0000000800000000)
  region size 2048K, 13 young (26624K), 2 survivors (4096K)
 Metaspace       used 6918K, committed 7104K, reserved 1114112K
  class space    used 769K, committed 832K, reserved 1048576K
}
Event: 1.420 GC heap after
{Heap after GC invocations=2 (full 0):
 garbage-first heap   total 258048K, used 11863K [0x0000000705e00000, 0x0000000800000000)
  region size 2048K, 2 young (4096K), 2 survivors (4096K)
 Metaspace       used 6918K, committed 7104K, reserved 1114112K
  class space    used 769K, committed 832K, reserved 1048576K
}
Event: 5.362 GC heap before
{Heap before GC invocations=2 (full 0):
 garbage-first heap   total 258048K, used 61015K [0x0000000705e00000, 0x0000000800000000)
  region size 2048K, 26 young (53248K), 2 survivors (4096K)
 Metaspace       used 19890K, committed 20288K, reserved 1114112K
  class space    used 2447K, committed 2624K, reserved 1048576K
}
Event: 5.370 GC heap after
{Heap after GC invocations=3 (full 0):
 garbage-first heap   total 258048K, used 16004K [0x0000000705e00000, 0x0000000800000000)
  region size 2048K, 4 young (8192K), 4 survivors (8192K)
 Metaspace       used 19890K, committed 20288K, reserved 1114112K
  class space    used 2447K, committed 2624K, reserved 1048576K
}
Event: 5.483 GC heap before
{Heap before GC invocations=3 (full 0):
 garbage-first heap   total 258048K, used 22148K [0x0000000705e00000, 0x0000000800000000)
  region size 2048K, 8 young (16384K), 4 survivors (8192K)
 Metaspace       used 21207K, committed 21504K, reserved 1114112K
  class space    used 2625K, committed 2752K, reserved 1048576K
}
Event: 5.488 GC heap after
{Heap after GC invocations=4 (full 0):
 garbage-first heap   total 258048K, used 16004K [0x0000000705e00000, 0x0000000800000000)
  region size 2048K, 4 young (8192K), 4 survivors (8192K)
 Metaspace       used 21207K, committed 21504K, reserved 1114112K
  class space    used 2625K, committed 2752K, reserved 1048576K
}
Event: 6.762 GC heap before
{Heap before GC invocations=5 (full 0):
 garbage-first heap   total 55296K, used 54916K [0x0000000705e00000, 0x0000000800000000)
  region size 2048K, 23 young (47104K), 4 survivors (8192K)
 Metaspace       used 28542K, committed 28992K, reserved 1114112K
  class space    used 3602K, committed 3840K, reserved 1048576K
}
Event: 6.772 GC heap after
{Heap after GC invocations=6 (full 0):
 garbage-first heap   total 67584K, used 18421K [0x0000000705e00000, 0x0000000800000000)
  region size 2048K, 6 young (12288K), 6 survivors (12288K)
 Metaspace       used 28542K, committed 28992K, reserved 1114112K
  class space    used 3602K, committed 3840K, reserved 1048576K
}
Event: 10.066 GC heap before
{Heap before GC invocations=6 (full 0):
 garbage-first heap   total 67584K, used 45045K [0x0000000705e00000, 0x0000000800000000)
  region size 2048K, 19 young (38912K), 6 survivors (12288K)
 Metaspace       used 30144K, committed 30592K, reserved 1114112K
  class space    used 3759K, committed 3968K, reserved 1048576K
}
Event: 10.083 GC heap after
{Heap after GC invocations=7 (full 0):
 garbage-first heap   total 67584K, used 19173K [0x0000000705e00000, 0x0000000800000000)
  region size 2048K, 3 young (6144K), 3 survivors (6144K)
 Metaspace       used 30144K, committed 30592K, reserved 1114112K
  class space    used 3759K, committed 3968K, reserved 1048576K
}
Event: 15.460 GC heap before
{Heap before GC invocations=7 (full 0):
 garbage-first heap   total 67584K, used 51941K [0x0000000705e00000, 0x0000000800000000)
  region size 2048K, 19 young (38912K), 3 survivors (6144K)
 Metaspace       used 33736K, committed 34176K, reserved 1114112K
  class space    used 4288K, committed 4480K, reserved 1048576K
}
Event: 15.477 GC heap after
{Heap after GC invocations=8 (full 0):
 garbage-first heap   total 67584K, used 21836K [0x0000000705e00000, 0x0000000800000000)
  region size 2048K, 3 young (6144K), 3 survivors (6144K)
 Metaspace       used 33736K, committed 34176K, reserved 1114112K
  class space    used 4288K, committed 4480K, reserved 1048576K
}
Event: 16.867 GC heap before
{Heap before GC invocations=8 (full 0):
 garbage-first heap   total 67584K, used 27980K [0x0000000705e00000, 0x0000000800000000)
  region size 2048K, 7 young (14336K), 3 survivors (6144K)
 Metaspace       used 35639K, committed 36096K, reserved 1114112K
  class space    used 4536K, committed 4736K, reserved 1048576K
}
Event: 16.878 GC heap after
{Heap after GC invocations=9 (full 0):
 garbage-first heap   total 67584K, used 22627K [0x0000000705e00000, 0x0000000800000000)
  region size 2048K, 2 young (4096K), 2 survivors (4096K)
 Metaspace       used 35639K, committed 36096K, reserved 1114112K
  class space    used 4536K, committed 4736K, reserved 1048576K
}

Dll operation events (7 events):
Event: 0.018 Loaded shared library D:\sts-4.32.2.RELEASE\plugins\org.eclipse.justj.openjdk.hotspot.jre.full.win32.x86_64_21.0.9.v20251105-0741\jre\bin\java.dll
Event: 0.070 Loaded shared library D:\sts-4.32.2.RELEASE\plugins\org.eclipse.justj.openjdk.hotspot.jre.full.win32.x86_64_21.0.9.v20251105-0741\jre\bin\zip.dll
Event: 0.315 Loaded shared library D:\sts-4.32.2.RELEASE\plugins\org.eclipse.justj.openjdk.hotspot.jre.full.win32.x86_64_21.0.9.v20251105-0741\jre\bin\net.dll
Event: 0.317 Loaded shared library D:\sts-4.32.2.RELEASE\plugins\org.eclipse.justj.openjdk.hotspot.jre.full.win32.x86_64_21.0.9.v20251105-0741\jre\bin\nio.dll
Event: 0.319 Loaded shared library D:\sts-4.32.2.RELEASE\plugins\org.eclipse.justj.openjdk.hotspot.jre.full.win32.x86_64_21.0.9.v20251105-0741\jre\bin\zip.dll
Event: 0.502 Loaded shared library D:\sts-4.32.2.RELEASE\plugins\org.eclipse.justj.openjdk.hotspot.jre.full.win32.x86_64_21.0.9.v20251105-0741\jre\bin\jimage.dll
Event: 3.310 Loaded shared library D:\sts-4.32.2.RELEASE\plugins\org.eclipse.justj.openjdk.hotspot.jre.full.win32.x86_64_21.0.9.v20251105-0741\jre\bin\extnet.dll

Deoptimization events (20 events):
Event: 19.526 Thread 0x000001738db813f0 DEOPT PACKING pc=0x000001739936c354 sp=0x00000060de3fd580
Event: 19.526 Thread 0x000001738db813f0 DEOPT UNPACKING pc=0x00000173989b4422 sp=0x00000060de3fd578 mode 2
Event: 19.539 Thread 0x000001738db813f0 Uncommon trap: trap_request=0xffffff45 fr.pc=0x0000017399242ca4 relative=0x00000000000016c4
Event: 19.539 Thread 0x000001738db813f0 Uncommon trap: reason=unstable_if action=reinterpret pc=0x0000017399242ca4 method=java.util.HashMap.putVal(ILjava/lang/Object;Ljava/lang/Object;ZZ)Ljava/lang/Object; @ 94 c2
Event: 19.539 Thread 0x000001738db813f0 DEOPT PACKING pc=0x0000017399242ca4 sp=0x00000060de3fc3b0
Event: 19.539 Thread 0x000001738db813f0 DEOPT UNPACKING pc=0x00000173989b4422 sp=0x00000060de3fc280 mode 2
Event: 19.541 Thread 0x000001738db813f0 Uncommon trap: trap_request=0xffffff45 fr.pc=0x0000017399285c3c relative=0x000000000000163c
Event: 19.541 Thread 0x000001738db813f0 Uncommon trap: reason=unstable_if action=reinterpret pc=0x0000017399285c3c method=org.springframework.boot.context.properties.source.ConfigurationPropertyName.getElement(ILorg/springframework/boot/context/properties/source/ConfigurationPropertyName$Form;)
Event: 19.541 Thread 0x000001738db813f0 DEOPT PACKING pc=0x0000017399285c3c sp=0x00000060de3fbf10
Event: 19.541 Thread 0x000001738db813f0 DEOPT UNPACKING pc=0x00000173989b4422 sp=0x00000060de3fbef0 mode 2
Event: 19.549 Thread 0x000001738db813f0 Uncommon trap: trap_request=0xffffff45 fr.pc=0x00000173991875c8 relative=0x00000000000001c8
Event: 19.549 Thread 0x000001738db813f0 Uncommon trap: reason=unstable_if action=reinterpret pc=0x00000173991875c8 method=sun.reflect.annotation.AnnotationInvocationHandler.invoke(Ljava/lang/Object;Ljava/lang/reflect/Method;[Ljava/lang/Object;)Ljava/lang/Object; @ 15 c2
Event: 19.549 Thread 0x000001738db813f0 DEOPT PACKING pc=0x00000173991875c8 sp=0x00000060de3fbb00
Event: 19.549 Thread 0x000001738db813f0 DEOPT UNPACKING pc=0x00000173989b4422 sp=0x00000060de3fba98 mode 2
Event: 19.557 Thread 0x000001738db813f0 DEOPT PACKING pc=0x0000017391e9ffc1 sp=0x00000060de3fc8f0
Event: 19.557 Thread 0x000001738db813f0 DEOPT UNPACKING pc=0x00000173989b4bc2 sp=0x00000060de3fbe90 mode 0
Event: 19.562 Thread 0x000001738db813f0 Uncommon trap: trap_request=0xfffffff4 fr.pc=0x00000173993a5c7c relative=0x000000000000033c
Event: 19.562 Thread 0x000001738db813f0 Uncommon trap: reason=null_check action=make_not_entrant pc=0x00000173993a5c7c method=sun.invoke.util.VerifyType.isNullConversion(Ljava/lang/Class;Ljava/lang/Class;Z)Z @ 67 c2
Event: 19.562 Thread 0x000001738db813f0 DEOPT PACKING pc=0x00000173993a5c7c sp=0x00000060de3fcc00
Event: 19.562 Thread 0x000001738db813f0 DEOPT UNPACKING pc=0x00000173989b4422 sp=0x00000060de3fcb80 mode 2

Classes loaded (20 events):
Event: 18.802 Loading class java/util/EnumMap$EnumMapIterator done
Event: 18.803 Loading class java/util/EnumMap$EntryIterator done
Event: 18.895 Loading class java/lang/SafeVarargs
Event: 18.895 Loading class java/lang/SafeVarargs done
Event: 19.038 Loading class java/util/WeakHashMap$EntrySet
Event: 19.038 Loading class java/util/WeakHashMap$EntrySet done
Event: 19.038 Loading class java/util/WeakHashMap$EntryIterator
Event: 19.038 Loading class java/util/WeakHashMap$HashIterator
Event: 19.038 Loading class java/util/WeakHashMap$HashIterator done
Event: 19.038 Loading class java/util/WeakHashMap$EntryIterator done
Event: 19.171 Loading class java/io/StringWriter
Event: 19.172 Loading class java/io/StringWriter done
Event: 19.361 Loading class java/nio/charset/CoderMalfunctionError
Event: 19.361 Loading class java/nio/charset/CoderMalfunctionError done
Event: 19.480 Loading class sun/reflect/generics/reflectiveObjects/GenericArrayTypeImpl
Event: 19.480 Loading class sun/reflect/generics/reflectiveObjects/GenericArrayTypeImpl done
Event: 19.514 Loading class jdk/internal/reflect/MethodHandleIntegerFieldAccessorImpl
Event: 19.514 Loading class jdk/internal/reflect/MethodHandleIntegerFieldAccessorImpl done
Event: 19.549 Loading class sun/reflect/annotation/AnnotationInvocationHandler$1
Event: 19.549 Loading class sun/reflect/annotation/AnnotationInvocationHandler$1 done

Classes unloaded (0 events):
No events

Classes redefined (0 events):
No events

Internal exceptions (20 events):
Event: 16.974 Thread 0x000001738db813f0 Exception <a 'sun/nio/fs/WindowsException'{0x00000007158c71d8}> (0x00000007158c71d8) 
thrown [s\src\hotspot\share\prims\jni.cpp, line 520]
Event: 16.998 Thread 0x000001738db813f0 Exception <a 'sun/nio/fs/WindowsException'{0x00000007158c7a48}> (0x00000007158c7a48) 
thrown [s\src\hotspot\share\prims\jni.cpp, line 520]
Event: 17.503 Thread 0x000001738db813f0 Exception <a 'java/lang/NoSuchMethodError'{0x0000000714e0dfe0}: 'java.lang.Object java.lang.invoke.DirectMethodHandle$Holder.invokeVirtual(java.lang.Object, java.lang.Object, int)'> (0x0000000714e0dfe0) 
thrown [s\src\hotspot\share\interpreter\linkResolver.cpp, line 773]
Event: 17.597 Thread 0x000001738db813f0 Exception <a 'java/lang/NoSuchMethodError'{0x0000000714f3fbf8}: 'java.lang.Object java.lang.invoke.DirectMethodHandle$Holder.invokeVirtual(java.lang.Object, java.lang.Object, java.lang.Object, java.lang.Object, java.lang.Object)'> (0x0000000714f3fbf8) 
thrown [s\src\hotspot\share\interpreter\linkResolver.cpp, line 773]
Event: 17.634 Thread 0x000001738db813f0 Exception <a 'java/lang/NoSuchMethodError'{0x0000000714fd6960}: 'void java.lang.invoke.DirectMethodHandle$Holder.invokeVirtual(java.lang.Object, java.lang.Object, long)'> (0x0000000714fd6960) 
thrown [s\src\hotspot\share\interpreter\linkResolver.cpp, line 773]
Event: 17.883 Thread 0x000001738db813f0 Exception <a 'java/lang/NoSuchMethodError'{0x0000000709015d70}: 'void java.lang.invoke.DirectMethodHandle$Holder.invokeInterface(java.lang.Object, java.lang.Object, int, java.lang.Object)'> (0x0000000709015d70) 
thrown [s\src\hotspot\share\interpreter\linkResolver.cpp, line 773]
Event: 17.885 Thread 0x000001738db813f0 Exception <a 'java/lang/NoSuchMethodError'{0x0000000709019700}: 'void java.lang.invoke.DelegatingMethodHandle$Holder.reinvoke_L(java.lang.Object, java.lang.Object, int, java.lang.Object)'> (0x0000000709019700) 
thrown [s\src\hotspot\share\interpreter\linkResolver.cpp, line 773]
Event: 17.938 Thread 0x000001738db813f0 Exception <a 'java/lang/NoSuchMethodError'{0x00000007090a0938}: 'int java.lang.invoke.DirectMethodHandle$Holder.invokeStaticInit(java.lang.Object, int, java.lang.Object, java.lang.Object, java.lang.Object, java.lang.Object)'> (0x00000007090a0938) 
thrown [s\src\hotspot\share\interpreter\linkResolver.cpp, line 773]
Event: 18.012 Thread 0x000001738db813f0 Exception <a 'java/lang/NoSuchMethodError'{0x00000007091f3dd0}: 'java.lang.Object java.lang.invoke.Invokers$Holder.invoker(java.lang.Object, java.lang.Object, java.lang.Object, java.lang.Object, java.lang.Object, java.lang.Object, java.lang.Object, java.lang.Object, java.lang.Object, java.lang.Object, java.lang.Object, java.lang.Object, java.lang.Object, java.lang.Object)'> (0x00000007091f3dd0) 
thrown [s\src\hotspot\share\interpreter\linkResolver.cpp, line 773]
Event: 18.012 Thread 0x000001738db813f0 Exception <a 'java/lang/NoSuchMethodError'{0x00000007091fe298}: 'java.lang.Object java.lang.invoke.DelegatingMethodHandle$Holder.delegate(java.lang.Object, java.lang.Object, java.lang.Object, java.lang.Object, java.lang.Object, java.lang.Object, java.lang.Object, java.lang.Object, java.lang.Object, java.lang.Object, java.lang.Object, java.lang.Object, java.lang.Object, java.lang.Object)'> (0x00000007091fe298) 
thrown [s\src\hotspot\share\interpreter\linkResolver.cpp, line 773]
Event: 18.014 Thread 0x000001738db813f0 Exception <a 'java/lang/NoSuchMethodError'{0x0000000708e09348}: 'int java.lang.invoke.DirectMethodHandle$Holder.invokeSpecial(java.lang.Object, java.lang.Object, int)'> (0x0000000708e09348) 
thrown [s\src\hotspot\share\interpreter\linkResolver.cpp, line 773]
Event: 18.267 Thread 0x000001738db813f0 Exception <a 'java/lang/NoSuchMethodError'{0x0000000708fc86a0}: 'java.lang.Object java.lang.invoke.DirectMethodHandle$Holder.invokeStatic(java.lang.Object, java.lang.Object, int, java.lang.Object)'> (0x0000000708fc86a0) 
thrown [s\src\hotspot\share\interpreter\linkResolver.cpp, line 773]
Event: 18.268 Thread 0x000001738db813f0 Exception <a 'java/lang/NoSuchMethodError'{0x0000000708fced00}: 'java.lang.Object java.lang.invoke.DirectMethodHandle$Holder.newInvokeSpecial(java.lang.Object, java.lang.Object, int)'> (0x0000000708fced00) 
thrown [s\src\hotspot\share\interpreter\linkResolver.cpp, line 773]
Event: 18.803 Thread 0x000001738db813f0 Exception <a 'java/lang/NoSuchMethodError'{0x0000000708df7228}: 'java.lang.Object java.lang.invoke.DirectMethodHandle$Holder.invokeVirtual(java.lang.Object, java.lang.Object, java.lang.Object, int)'> (0x0000000708df7228) 
thrown [s\src\hotspot\share\interpreter\linkResolver.cpp, line 773]
Event: 19.094 Thread 0x000001738db813f0 Exception <a 'java/lang/NoSuchMethodError'{0x00000007087e6920}: 'java.lang.Object java.lang.invoke.DirectMethodHandle$Holder.invokeInterface(java.lang.Object, java.lang.Object, java.lang.Object, java.lang.Object)'> (0x00000007087e6920) 
thrown [s\src\hotspot\share\interpreter\linkResolver.cpp, line 773]
Event: 19.232 Thread 0x000001738db813f0 Exception <a 'java/lang/NoSuchMethodError'{0x00000007085344b0}: 'java.lang.Object java.lang.invoke.DirectMethodHandle$Holder.newInvokeSpecial(java.lang.Object, java.lang.Object, java.lang.Object, java.lang.Object, java.lang.Object, java.lang.Object, java.lang.Object, java.lang.Object, java.lang.Object, java.lang.Object, java.lang.Object, java.lang.Object)'> (0x00000007085344b0) 
thrown [s\src\hotspot\share\interpreter\linkResolver.cpp, line 773]
Event: 19.232 Thread 0x000001738db813f0 Exception <a 'java/lang/NoSuchMethodError'{0x00000007085394e0}: 'java.lang.Object java.lang.invoke.DirectMethodHandle$Holder.invokeSpecial(java.lang.Object, java.lang.Object, java.lang.Object, java.lang.Object, java.lang.Object, java.lang.Object, java.lang.Object, java.lang.Object, java.lang.Object, java.lang.Object, java.lang.Object, java.lang.Object, java.lang.Object)'> (0x00000007085394e0) 
thrown [s\src\hotspot\share\interpreter\linkResolver.cpp, line 773]
Event: 19.491 Thread 0x000001738db813f0 Implicit null exception at 0x00000173991bafba to 0x00000173991bb1e4
Event: 19.514 Thread 0x000001738db813f0 Exception <a 'java/lang/NoSuchMethodError'{0x0000000708196f80}: 'void java.lang.invoke.Invokers$Holder.invokeExact_MT(java.lang.Object, java.lang.Object, int, java.lang.Object)'> (0x0000000708196f80) 
thrown [s\src\hotspot\share\interpreter\linkResolver.cpp, line 773]
Event: 19.562 Thread 0x000001738db813f0 Implicit null exception at 0x00000173993a59f7 to 0x00000173993a5c68

ZGC Phase Switch (0 events):
No events

VM Operations (20 events):
Event: 15.477 Executing VM operation: G1CollectForAllocation (G1 Evacuation Pause) done
Event: 16.481 Executing VM operation: Cleanup
Event: 16.481 Executing VM operation: Cleanup done
Event: 16.867 Executing VM operation: CollectForMetadataAllocation (Metadata GC Threshold)
Event: 16.878 Executing VM operation: CollectForMetadataAllocation (Metadata GC Threshold) done
Event: 16.893 Executing VM operation: G1PauseRemark
Event: 16.902 Executing VM operation: G1PauseRemark done
Event: 16.908 Executing VM operation: G1PauseCleanup
Event: 16.922 Executing VM operation: G1PauseCleanup done
Event: 17.309 Executing VM operation: HandshakeAllThreads (Deoptimize)
Event: 17.309 Executing VM operation: HandshakeAllThreads (Deoptimize) done
Event: 18.018 Executing VM operation: HandshakeAllThreads (Deoptimize)
Event: 18.018 Executing VM operation: HandshakeAllThreads (Deoptimize) done
Event: 18.018 Executing VM operation: Cleanup
Event: 18.018 Executing VM operation: Cleanup done
Event: 19.021 Executing VM operation: Cleanup
Event: 19.021 Executing VM operation: Cleanup done
Event: 19.542 Executing VM operation: HandshakeAllThreads (Deoptimize)
Event: 19.542 Executing VM operation: HandshakeAllThreads (Deoptimize) done
Event: 20.548 Executing VM operation: Cleanup

Memory protections (0 events):
No events

Nmethod flushes (20 events):
Event: 16.901 Thread 0x00000173a853ed70 flushing  nmethod 0x00000173917da890
Event: 16.901 Thread 0x00000173a853ed70 flushing  nmethod 0x00000173917dac10
Event: 16.901 Thread 0x00000173a853ed70 flushing  nmethod 0x00000173917f1b10
Event: 16.901 Thread 0x00000173a853ed70 flushing  nmethod 0x00000173917f2410
Event: 16.901 Thread 0x00000173a853ed70 flushing  nmethod 0x0000017391832a90
Event: 16.901 Thread 0x00000173a853ed70 flushing  nmethod 0x000001739183ac90
Event: 16.901 Thread 0x00000173a853ed70 flushing  nmethod 0x0000017391870e10
Event: 16.901 Thread 0x00000173a853ed70 flushing  nmethod 0x0000017391875510
Event: 16.901 Thread 0x00000173a853ed70 flushing  nmethod 0x000001739187eb10
Event: 16.901 Thread 0x00000173a853ed70 flushing  nmethod 0x000001739187ef90
Event: 16.901 Thread 0x00000173a853ed70 flushing  nmethod 0x000001739187f590
Event: 16.901 Thread 0x00000173a853ed70 flushing  nmethod 0x0000017391884090
Event: 16.901 Thread 0x00000173a853ed70 flushing  nmethod 0x0000017391892a10
Event: 16.901 Thread 0x00000173a853ed70 flushing  nmethod 0x00000173918c0910
Event: 16.901 Thread 0x00000173a853ed70 flushing  nmethod 0x00000173918c1690
Event: 16.902 Thread 0x00000173a853ed70 flushing  nmethod 0x00000173918c2410
Event: 16.902 Thread 0x00000173a853ed70 flushing  nmethod 0x00000173918c7e90
Event: 16.902 Thread 0x00000173a853ed70 flushing  nmethod 0x0000017391927f90
Event: 16.902 Thread 0x00000173a853ed70 flushing  nmethod 0x0000017391937190
Event: 16.902 Thread 0x00000173a853ed70 flushing  nmethod 0x000001739193b210

Events (20 events):
Event: 6.436 Thread 0x00000173ef9b1810 Thread exited: 0x00000173ef9b1810
Event: 6.533 Thread 0x00000173ef995380 Thread exited: 0x00000173ef995380
Event: 6.554 Thread 0x00000173ef3850d0 Thread exited: 0x00000173ef3850d0
Event: 9.441 Thread 0x00000173a8c35c60 Thread added: 0x00000173eeece1c0
Event: 9.871 Thread 0x00000173eeece1c0 Thread exited: 0x00000173eeece1c0
Event: 12.007 Thread 0x00000173a8df4250 Thread added: 0x00000173ef526de0
Event: 12.367 Thread 0x00000173ef526de0 Thread exited: 0x00000173ef526de0
Event: 12.985 Thread 0x00000173a8df4250 Thread added: 0x00000173f1cf9fd0
Event: 13.505 Thread 0x00000173f1cf9fd0 Thread exited: 0x00000173f1cf9fd0
Event: 14.318 Thread 0x00000173a8c35c60 Thread added: 0x00000173a8cff510
Event: 15.318 Thread 0x00000173a8c35c60 Thread added: 0x00000173f16c3cb0
Event: 15.959 Thread 0x00000173f16c3cb0 Thread exited: 0x00000173f16c3cb0
Event: 16.975 Thread 0x00000173a8cff510 Thread exited: 0x00000173a8cff510
Event: 17.416 Thread 0x000001738db813f0 Thread added: 0x00000173a8cff510
Event: 17.596 Thread 0x00000173a8df4250 Thread added: 0x00000173f111f010
Event: 18.178 Thread 0x00000173ef2dbe10 Thread added: 0x00000173f2830550
Event: 18.442 Thread 0x00000173f2830550 Thread exited: 0x00000173f2830550
Event: 18.442 Thread 0x00000173f111f010 Thread exited: 0x00000173f111f010
Event: 18.879 Thread 0x00000173a8df4250 Thread added: 0x00000173f019da10
Event: 19.522 Thread 0x000001738db813f0 Thread added: 0x00000173f111f010


Dynamic libraries:
0x00007ff7efff0000 - 0x00007ff7efffe000 	D:\sts-4.32.2.RELEASE\plugins\org.eclipse.justj.openjdk.hotspot.jre.full.win32.x86_64_21.0.9.v20251105-0741\jre\bin\javaw.exe
0x00007fffc7f00000 - 0x00007fffc8168000 	C:\WINDOWS\SYSTEM32\ntdll.dll
0x00007fffc7140000 - 0x00007fffc7209000 	C:\WINDOWS\System32\KERNEL32.DLL
0x00007fffc5100000 - 0x00007fffc54f8000 	C:\WINDOWS\System32\KERNELBASE.dll
0x00007fffc5b50000 - 0x00007fffc5c9b000 	C:\WINDOWS\System32\ucrtbase.dll
0x00007fffaffb0000 - 0x00007fffaffc8000 	D:\sts-4.32.2.RELEASE\plugins\org.eclipse.justj.openjdk.hotspot.jre.full.win32.x86_64_21.0.9.v20251105-0741\jre\bin\jli.dll
0x00007fffb0160000 - 0x00007fffb017e000 	D:\sts-4.32.2.RELEASE\plugins\org.eclipse.justj.openjdk.hotspot.jre.full.win32.x86_64_21.0.9.v20251105-0741\jre\bin\VCRUNTIME140.dll
0x00007fffc7210000 - 0x00007fffc73d7000 	C:\WINDOWS\System32\USER32.dll
0x00007fffc5960000 - 0x00007fffc5987000 	C:\WINDOWS\System32\win32u.dll
0x00007fffc7ae0000 - 0x00007fffc7b0b000 	C:\WINDOWS\System32\GDI32.dll
0x00007fffab550000 - 0x00007fffab7e4000 	C:\WINDOWS\WinSxS\amd64_microsoft.windows.common-controls_6595b64144ccf1df_6.0.26100.7019_none_3e06ffa0e335b8a8\COMCTL32.dll
0x00007fffc5a20000 - 0x00007fffc5b4c000 	C:\WINDOWS\System32\gdi32full.dll
0x00007fffc7bc0000 - 0x00007fffc7c69000 	C:\WINDOWS\System32\msvcrt.dll
0x00007fffc5500000 - 0x00007fffc55a3000 	C:\WINDOWS\System32\msvcp_win.dll
0x00007fffc7b10000 - 0x00007fffc7b41000 	C:\WINDOWS\System32\IMM32.DLL
0x00007fffbd260000 - 0x00007fffbd26c000 	D:\sts-4.32.2.RELEASE\plugins\org.eclipse.justj.openjdk.hotspot.jre.full.win32.x86_64_21.0.9.v20251105-0741\jre\bin\vcruntime140_1.dll
0x00007fff84020000 - 0x00007fff840ad000 	D:\sts-4.32.2.RELEASE\plugins\org.eclipse.justj.openjdk.hotspot.jre.full.win32.x86_64_21.0.9.v20251105-0741\jre\bin\msvcp140.dll
0x00007ffefe8e0000 - 0x00007ffeff680000 	D:\sts-4.32.2.RELEASE\plugins\org.eclipse.justj.openjdk.hotspot.jre.full.win32.x86_64_21.0.9.v20251105-0741\jre\bin\server\jvm.dll
0x00007fffc5de0000 - 0x00007fffc5e94000 	C:\WINDOWS\System32\ADVAPI32.dll
0x00007fffc5d30000 - 0x00007fffc5dd6000 	C:\WINDOWS\System32\sechost.dll
0x00007fffc6110000 - 0x00007fffc6228000 	C:\WINDOWS\System32\RPCRT4.dll
0x00007fffc75c0000 - 0x00007fffc7634000 	C:\WINDOWS\System32\WS2_32.dll
0x00007fffc4eb0000 - 0x00007fffc4f0e000 	C:\WINDOWS\SYSTEM32\POWRPROF.dll
0x00007fffb1530000 - 0x00007fffb153b000 	C:\WINDOWS\SYSTEM32\VERSION.dll
0x00007fffb9be0000 - 0x00007fffb9c15000 	C:\WINDOWS\SYSTEM32\WINMM.dll
0x00007fffc4e90000 - 0x00007fffc4ea4000 	C:\WINDOWS\SYSTEM32\UMPDC.dll
0x00007fffc3e10000 - 0x00007fffc3e2b000 	C:\WINDOWS\SYSTEM32\kernel.appcore.dll
0x00007fffbd320000 - 0x00007fffbd32a000 	D:\sts-4.32.2.RELEASE\plugins\org.eclipse.justj.openjdk.hotspot.jre.full.win32.x86_64_21.0.9.v20251105-0741\jre\bin\jimage.dll
0x00007fffc2700000 - 0x00007fffc2942000 	C:\WINDOWS\SYSTEM32\DBGHELP.DLL
0x00007fffc6230000 - 0x00007fffc65bb000 	C:\WINDOWS\System32\combase.dll
0x00007fffc73e0000 - 0x00007fffc74b7000 	C:\WINDOWS\System32\OLEAUT32.dll
0x00007fffa8910000 - 0x00007fffa894c000 	C:\WINDOWS\SYSTEM32\dbgcore.DLL
0x00007fffc5050000 - 0x00007fffc50f5000 	C:\WINDOWS\System32\bcryptPrimitives.dll
0x00007fffaffd0000 - 0x00007fffafff0000 	D:\sts-4.32.2.RELEASE\plugins\org.eclipse.justj.openjdk.hotspot.jre.full.win32.x86_64_21.0.9.v20251105-0741\jre\bin\java.dll
0x00007fffc69b0000 - 0x00007fffc70ff000 	C:\WINDOWS\System32\SHELL32.dll
0x00007fffc5670000 - 0x00007fffc57db000 	C:\WINDOWS\System32\wintypes.dll
0x00007fffc2c70000 - 0x00007fffc34cd000 	C:\WINDOWS\SYSTEM32\windows.storage.dll
0x00007fffc74c0000 - 0x00007fffc75b2000 	C:\WINDOWS\System32\SHCORE.dll
0x00007fffc6940000 - 0x00007fffc69a7000 	C:\WINDOWS\System32\shlwapi.dll
0x00007fffc4f70000 - 0x00007fffc4f99000 	C:\WINDOWS\SYSTEM32\profapi.dll
0x00007fff9fd10000 - 0x00007fff9fd28000 	D:\sts-4.32.2.RELEASE\plugins\org.eclipse.justj.openjdk.hotspot.jre.full.win32.x86_64_21.0.9.v20251105-0741\jre\bin\zip.dll
0x00007fffaeca0000 - 0x00007fffaecb0000 	D:\sts-4.32.2.RELEASE\plugins\org.eclipse.justj.openjdk.hotspot.jre.full.win32.x86_64_21.0.9.v20251105-0741\jre\bin\net.dll
0x00007fffb96c0000 - 0x00007fffb97e8000 	C:\WINDOWS\SYSTEM32\WINHTTP.dll
0x00007fffc4380000 - 0x00007fffc43eb000 	C:\WINDOWS\system32\mswsock.dll
0x00007fff9c600000 - 0x00007fff9c616000 	D:\sts-4.32.2.RELEASE\plugins\org.eclipse.justj.openjdk.hotspot.jre.full.win32.x86_64_21.0.9.v20251105-0741\jre\bin\nio.dll
0x00007fffc3990000 - 0x00007fffc3abc000 	C:\WINDOWS\SYSTEM32\DNSAPI.dll
0x00007fffc3950000 - 0x00007fffc3984000 	C:\WINDOWS\SYSTEM32\IPHLPAPI.DLL
0x00007fffc7ad0000 - 0x00007fffc7ada000 	C:\WINDOWS\System32\NSI.dll
0x00007fffb9680000 - 0x00007fffb968b000 	C:\Windows\System32\rasadhlp.dll
0x00007fffbc040000 - 0x00007fffbc0c6000 	C:\WINDOWS\System32\fwpuclnt.dll
0x00007fffa26e0000 - 0x00007fffa26e9000 	D:\sts-4.32.2.RELEASE\plugins\org.eclipse.justj.openjdk.hotspot.jre.full.win32.x86_64_21.0.9.v20251105-0741\jre\bin\extnet.dll

JVMTI agents: none

dbghelp: loaded successfully - version: 4.0.5 - missing functions: none
symbol engine: initialized successfully - sym options: 0x614 - pdb path: .;D:\sts-4.32.2.RELEASE\plugins\org.eclipse.justj.openjdk.hotspot.jre.full.win32.x86_64_21.0.9.v20251105-0741\jre\bin;C:\WINDOWS\SYSTEM32;C:\WINDOWS\WinSxS\amd64_microsoft.windows.common-controls_6595b64144ccf1df_6.0.26100.7019_none_3e06ffa0e335b8a8;D:\sts-4.32.2.RELEASE\plugins\org.eclipse.justj.openjdk.hotspot.jre.full.win32.x86_64_21.0.9.v20251105-0741\jre\bin\server

VM Arguments:
jvm_args: -Dfile.encoding=UTF-8 -Dstdout.encoding=UTF-8 -Dstderr.encoding=UTF-8 -XX:+ShowCodeDetailsInExceptionMessages 
java_command: com.api.gateway.ApiGatewayApplication
java_class_path (initial): D:\CHUBB Training\FlightMicroservices\api-gateway\target\classes;C:\Users\YATI\.m2\repository\org\springframework\boot\spring-boot-starter-actuator\4.0.0\spring-boot-starter-actuator-4.0.0.jar;C:\Users\YATI\.m2\repository\org\springframework\boot\spring-boot-starter\4.0.0\spring-boot-starter-4.0.0.jar;C:\Users\YATI\.m2\repository\org\springframework\boot\spring-boot-starter-logging\4.0.0\spring-boot-starter-logging-4.0.0.jar;C:\Users\YATI\.m2\repository\ch\qos\logback\logback-classic\1.5.21\logback-classic-1.5.21.jar;C:\Users\YATI\.m2\repository\ch\qos\logback\logback-core\1.5.21\logback-core-1.5.21.jar;C:\Users\YATI\.m2\repository\org\apache\logging\log4j\log4j-to-slf4j\2.25.2\log4j-to-slf4j-2.25.2.jar;C:\Users\YATI\.m2\repository\org\apache\logging\log4j\log4j-api\2.25.2\log4j-api-2.25.2.jar;C:\Users\YATI\.m2\repository\org\slf4j\jul-to-slf4j\2.0.17\jul-to-slf4j-2.0.17.jar;C:\Users\YATI\.m2\repository\org\springframework\boot\spring-boot-autoconfigure\4.0.0\spring-boot-autoconfigure-4.0.0.jar;C:\Users\YATI\.m2\repository\jakarta\annotation\jakarta.annotation-api\3.0.0\jakarta.annotation-api-3.0.0.jar;C:\Users\YATI\.m2\repository\org\yaml\snakeyaml\2.5\snakeyaml-2.5.jar;C:\Users\YATI\.m2\repository\org\springframework\boot\spring-boot-starter-micrometer-metrics\4.0.0\spring-boot-starter-micrometer-metrics-4.0.0.jar;C:\Users\YATI\.m2\repository\org\springframework\boot\spring-boot-micrometer-metrics\4.0.0\spring-boot-micrometer-metrics-4.0.0.jar;C:\Users\YATI\.m2\repository\org\springframework\boot\spring-boot-micrometer-observation\4.0.0\spring-boot-micrometer-observation-4.0.0.jar;C:\Users\YATI\.m2\repository\org\springframework\boot\spring-boot-actuator-autoconfigure\4.0.0\spring-boot-actuator-autoconfigure-4.0.0.jar;C:\Users\YATI\.m2\repository\org\springframework\boot\spring-boot-actuator\4.0.0\spring-boot-actuator-4.0.0.jar;C:\Users\YATI\.m2\repository\org\springframework\boot\spring-boot-health\4.0.0\spring-boot-health-4.0.0.jar;C:\Users\YATI\.m2\repository\org\springframework\boot\spring-boot\4.0.0\spring-boot-4.0.0.jar;C:\Users\YATI\.m2\repository\org\springframework\spring-context\7.0.1\spring-context-7.0.1.jar;C:\Users\YATI\.m2\repository\org\springframework\spring-aop\7.0.1\spring-aop-7.0.1.jar;C:\Users\YATI\.m2\repository\org\springframework\spring-expression\7.0.1\spring-expression-7.0.1.jar;C:\Users\YATI\.m2\repository\io\micrometer\micrometer-observation\1.16.0\micrometer-observation-1.16.0.jar;C:\Users\YATI\.m2\repository\io\micrometer\micrometer-commons\1.16.0\micrometer-commons-1.16.0.jar;C:\Users\YATI\.m2\repository\io\micrometer\micrometer-jakarta9\1.16.0\micrometer-jakarta9-1.16.0.jar;C:\Users\YATI\.m2\repository\io\micrometer\micrometer-core\1.16.0\micrometer-core-1.16.0.jar;C:\Users\YATI\.m2\repository\org\hdrhistogram\HdrHistogram\2.2.2\HdrHistogram-2.2.2.jar;C:\Users\YATI\.m2\repository\org\latencyutils\LatencyUtils\2.0.3\LatencyUtils-2.0.3.jar;C:\Users\YATI\.m2\repository\org\springframework\boot\spring-boot-starter-webflux\4.0.0\spring-boot-starter-webflux-4.0.0.jar;C:\Users\YATI\.m2\repository\org\springframework\boot\spring-boot-starter-jackson\4.0.0\spring-boot-starter-jackson-4.0.0.jar;C:\Users\YATI\.m2\repository\org\springframework\boot\spring-boot-jackson\4.0.0\spring-boot-jackson-4.0.0.jar;C:\Users\YATI\.m2\repository\org\springframework\boot\spring-boot-starter-reactor-netty\4.0.0\spring-boot-starter-reactor-netty-4.0.0.jar;C:\Users\YATI\.m2\repository\org\springframework\boot\spring-boot-reactor\4.0.0\spring-boot-reactor-4.0.0.jar;C:\Users\YATI\.m2\repository\org\springframework\boot\spring-boot-reactor-netty\4.0.0\spring-boot-reactor-netty-4.0.0.jar;C:\Users\YATI\.m2\repository\io\projectreactor\netty\reactor-netty-http\1.3.0\reactor-netty-http-1.3.0.jar;C:\Users\YATI\.m2\repository\io\netty\netty-codec-http\4.2.7.Final\netty-codec-http-4.2.7.Final.jar;C:\Users\YATI\.m2\repository\io\netty\netty-buffer\4.2.7.Final\netty-buffer-4.2.7.Final.jar;C:\Users\YATI\.m2\repository\io\netty\netty-transport\4.2.7.Final\netty-transport-4.2.7.Final.jar;C:\Users\YATI\.m2\repository\io\netty\netty-codec-base\4.2.7.Final\netty-codec-base-4.2.7.Final.jar;C:\Users\YATI\.m2\repository\io\netty\netty-codec-compression\4.2.7.Final\netty-codec-compression-4.2.7.Final.jar;C:\Users\YATI\.m2\repository\io\netty\netty-handler\4.2.7.Final\netty-handler-4.2.7.Final.jar;C:\Users\YATI\.m2\repository\io\netty\netty-codec-http2\4.2.7.Final\netty-codec-http2-4.2.7.Final.jar;C:\Users\YATI\.m2\repository\io\netty\netty-codec-http3\4.2.7.Final\netty-codec-http3-4.2.7.Final.jar;C:\Users\YATI\.m2\repository\io\netty\netty-transport-native-unix-common\4.2.7.Final\netty-transport-native-unix-common-4.2.7.Final.jar;C:\Users\YATI\.m2\repository\io\netty\netty-resolver\4.2.7.Final\netty-resolver-4.2.7.Final.jar;C:\Users\YATI\.m2\repository\io\netty\netty-codec-classes-quic\4.2.7.Final\netty-codec-classes-quic-4.2.7.Final.jar;C:\Users\YATI\.m2\repository\io\netty\netty-codec-native-quic\4.2.7.Final\netty-codec-native-quic-4.2.7.Final-linux-x86_64.jar;C:\Users\YATI\.m2\repository\io\netty\netty-codec-native-quic\4.2.7.Final\netty-codec-native-quic-4.2.7.Final-linux-aarch_64.jar;C:\Users\YATI\.m2\repository\io\netty\netty-codec-native-quic\4.2.7.Final\netty-codec-native-quic-4.2.7.Final-osx-x86_64.jar;C:\Users\YATI\.m2\repository\io\netty\netty-codec-native-quic\4.2.7.Final\netty-codec-native-quic-4.2.7.Final-osx-aarch_64.jar;C:\Users\YATI\.m2\repository\io\netty\netty-codec-native-quic\4.2.7.Final\netty-codec-native-quic-4.2.7.Final-windows-x86_64.jar;C:\Users\YATI\.m2\repository\io\netty\netty-resolver-dns\4.2.7.Final\netty-resolver-dns-4.2.7.Final.jar;C:\Users\YATI\.m2\repository\io\netty\netty-codec-dns\4.2.7.Final\netty-codec-dns-4.2.7.Final.jar;C:\Users\YATI\.m2\repository\io\netty\netty-resolver-dns-native-macos\4.2.7.Final\netty-resolver-dns-native-macos-4.2.7.Final-osx-x86_64.jar;C:\Users\YATI\.m2\repository\io\netty\netty-resolver-dns-classes-macos\4.2.7.Final\netty-resolver-dns-classes-macos-4.2.7.Final.jar;C:\Users\YATI\.m2\repository\io\netty\netty-transport-native-epoll\4.2.7.Final\netty-transport-native-epoll-4.2.7.Final-linux-x86_64.jar;C:\Users\YATI\.m2\repository\io\netty\netty-transport-classes-epoll\4.2.7.Final\netty-transport-classes-epoll-4.2.7.Final.jar;C:\Users\YATI\.m2\repository\io\projectreactor\netty\reactor-netty-core\1.3.0\reactor-netty-core-1.3.0.jar;C:\Users\YATI\.m2\repository\io\netty\netty-handler-proxy\4.2.7.Final\netty-handler-proxy-4.2.7.Final.jar;C:\Users\YATI\.m2\repository\io\netty\netty-codec-socks\4.2.7.Final\netty-codec-socks-4.2.7.Final.jar;C:\Users\YATI\.m2\repository\org\springframework\boot\spring-boot-netty\4.0.0\spring-boot-netty-4.0.0.jar;C:\Users\YATI\.m2\repository\io\netty\netty-common\4.2.7.Final\netty-common-4.2.7.Final.jar;C:\Users\YATI\.m2\repository\org\springframework\boot\spring-boot-webflux\4.0.0\spring-boot-webflux-4.0.0.jar;C:\Users\YATI\.m2\repository\org\springframework\boot\spring-boot-http-codec\4.0.0\spring-boot-http-codec-4.0.0.jar;C:\Users\YATI\.m2\repository\org\springframework\spring-webflux\7.0.1\spring-webflux-7.0.1.jar;C:\Users\YATI\.m2\repository\org\springframework\spring-beans\7.0.1\spring-beans-7.0.1.jar;C:\Users\YATI\.m2\repository\org\springframework\boot\spring-boot-web-server\4.0.0\spring-boot-web-server-4.0.0.jar;C:\Users\YATI\.m2\repository\org\springframework\cloud\spring-cloud-starter-config\5.0.0\spring-cloud-starter-config-5.0.0.jar;C:\Users\YATI\.m2\repository\org\springframework\cloud\spring-cloud-starter\5.0.0\spring-cloud-starter-5.0.0.jar;C:\Users\YATI\.m2\repository\org\springframework\cloud\spring-cloud-context\5.0.0\spring-cloud-context-5.0.0.jar;C:\Users\YATI\.m2\repository\org\springframework\security\spring-security-crypto\7.0.0\spring-security-crypto-7.0.0.jar;C:\Users\YATI\.m2\repository\org\springframework\cloud\spring-cloud-commons\5.0.0\spring-cloud-commons-5.0.0.jar;C:\Users\YATI\.m2\repository\org\bouncycastle\bcprov-jdk18on\1.81\bcprov-jdk18on-1.81.jar;C:\Users\YATI\.m2\repository\org\springframework\cloud\spring-cloud-config-client\5.0.0\spring-cloud-config-client-5.0.0.jar;C:\Users\YATI\.m2\repository\org\springframework\spring-web\7.0.1\spring-web-7.0.1.jar;C:\Users\YATI\.m2\repository\com\fasterxml\jackson\core\jackson-annotations\2.20\jackson-annotations-2.20.jar;C:\Users\YATI\.m2\repository\org\apache\httpcomponents\client5\httpclient5\5.5.1\httpclient5-5.5.1.jar;C:\Users\YATI\.m2\repository\org\apache\httpcomponents\core5\httpcore5\5.3.6\httpcore5-5.3.6.jar;C:\Users\YATI\.m2\repository\org\apache\httpcomponents\core5\httpcore5-h2\5.3.6\httpcore5-h2-5.3.6.jar;C:\Users\YATI\.m2\repository\tools\jackson\core\jackson-databind\3.0.2\jackson-databind-3.0.2.jar;C:\Users\YATI\.m2\repository\tools\jackson\core\jackson-core\3.0.2\jackson-core-3.0.2.jar;C:\Users\YATI\.m2\repository\org\springframework\cloud\spring-cloud-starter-gateway-server-webflux\5.0.0\spring-cloud-starter-gateway-server-webflux-5.0.0.jar;C:\Users\YATI\.m2\repository\org\springframework\cloud\spring-cloud-gateway-server-webflux\5.0.0\spring-cloud-gateway-server-webflux-5.0.0.jar;C:\Users\YATI\.m2\repository\org\springframework\boot\spring-boot-starter-validation\4.0.0\spring-boot-starter-validation-4.0.0.jar;C:\Users\YATI\.m2\repository\org\springframework\boot\spring-boot-validation\4.0.0\spring-boot-validation-4.0.0.jar;C:\Users\YATI\.m2\repository\org\apache\tomcat\embed\tomcat-embed-el\11.0.14\tomcat-embed-el-11.0.14.jar;C:\Users\YATI\.m2\repository\org\hibernate\validator\hibernate-validator\9.0.1.Final\hibernate-validator-9.0.1.Final.jar;C:\Users\YATI\.m2\repository\jakarta\validation\jakarta.validation-api\3.1.1\jakarta.validation-api-3.1.1.jar;C:\Users\YATI\.m2\repository\org\jboss\logging\jboss-logging\3.6.1.Final\jboss-logging-3.6.1.Final.jar;C:\Users\YATI\.m2\repository\com\fasterxml\classmate\1.7.1\classmate-1.7.1.jar;C:\Users\YATI\.m2\repository\io\projectreactor\addons\reactor-extra\3.6.0\reactor-extra-3.6.0.jar;C:\Users\YATI\.m2\repository\org\springframework\cloud\spring-cloud-starter-netflix-eureka-client\5.0.0\spring-cloud-starter-netflix-eureka-client-5.0.0.jar;C:\Users\YATI\.m2\repository\org\springframework\cloud\spring-cloud-netflix-eureka-client\5.0.0\spring-cloud-netflix-eureka-client-5.0.0.jar;C:\Users\YATI\.m2\repository\org\springframework\boot\spring-boot-jackson2\4.0.0\spring-boot-jackson2-4.0.0.jar;C:\Users\YATI\.m2\repository\com\fasterxml\jackson\datatype\jackson-datatype-jdk8\2.20.1\jackson-datatype-jdk8-2.20.1.jar;C:\Users\YATI\.m2\repository\com\fasterxml\jackson\datatype\jackson-datatype-jsr310\2.20.1\jackson-datatype-jsr310-2.20.1.jar;C:\Users\YATI\.m2\repository\com\fasterxml\jackson\module\jackson-module-parameter-names\2.20.1\jackson-module-parameter-names-2.20.1.jar;C:\Users\YATI\.m2\repository\com\netflix\eureka\eureka-client\2.0.5\eureka-client-2.0.5.jar;C:\Users\YATI\.m2\repository\com\thoughtworks\xstream\xstream\1.4.21\xstream-1.4.21.jar;C:\Users\YATI\.m2\repository\io\github\x-stream\mxparser\1.2.2\mxparser-1.2.2.jar;C:\Users\YATI\.m2\repository\xmlpull\xmlpull\1.1.3.1\xmlpull-1.1.3.1.jar;C:\Users\YATI\.m2\repository\jakarta\ws\rs\jakarta.ws.rs-api\4.0.0\jakarta.ws.rs-api-4.0.0.jar;C:\Users\YATI\.m2\repository\jakarta\inject\jakarta.inject-api\2.0.1\jakarta.inject-api-2.0.1.jar;C:\Users\YATI\.m2\repository\com\netflix\spectator\spectator-api\1.7.3\spectator-api-1.7.3.jar;C:\Users\YATI\.m2\repository\org\slf4j\slf4j-api\2.0.17\slf4j-api-2.0.17.jar;C:\Users\YATI\.m2\repository\org\apache\httpcomponents\httpclient\4.5.3\httpclient-4.5.3.jar;C:\Users\YATI\.m2\repository\org\apache\httpcomponents\httpcore\4.4.16\httpcore-4.4.16.jar;C:\Users\YATI\.m2\repository\commons-codec\commons-codec\1.19.0\commons-codec-1.19.0.jar;C:\Users\YATI\.m2\repository\commons-configuration\commons-configuration\1.10\commons-configuration-1.10.jar;C:\Users\YATI\.m2\repository\commons-lang\commons-lang\2.6\commons-lang-2.6.jar;C:\Users\YATI\.m2\repository\com\fasterxml\jackson\core\jackson-core\2.20.1\jackson-core-2.20.1.jar;C:\Users\YATI\.m2\repository\com\fasterxml\jackson\core\jackson-databind\2.20.1\jackson-databind-2.20.1.jar;C:\Users\YATI\.m2\repository\com\netflix\netflix-commons\netflix-eventbus\0.3.0\netflix-eventbus-0.3.0.jar;C:\Users\YATI\.m2\repository\com\netflix\netflix-commons\netflix-infix\0.3.0\netflix-infix-0.3.0.jar;C:\Users\YATI\.m2\repository\commons-jxpath\commons-jxpath\1.3\commons-jxpath-1.3.jar;C:\Users\YATI\.m2\repository\joda-time\joda-time\2.3\joda-time-2.3.jar;C:\Users\YATI\.m2\repository\org\antlr\antlr-runtime\3.4\antlr-runtime-3.4.jar;C:\Users\YATI\.m2\repository\org\antlr\stringtemplate\3.2.1\stringtemplate-3.2.1.jar;C:\Users\YATI\.m2\repository\antlr\antlr\2.7.7\antlr-2.7.7.jar;C:\Users\YATI\.m2\repository\com\google\guava\guava\14.0.1\guava-14.0.1.jar;C:\Users\YATI\.m2\repository\com\google\code\gson\gson\2.13.2\gson-2.13.2.jar;C:\Users\YATI\.m2\repository\com\google\errorprone\error_prone_annotations\2.41.0\error_prone_annotations-2.41.0.jar;C:\Users\YATI\.m2\repository\com\netflix\servo\servo-core\0.5.3\servo-core-0.5.3.jar;C:\Users\YATI\.m2\repository\org\apache\commons\commons-math\2.2\commons-math-2.2.jar;C:\Users\YATI\.m2\repository\javax\annotation\javax.annotation-api\1.2\javax.annotation-api-1.2.jar;C:\Users\YATI\.m2\repository\org\codehaus\jettison\jettison\1.5.4\jettison-1.5.4.jar;C:\Users\YATI\.m2\repository\org\springframework\cloud\spring-cloud-starter-loadbalancer\5.0.0\spring-cloud-starter-loadbalancer-5.0.0.jar;C:\Users\YATI\.m2\repository\org\springframework\cloud\spring-cloud-loadbalancer\5.0.0\spring-cloud-loadbalancer-5.0.0.jar;C:\Users\YATI\.m2\repository\org\springframework\boot\spring-boot-starter-cache\4.0.0\spring-boot-starter-cache-4.0.0.jar;C:\Users\YATI\.m2\repository\org\springframework\boot\spring-boot-cache\4.0.0\spring-boot-cache-4.0.0.jar;C:\Users\YATI\.m2\repository\org\springframework\spring-context-support\7.0.1\spring-context-support-7.0.1.jar;C:\Users\YATI\.m2\repository\com\stoyanr\evictor\1.0.0\evictor-1.0.0.jar;C:\Users\YATI\.m2\repository\org\springframework\spring-core\7.0.1\spring-core-7.0.1.jar;C:\Users\YATI\.m2\repository\commons-logging\commons-logging\1.3.5\commons-logging-1.3.5.jar;C:\Users\YATI\.m2\repository\io\projectreactor\reactor-core\3.8.0\reactor-core-3.8.0.jar;C:\Users\YATI\.m2\repository\org\reactivestreams\reactive-streams\1.0.4\reactive-streams-1.0.4.jar;C:\Users\YATI\.m2\repository\org\jspecify\jspecify\1.0.0\jspecify-1.0.0.jar
Launcher Type: SUN_STANDARD

[Global flags]
     intx CICompilerCount                          = 12                                        {product} {ergonomic}
     uint ConcGCThreads                            = 3                                         {product} {ergonomic}
     uint G1ConcRefinementThreads                  = 13                                        {product} {ergonomic}
   size_t G1HeapRegionSize                         = 2097152                                   {product} {ergonomic}
    uintx GCDrainStackTargetSize                   = 64                                        {product} {ergonomic}
   size_t InitialHeapSize                          = 264241152                                 {product} {ergonomic}
   size_t MarkStackSize                            = 4194304                                   {product} {ergonomic}
   size_t MaxHeapSize                              = 4196401152                                {product} {ergonomic}
   size_t MaxNewSize                               = 2516582400                                {product} {ergonomic}
   size_t MinHeapDeltaBytes                        = 2097152                                   {product} {ergonomic}
   size_t MinHeapSize                              = 8388608                                   {product} {ergonomic}
    uintx NonNMethodCodeHeapSize                   = 7602480                                {pd product} {ergonomic}
    uintx NonProfiledCodeHeapSize                  = 122027880                              {pd product} {ergonomic}
    uintx ProfiledCodeHeapSize                     = 122027880                              {pd product} {ergonomic}
    uintx ReservedCodeCacheSize                    = 251658240                              {pd product} {ergonomic}
     bool SegmentedCodeCache                       = true                                      {product} {ergonomic}
     bool ShowCodeDetailsInExceptionMessages       = true                                   {manageable} {command line}
   size_t SoftMaxHeapSize                          = 4196401152                             {manageable} {ergonomic}
     bool UseCompressedOops                        = true                           {product lp64_product} {ergonomic}
     bool UseG1GC                                  = true                                      {product} {ergonomic}
     bool UseLargePagesIndividualAllocation        = false                                  {pd product} {ergonomic}

Logging:
Log output configuration:
 #0: stdout all=warning uptime,level,tags foldmultilines=false
 #1: stderr all=off uptime,level,tags foldmultilines=false

Release file:
JAVA_VERSION="21.0.9" 
MODULES="java.base java.compiler java.datatransfer java.xml java.prefs java.desktop java.instrument java.logging java.management java.security.sasl java.naming java.rmi java.management.rmi java.net.http java.scripting java.security.jgss java.transaction.xa java.sql java.sql.rowset java.xml.crypto java.se java.smartcardio jdk.accessibility jdk.internal.jvmstat jdk.attach jdk.charsets jdk.internal.opt jdk.zipfs jdk.compiler jdk.crypto.ec jdk.crypto.cryptoki jdk.crypto.mscapi jdk.dynalink jdk.internal.ed jdk.editpad jdk.hotspot.agent jdk.httpserver jdk.internal.le jdk.internal.vm.ci jdk.internal.vm.compiler jdk.internal.vm.compiler.management jdk.jartool jdk.javadoc jdk.jcmd jdk.management jdk.management.agent jdk.jconsole jdk.jdeps jdk.jdwp.agent jdk.jdi jdk.jfr jdk.jshell jdk.jsobject jdk.jstatd jdk.localedata jdk.management.jfr jdk.naming.dns jdk.naming.rmi jdk.net jdk.nio.mapmode jdk.random jdk.sctp jdk.security.auth jdk.security.jgss jdk.unsupported jdk.unsupported.desktop jdk.xml.dom" 

Environment Variables:
PATH=D:/sts-4.32.2.RELEASE//plugins/org.eclipse.justj.openjdk.hotspot.jre.full.win32.x86_64_21.0.9.v20251105-0741/jre/bin/server;D:/sts-4.32.2.RELEASE//plugins/org.eclipse.justj.openjdk.hotspot.jre.full.win32.x86_64_21.0.9.v20251105-0741/jre/bin;C:\Program Files\Java\jdk-25\bin;C:\Program Files\Common Files\Oracle\Java\javapath;C:\ProgramData\Oracle\Java\javapath;C:\WINDOWS\system32;C:\WINDOWS;C:\WINDOWS\System32\Wbem;C:\WINDOWS\System32\WindowsPowerShell\v1.0\;C:\WINDOWS\System32\OpenSSH\;C:\Program Files\dotnet\;C:\MinGW\bin;C:\Users\YATI\Downloads\sqlite-tools-win-x64-3490200;C:\Program Files\MySQL\MySQL Server 8.0\bin;C:\Program Files\Git\cmd;C:\Program Files\nodejs\;C:\Program Files (x86)\Microsoft SQL Server\160\Tools\Binn\;C:\Program Files\Microsoft SQL Server\160\Tools\Binn\;C:\Program Files\Microsoft SQL Server\Client SDK\ODBC\170\Tools\Binn\;C:\Program Files\Microsoft SQL Server\160\DTS\Binn\;C:\Users\YATI\Downloads\apache-maven-3.9.11-bin\apache-maven-3.9.11\bin;C:\Gradle\gradle-9.2.0\bin;C:\Program Files\MongoDB\Server\8.2\bin;D:\apache-jmeter-5.6.3\bin;;C:\Program Files\Docker\Docker\resources\bin;C:\Program Files\MySQL\MySQL Shell 8.0\bin\;C:\Users\YATI\anaconda3;C:\Users\YATI\anaconda3\Library\mingw-w64\bin;C:\Users\YATI\anaconda3\Library\usr\bin;C:\Users\YATI\anaconda3\Library\bin;C:\Users\YATI\anaconda3\Scripts;C:\Users\YATI\AppData\Local\Microsoft\WindowsApps;C:\Users\YATI\AppData\Local\Programs\Microsoft VS Code\bin;C:\Users\YATI\AppData\Roaming\npm;D:\sts-4.32.2.RELEASE;
USERNAME=YATI
OS=Windows_NT
PROCESSOR_IDENTIFIER=Intel64 Family 6 Model 154 Stepping 3, GenuineIntel
TMP=C:\Users\YATI\AppData\Local\Temp
TEMP=C:\Users\YATI\AppData\Local\Temp




Periodic native trim disabled

---------------  S Y S T E M  ---------------

OS:
 Windows 11 , 64 bit Build 26100 (10.0.26100.7019)
OS uptime: 0 days 6:09 hours
Hyper-V role detected

CPU: total 16 (initial active 16) (8 cores per cpu, 2 threads per core) family 6 model 154 stepping 3 microcode 0x41b, cx8, cmov, fxsr, ht, mmx, 3dnowpref, sse, sse2, sse3, ssse3, sse4.1, sse4.2, popcnt, lzcnt, tsc, tscinvbit, avx, avx2, aes, erms, clmul, bmi1, bmi2, adx, sha, fma, vzeroupper, clflush, clflushopt, clwb, hv, serialize, rdtscp, rdpid, fsrm, f16c, cet_ibt, cet_ss
Processor Information for processor 0
  Max Mhz: 2500, Current Mhz: 2500, Mhz Limit: 2500
Processor Information for processor 1
  Max Mhz: 2500, Current Mhz: 2500, Mhz Limit: 2500
Processor Information for processor 2
  Max Mhz: 2500, Current Mhz: 2500, Mhz Limit: 2500
Processor Information for processor 3
  Max Mhz: 2500, Current Mhz: 2500, Mhz Limit: 2500
Processor Information for processor 4
  Max Mhz: 2500, Current Mhz: 2500, Mhz Limit: 2500
Processor Information for processor 5
  Max Mhz: 2500, Current Mhz: 2500, Mhz Limit: 2500
Processor Information for processor 6
  Max Mhz: 2500, Current Mhz: 2500, Mhz Limit: 2500
Processor Information for processor 7
  Max Mhz: 2500, Current Mhz: 2500, Mhz Limit: 2500
Processor Information for processor 8
  Max Mhz: 2500, Current Mhz: 1800, Mhz Limit: 1800
Processor Information for processor 9
  Max Mhz: 2500, Current Mhz: 1800, Mhz Limit: 1800
Processor Information for processor 10
  Max Mhz: 2500, Current Mhz: 1800, Mhz Limit: 1800
Processor Information for processor 11
  Max Mhz: 2500, Current Mhz: 1500, Mhz Limit: 1800
Processor Information for processor 12
  Max Mhz: 2500, Current Mhz: 1800, Mhz Limit: 1800
Processor Information for processor 13
  Max Mhz: 2500, Current Mhz: 1500, Mhz Limit: 1800
Processor Information for processor 14
  Max Mhz: 2500, Current Mhz: 1800, Mhz Limit: 1800
Processor Information for processor 15
  Max Mhz: 2500, Current Mhz: 1500, Mhz Limit: 1800

Memory: 4k page, system-wide physical 16003M (1277M free)
TotalPageFile size 34122M (AvailPageFile size 18M)
current process WorkingSet (physical memory assigned to process): 205M, peak: 230M
current process commit charge ("private bytes"): 249M, peak: 433M

vm_info: OpenJDK 64-Bit Server VM (21.0.9+10-LTS) for windows-amd64 JRE (21.0.9+10-LTS), built on 2025-10-21T00:00:00Z by "admin" with unknown MS VC++:1942

END.
