2025-12-04 10:35:17,275 INFO o.a.j.u.JMeterUtils: Setting Locale to en_EN
2025-12-04 10:35:17,295 INFO o.a.j.JMeter: Loading user properties from: D:\apache-jmeter-5.6.3\bin\user.properties
2025-12-04 10:35:17,297 INFO o.a.j.JMeter: Loading system properties from: D:\apache-jmeter-5.6.3\bin\system.properties
2025-12-04 10:35:17,307 INFO o.a.j.JMeter: Copyright (c) 1998-2024 The Apache Software Foundation
2025-12-04 10:35:17,307 INFO o.a.j.JMeter: Version 5.6.3
2025-12-04 10:35:17,307 INFO o.a.j.JMeter: java.version=25
2025-12-04 10:35:17,307 INFO o.a.j.JMeter: java.vm.name=Java HotSpot(TM) 64-Bit Server VM
2025-12-04 10:35:17,308 INFO o.a.j.JMeter: os.name=Windows 11
2025-12-04 10:35:17,308 INFO o.a.j.JMeter: os.arch=amd64
2025-12-04 10:35:17,308 INFO o.a.j.JMeter: os.version=10.0
2025-12-04 10:35:17,308 INFO o.a.j.JMeter: file.encoding=UTF-8
2025-12-04 10:35:17,308 INFO o.a.j.JMeter: java.awt.headless=true
2025-12-04 10:35:17,308 INFO o.a.j.JMeter: Max memory     =1073741824
2025-12-04 10:35:17,308 INFO o.a.j.JMeter: Available Processors =16
2025-12-04 10:35:17,326 INFO o.a.j.JMeter: Default Locale=English (EN)
2025-12-04 10:35:17,327 INFO o.a.j.JMeter: JMeter  Locale=English (EN)
2025-12-04 10:35:17,328 INFO o.a.j.JMeter: JMeterHome=D:\apache-jmeter-5.6.3
2025-12-04 10:35:17,328 INFO o.a.j.JMeter: user.dir  =D:\CHUBB Training\FlightMicroservices
2025-12-04 10:35:17,328 INFO o.a.j.JMeter: PWD       =D:\CHUBB Training\FlightMicroservices
2025-12-04 10:35:17,331 INFO o.a.j.JMeter: IP: 10.104.0.30 Name: Yati FullName: Yati.auup.amity.edu.in
2025-12-04 10:35:17,344 INFO o.a.j.s.FileServer: Default base='D:\CHUBB Training\FlightMicroservices'
2025-12-04 10:35:17,345 INFO o.a.j.s.FileServer: Set new base='D:\CHUBB Training\FlightMicroservices'
2025-12-04 10:35:17,670 INFO o.a.j.s.SaveService: Testplan (JMX) version: 2.2. Testlog (JTL) version: 2.2
2025-12-04 10:35:17,701 INFO o.a.j.s.SaveService: Using SaveService properties version 5.0
2025-12-04 10:35:17,707 INFO o.a.j.s.SaveService: Using SaveService properties file encoding UTF-8
2025-12-04 10:35:17,714 INFO o.a.j.s.SaveService: Loading file: 100_threads.jmx
2025-12-04 10:35:17,831 INFO o.a.j.p.h.s.HTTPSamplerBase: Parser for text/html is org.apache.jmeter.protocol.http.parser.LagartoBasedHtmlParser
2025-12-04 10:35:17,831 INFO o.a.j.p.h.s.HTTPSamplerBase: Parser for application/xhtml+xml is org.apache.jmeter.protocol.http.parser.LagartoBasedHtmlParser
2025-12-04 10:35:17,832 INFO o.a.j.p.h.s.HTTPSamplerBase: Parser for application/xml is org.apache.jmeter.protocol.http.parser.LagartoBasedHtmlParser
2025-12-04 10:35:17,832 INFO o.a.j.p.h.s.HTTPSamplerBase: Parser for text/xml is org.apache.jmeter.protocol.http.parser.LagartoBasedHtmlParser
2025-12-04 10:35:17,832 INFO o.a.j.p.h.s.HTTPSamplerBase: Parser for text/vnd.wap.wml is org.apache.jmeter.protocol.http.parser.RegexpHTMLParser
2025-12-04 10:35:17,832 INFO o.a.j.p.h.s.HTTPSamplerBase: Parser for text/css is org.apache.jmeter.protocol.http.parser.CssParser
2025-12-04 10:35:17,893 INFO o.a.j.JMeter: Creating summariser <summary>
2025-12-04 10:35:18,025 INFO o.a.j.e.StandardJMeterEngine: Running the test!
2025-12-04 10:35:18,026 INFO o.a.j.s.SampleEvent: List of sample_variables: []
2025-12-04 10:35:18,026 INFO o.a.j.s.SampleEvent: List of sample_variables: []
2025-12-04 10:35:18,032 INFO o.a.j.e.u.CompoundVariable: Note: Function class names must contain the string: '.functions.'
2025-12-04 10:35:18,032 INFO o.a.j.e.u.CompoundVariable: Note: Function class names must not contain the string: '.gui.'
2025-12-04 10:35:18,123 INFO o.a.j.JMeter: Running test (1764824718122)
2025-12-04 10:35:18,145 INFO o.a.j.e.StandardJMeterEngine: Starting ThreadGroup: 1 : 1 post api thread - for getting the flights using from , to and date
2025-12-04 10:35:18,145 INFO o.a.j.e.StandardJMeterEngine: Starting 100 threads for group 1 post api thread - for getting the flights using from , to and date.
2025-12-04 10:35:18,145 INFO o.a.j.e.StandardJMeterEngine: Thread will continue on error
2025-12-04 10:35:18,145 INFO o.a.j.t.ThreadGroup: Starting thread group... number=1 threads=100 ramp-up=1 delayedStart=false
2025-12-04 10:35:18,153 INFO o.a.j.t.JMeterThread: Thread started: 1 post api thread - for getting the flights using from , to and date 1-1
2025-12-04 10:35:18,166 INFO o.a.j.t.JMeterThread: Thread started: 1 post api thread - for getting the flights using from , to and date 1-2
2025-12-04 10:35:18,173 INFO o.a.j.t.JMeterThread: Thread started: 1 post api thread - for getting the flights using from , to and date 1-3
2025-12-04 10:35:18,182 INFO o.a.j.t.ThreadGroup: Started thread group number 1
2025-12-04 10:35:18,182 INFO o.a.j.e.StandardJMeterEngine: All thread groups have been started
2025-12-04 10:35:18,184 INFO o.a.j.t.JMeterThread: Thread started: 1 post api thread - for getting the flights using from , to and date 1-4
2025-12-04 10:35:18,196 INFO o.a.j.t.JMeterThread: Thread started: 1 post api thread - for getting the flights using from , to and date 1-5
2025-12-04 10:35:18,213 INFO o.a.j.t.JMeterThread: Thread started: 1 post api thread - for getting the flights using from , to and date 1-6
2025-12-04 10:35:18,219 INFO o.a.j.t.JMeterThread: Thread started: 1 post api thread - for getting the flights using from , to and date 1-7
2025-12-04 10:35:18,225 INFO o.a.j.p.h.s.HTTPHCAbstractImpl: Local host = Yati
2025-12-04 10:35:18,229 INFO o.a.j.t.JMeterThread: Thread started: 1 post api thread - for getting the flights using from , to and date 1-8
2025-12-04 10:35:18,232 INFO o.a.j.p.h.s.HTTPHC4Impl: HTTP request retry count = 0
2025-12-04 10:35:18,233 INFO o.a.j.s.SampleResult: Note: Sample TimeStamps are START times
2025-12-04 10:35:18,233 INFO o.a.j.s.SampleResult: sampleresult.default.encoding is set to UTF-8
2025-12-04 10:35:18,233 INFO o.a.j.s.SampleResult: sampleresult.useNanoTime=true
2025-12-04 10:35:18,233 INFO o.a.j.s.SampleResult: sampleresult.nanoThreadSleep=5000
2025-12-04 10:35:18,236 INFO o.a.j.t.JMeterThread: Thread started: 1 post api thread - for getting the flights using from , to and date 1-9
2025-12-04 10:35:18,246 INFO o.a.j.t.JMeterThread: Thread started: 1 post api thread - for getting the flights using from , to and date 1-10
2025-12-04 10:35:18,254 INFO o.a.j.t.JMeterThread: Thread started: 1 post api thread - for getting the flights using from , to and date 1-11
2025-12-04 10:35:18,265 INFO o.a.j.t.JMeterThread: Thread started: 1 post api thread - for getting the flights using from , to and date 1-12
2025-12-04 10:35:18,277 INFO o.a.j.t.JMeterThread: Thread started: 1 post api thread - for getting the flights using from , to and date 1-13
2025-12-04 10:35:18,284 INFO o.a.j.t.JMeterThread: Thread started: 1 post api thread - for getting the flights using from , to and date 1-14
2025-12-04 10:35:18,296 INFO o.a.j.t.JMeterThread: Thread started: 1 post api thread - for getting the flights using from , to and date 1-15
2025-12-04 10:35:18,306 INFO o.a.j.t.JMeterThread: Thread started: 1 post api thread - for getting the flights using from , to and date 1-16
2025-12-04 10:35:18,314 INFO o.a.j.t.JMeterThread: Thread started: 1 post api thread - for getting the flights using from , to and date 1-17
2025-12-04 10:35:18,330 INFO o.a.j.t.JMeterThread: Thread started: 1 post api thread - for getting the flights using from , to and date 1-19
2025-12-04 10:35:18,332 INFO o.a.j.t.JMeterThread: Thread started: 1 post api thread - for getting the flights using from , to and date 1-18
2025-12-04 10:35:18,345 INFO o.a.j.t.JMeterThread: Thread started: 1 post api thread - for getting the flights using from , to and date 1-20
2025-12-04 10:35:18,357 INFO o.a.j.t.JMeterThread: Thread started: 1 post api thread - for getting the flights using from , to and date 1-21
2025-12-04 10:35:18,366 INFO o.a.j.t.JMeterThread: Thread started: 1 post api thread - for getting the flights using from , to and date 1-22
2025-12-04 10:35:18,378 INFO o.a.j.t.JMeterThread: Thread started: 1 post api thread - for getting the flights using from , to and date 1-23
2025-12-04 10:35:18,389 INFO o.a.j.t.JMeterThread: Thread started: 1 post api thread - for getting the flights using from , to and date 1-24
2025-12-04 10:35:18,395 INFO o.a.j.t.JMeterThread: Thread started: 1 post api thread - for getting the flights using from , to and date 1-25
2025-12-04 10:35:18,403 INFO o.a.j.t.JMeterThread: Thread started: 1 post api thread - for getting the flights using from , to and date 1-26
2025-12-04 10:35:18,416 INFO o.a.j.t.JMeterThread: Thread started: 1 post api thread - for getting the flights using from , to and date 1-27
2025-12-04 10:35:18,426 INFO o.a.j.t.JMeterThread: Thread started: 1 post api thread - for getting the flights using from , to and date 1-28
2025-12-04 10:35:18,436 INFO o.a.j.t.JMeterThread: Thread started: 1 post api thread - for getting the flights using from , to and date 1-29
2025-12-04 10:35:18,445 INFO o.a.j.t.JMeterThread: Thread started: 1 post api thread - for getting the flights using from , to and date 1-30
2025-12-04 10:35:18,456 INFO o.a.j.t.JMeterThread: Thread started: 1 post api thread - for getting the flights using from , to and date 1-31
2025-12-04 10:35:18,465 INFO o.a.j.t.JMeterThread: Thread started: 1 post api thread - for getting the flights using from , to and date 1-32
2025-12-04 10:35:18,474 INFO o.a.j.t.JMeterThread: Thread started: 1 post api thread - for getting the flights using from , to and date 1-33
2025-12-04 10:35:18,485 INFO o.a.j.t.JMeterThread: Thread started: 1 post api thread - for getting the flights using from , to and date 1-34
2025-12-04 10:35:18,495 INFO o.a.j.t.JMeterThread: Thread started: 1 post api thread - for getting the flights using from , to and date 1-35
2025-12-04 10:35:18,506 INFO o.a.j.t.JMeterThread: Thread started: 1 post api thread - for getting the flights using from , to and date 1-36
2025-12-04 10:35:18,514 INFO o.a.j.t.JMeterThread: Thread started: 1 post api thread - for getting the flights using from , to and date 1-37
2025-12-04 10:35:18,527 INFO o.a.j.t.JMeterThread: Thread started: 1 post api thread - for getting the flights using from , to and date 1-39
2025-12-04 10:35:18,551 INFO o.a.j.t.JMeterThread: Thread started: 1 post api thread - for getting the flights using from , to and date 1-40
2025-12-04 10:35:18,551 INFO o.a.j.t.JMeterThread: Thread started: 1 post api thread - for getting the flights using from , to and date 1-38
2025-12-04 10:35:18,571 INFO o.a.j.t.JMeterThread: Thread started: 1 post api thread - for getting the flights using from , to and date 1-42
2025-12-04 10:35:18,585 INFO o.a.j.t.JMeterThread: Thread started: 1 post api thread - for getting the flights using from , to and date 1-43
2025-12-04 10:35:18,586 INFO o.a.j.t.JMeterThread: Thread started: 1 post api thread - for getting the flights using from , to and date 1-41
2025-12-04 10:35:18,602 INFO o.a.j.t.JMeterThread: Thread started: 1 post api thread - for getting the flights using from , to and date 1-44
2025-12-04 10:35:18,613 INFO o.a.j.t.JMeterThread: Thread started: 1 post api thread - for getting the flights using from , to and date 1-45
2025-12-04 10:35:18,624 INFO o.a.j.t.JMeterThread: Thread started: 1 post api thread - for getting the flights using from , to and date 1-46
2025-12-04 10:35:18,628 INFO o.a.j.t.JMeterThread: Thread is done: 1 post api thread - for getting the flights using from , to and date 1-7
2025-12-04 10:35:18,628 INFO o.a.j.t.JMeterThread: Thread finished: 1 post api thread - for getting the flights using from , to and date 1-7
2025-12-04 10:35:18,633 INFO o.a.j.t.JMeterThread: Thread started: 1 post api thread - for getting the flights using from , to and date 1-47
2025-12-04 10:35:18,643 INFO o.a.j.t.JMeterThread: Thread started: 1 post api thread - for getting the flights using from , to and date 1-48
2025-12-04 10:35:18,652 INFO o.a.j.t.JMeterThread: Thread started: 1 post api thread - for getting the flights using from , to and date 1-49
2025-12-04 10:35:18,664 INFO o.a.j.t.JMeterThread: Thread started: 1 post api thread - for getting the flights using from , to and date 1-50
2025-12-04 10:35:18,674 INFO o.a.j.t.JMeterThread: Thread is done: 1 post api thread - for getting the flights using from , to and date 1-15
2025-12-04 10:35:18,674 INFO o.a.j.t.JMeterThread: Thread finished: 1 post api thread - for getting the flights using from , to and date 1-15
2025-12-04 10:35:18,674 INFO o.a.j.t.JMeterThread: Thread started: 1 post api thread - for getting the flights using from , to and date 1-51
2025-12-04 10:35:18,684 INFO o.a.j.t.JMeterThread: Thread started: 1 post api thread - for getting the flights using from , to and date 1-52
2025-12-04 10:35:18,695 INFO o.a.j.t.JMeterThread: Thread started: 1 post api thread - for getting the flights using from , to and date 1-53
2025-12-04 10:35:18,706 INFO o.a.j.t.JMeterThread: Thread started: 1 post api thread - for getting the flights using from , to and date 1-54
2025-12-04 10:35:18,709 INFO o.a.j.t.JMeterThread: Thread is done: 1 post api thread - for getting the flights using from , to and date 1-9
2025-12-04 10:35:18,709 INFO o.a.j.t.JMeterThread: Thread finished: 1 post api thread - for getting the flights using from , to and date 1-9
2025-12-04 10:35:18,714 INFO o.a.j.t.JMeterThread: Thread started: 1 post api thread - for getting the flights using from , to and date 1-55
2025-12-04 10:35:18,724 INFO o.a.j.t.JMeterThread: Thread started: 1 post api thread - for getting the flights using from , to and date 1-56
2025-12-04 10:35:18,727 INFO o.a.j.t.JMeterThread: Thread is done: 1 post api thread - for getting the flights using from , to and date 1-16
2025-12-04 10:35:18,728 INFO o.a.j.t.JMeterThread: Thread finished: 1 post api thread - for getting the flights using from , to and date 1-16
2025-12-04 10:35:18,731 INFO o.a.j.t.JMeterThread: Thread is done: 1 post api thread - for getting the flights using from , to and date 1-19
2025-12-04 10:35:18,731 INFO o.a.j.t.JMeterThread: Thread finished: 1 post api thread - for getting the flights using from , to and date 1-19
2025-12-04 10:35:18,733 INFO o.a.j.t.JMeterThread: Thread is done: 1 post api thread - for getting the flights using from , to and date 1-10
2025-12-04 10:35:18,733 INFO o.a.j.t.JMeterThread: Thread finished: 1 post api thread - for getting the flights using from , to and date 1-10
2025-12-04 10:35:18,737 INFO o.a.j.t.JMeterThread: Thread started: 1 post api thread - for getting the flights using from , to and date 1-57
2025-12-04 10:35:18,739 INFO o.a.j.t.JMeterThread: Thread started: 1 post api thread - for getting the flights using from , to and date 1-60
2025-12-04 10:35:18,745 INFO o.a.j.t.JMeterThread: Thread started: 1 post api thread - for getting the flights using from , to and date 1-58
2025-12-04 10:35:18,749 INFO o.a.j.t.JMeterThread: Thread is done: 1 post api thread - for getting the flights using from , to and date 1-14
2025-12-04 10:35:18,750 INFO o.a.j.t.JMeterThread: Thread finished: 1 post api thread - for getting the flights using from , to and date 1-14
2025-12-04 10:35:18,754 INFO o.a.j.t.JMeterThread: Thread started: 1 post api thread - for getting the flights using from , to and date 1-59
2025-12-04 10:35:18,758 INFO o.a.j.t.JMeterThread: Thread is done: 1 post api thread - for getting the flights using from , to and date 1-1
2025-12-04 10:35:18,758 INFO o.a.j.t.JMeterThread: Thread finished: 1 post api thread - for getting the flights using from , to and date 1-1
2025-12-04 10:35:18,769 INFO o.a.j.t.JMeterThread: Thread is done: 1 post api thread - for getting the flights using from , to and date 1-17
2025-12-04 10:35:18,769 INFO o.a.j.t.JMeterThread: Thread finished: 1 post api thread - for getting the flights using from , to and date 1-17
2025-12-04 10:35:18,770 INFO o.a.j.t.JMeterThread: Thread is done: 1 post api thread - for getting the flights using from , to and date 1-11
2025-12-04 10:35:18,770 INFO o.a.j.t.JMeterThread: Thread finished: 1 post api thread - for getting the flights using from , to and date 1-11
2025-12-04 10:35:18,775 INFO o.a.j.t.JMeterThread: Thread started: 1 post api thread - for getting the flights using from , to and date 1-61
2025-12-04 10:35:18,784 INFO o.a.j.t.JMeterThread: Thread started: 1 post api thread - for getting the flights using from , to and date 1-62
2025-12-04 10:35:18,793 INFO o.a.j.t.JMeterThread: Thread started: 1 post api thread - for getting the flights using from , to and date 1-63
2025-12-04 10:35:18,804 INFO o.a.j.t.JMeterThread: Thread started: 1 post api thread - for getting the flights using from , to and date 1-64
2025-12-04 10:35:18,807 INFO o.a.j.t.JMeterThread: Thread is done: 1 post api thread - for getting the flights using from , to and date 1-3
2025-12-04 10:35:18,807 INFO o.a.j.t.JMeterThread: Thread finished: 1 post api thread - for getting the flights using from , to and date 1-3
2025-12-04 10:35:18,814 INFO o.a.j.t.JMeterThread: Thread started: 1 post api thread - for getting the flights using from , to and date 1-65
2025-12-04 10:35:18,821 INFO o.a.j.t.JMeterThread: Thread is done: 1 post api thread - for getting the flights using from , to and date 1-4
2025-12-04 10:35:18,822 INFO o.a.j.t.JMeterThread: Thread is done: 1 post api thread - for getting the flights using from , to and date 1-23
2025-12-04 10:35:18,822 INFO o.a.j.t.JMeterThread: Thread finished: 1 post api thread - for getting the flights using from , to and date 1-4
2025-12-04 10:35:18,822 INFO o.a.j.t.JMeterThread: Thread finished: 1 post api thread - for getting the flights using from , to and date 1-23
2025-12-04 10:35:18,824 INFO o.a.j.t.JMeterThread: Thread started: 1 post api thread - for getting the flights using from , to and date 1-66
2025-12-04 10:35:18,834 INFO o.a.j.t.JMeterThread: Thread started: 1 post api thread - for getting the flights using from , to and date 1-67
2025-12-04 10:35:18,839 INFO o.a.j.t.JMeterThread: Thread is done: 1 post api thread - for getting the flights using from , to and date 1-18
2025-12-04 10:35:18,839 INFO o.a.j.t.JMeterThread: Thread finished: 1 post api thread - for getting the flights using from , to and date 1-18
2025-12-04 10:35:18,846 INFO o.a.j.t.JMeterThread: Thread started: 1 post api thread - for getting the flights using from , to and date 1-68
2025-12-04 10:35:18,855 INFO o.a.j.t.JMeterThread: Thread started: 1 post api thread - for getting the flights using from , to and date 1-69
2025-12-04 10:35:18,865 INFO o.a.j.t.JMeterThread: Thread started: 1 post api thread - for getting the flights using from , to and date 1-70
2025-12-04 10:35:18,876 INFO o.a.j.t.JMeterThread: Thread started: 1 post api thread - for getting the flights using from , to and date 1-71
2025-12-04 10:35:18,886 INFO o.a.j.t.JMeterThread: Thread started: 1 post api thread - for getting the flights using from , to and date 1-72
2025-12-04 10:35:18,895 INFO o.a.j.t.JMeterThread: Thread started: 1 post api thread - for getting the flights using from , to and date 1-73
2025-12-04 10:35:18,899 INFO o.a.j.t.JMeterThread: Thread is done: 1 post api thread - for getting the flights using from , to and date 1-2
2025-12-04 10:35:18,899 INFO o.a.j.t.JMeterThread: Thread finished: 1 post api thread - for getting the flights using from , to and date 1-2
2025-12-04 10:35:18,903 INFO o.a.j.t.JMeterThread: Thread started: 1 post api thread - for getting the flights using from , to and date 1-74
2025-12-04 10:35:18,913 INFO o.a.j.t.JMeterThread: Thread started: 1 post api thread - for getting the flights using from , to and date 1-75
2025-12-04 10:35:18,923 INFO o.a.j.t.JMeterThread: Thread started: 1 post api thread - for getting the flights using from , to and date 1-76
2025-12-04 10:35:18,936 INFO o.a.j.t.JMeterThread: Thread started: 1 post api thread - for getting the flights using from , to and date 1-77
2025-12-04 10:35:18,943 INFO o.a.j.t.JMeterThread: Thread started: 1 post api thread - for getting the flights using from , to and date 1-78
2025-12-04 10:35:18,945 INFO o.a.j.t.JMeterThread: Thread is done: 1 post api thread - for getting the flights using from , to and date 1-8
2025-12-04 10:35:18,945 INFO o.a.j.t.JMeterThread: Thread finished: 1 post api thread - for getting the flights using from , to and date 1-8
2025-12-04 10:35:18,946 INFO o.a.j.t.JMeterThread: Thread is done: 1 post api thread - for getting the flights using from , to and date 1-6
2025-12-04 10:35:18,946 INFO o.a.j.t.JMeterThread: Thread finished: 1 post api thread - for getting the flights using from , to and date 1-6
2025-12-04 10:35:18,953 INFO o.a.j.t.JMeterThread: Thread started: 1 post api thread - for getting the flights using from , to and date 1-79
2025-12-04 10:35:18,965 INFO o.a.j.t.JMeterThread: Thread started: 1 post api thread - for getting the flights using from , to and date 1-80
2025-12-04 10:35:18,974 INFO o.a.j.t.JMeterThread: Thread started: 1 post api thread - for getting the flights using from , to and date 1-81
2025-12-04 10:35:18,986 INFO o.a.j.t.JMeterThread: Thread started: 1 post api thread - for getting the flights using from , to and date 1-82
2025-12-04 10:35:18,995 INFO o.a.j.t.JMeterThread: Thread started: 1 post api thread - for getting the flights using from , to and date 1-83
2025-12-04 10:35:19,006 INFO o.a.j.t.JMeterThread: Thread started: 1 post api thread - for getting the flights using from , to and date 1-84
2025-12-04 10:35:19,015 INFO o.a.j.t.JMeterThread: Thread started: 1 post api thread - for getting the flights using from , to and date 1-85
2025-12-04 10:35:19,028 INFO o.a.j.t.JMeterThread: Thread started: 1 post api thread - for getting the flights using from , to and date 1-86
2025-12-04 10:35:19,031 INFO o.a.j.t.JMeterThread: Thread is done: 1 post api thread - for getting the flights using from , to and date 1-12
2025-12-04 10:35:19,031 INFO o.a.j.t.JMeterThread: Thread finished: 1 post api thread - for getting the flights using from , to and date 1-12
2025-12-04 10:35:19,035 INFO o.a.j.t.JMeterThread: Thread is done: 1 post api thread - for getting the flights using from , to and date 1-5
2025-12-04 10:35:19,036 INFO o.a.j.t.JMeterThread: Thread finished: 1 post api thread - for getting the flights using from , to and date 1-5
2025-12-04 10:35:19,037 INFO o.a.j.t.JMeterThread: Thread started: 1 post api thread - for getting the flights using from , to and date 1-87
2025-12-04 10:35:19,046 INFO o.a.j.t.JMeterThread: Thread started: 1 post api thread - for getting the flights using from , to and date 1-88
2025-12-04 10:35:19,051 INFO o.a.j.t.JMeterThread: Thread is done: 1 post api thread - for getting the flights using from , to and date 1-26
2025-12-04 10:35:19,051 INFO o.a.j.t.JMeterThread: Thread finished: 1 post api thread - for getting the flights using from , to and date 1-26
2025-12-04 10:35:19,056 INFO o.a.j.t.JMeterThread: Thread started: 1 post api thread - for getting the flights using from , to and date 1-89
2025-12-04 10:35:19,067 INFO o.a.j.t.JMeterThread: Thread started: 1 post api thread - for getting the flights using from , to and date 1-90
2025-12-04 10:35:19,075 INFO o.a.j.t.JMeterThread: Thread started: 1 post api thread - for getting the flights using from , to and date 1-91
2025-12-04 10:35:19,084 INFO o.a.j.t.JMeterThread: Thread started: 1 post api thread - for getting the flights using from , to and date 1-92
2025-12-04 10:35:19,084 INFO o.a.j.t.JMeterThread: Thread is done: 1 post api thread - for getting the flights using from , to and date 1-22
2025-12-04 10:35:19,084 INFO o.a.j.t.JMeterThread: Thread finished: 1 post api thread - for getting the flights using from , to and date 1-22
2025-12-04 10:35:19,095 INFO o.a.j.t.JMeterThread: Thread started: 1 post api thread - for getting the flights using from , to and date 1-93
2025-12-04 10:35:19,104 INFO o.a.j.t.JMeterThread: Thread started: 1 post api thread - for getting the flights using from , to and date 1-94
2025-12-04 10:35:19,108 INFO o.a.j.t.JMeterThread: Thread started: 1 post api thread - for getting the flights using from , to and date 1-97
2025-12-04 10:35:19,115 INFO o.a.j.t.JMeterThread: Thread started: 1 post api thread - for getting the flights using from , to and date 1-95
2025-12-04 10:35:19,124 INFO o.a.j.t.JMeterThread: Thread started: 1 post api thread - for getting the flights using from , to and date 1-96
2025-12-04 10:35:19,125 INFO o.a.j.t.JMeterThread: Thread is done: 1 post api thread - for getting the flights using from , to and date 1-25
2025-12-04 10:35:19,125 INFO o.a.j.t.JMeterThread: Thread finished: 1 post api thread - for getting the flights using from , to and date 1-25
2025-12-04 10:35:19,144 INFO o.a.j.t.JMeterThread: Thread started: 1 post api thread - for getting the flights using from , to and date 1-98
2025-12-04 10:35:19,154 INFO o.a.j.t.JMeterThread: Thread started: 1 post api thread - for getting the flights using from , to and date 1-99
2025-12-04 10:35:19,163 INFO o.a.j.t.JMeterThread: Thread started: 1 post api thread - for getting the flights using from , to and date 1-100
2025-12-04 10:35:19,495 INFO o.a.j.t.JMeterThread: Thread is done: 1 post api thread - for getting the flights using from , to and date 1-13
2025-12-04 10:35:19,496 INFO o.a.j.t.JMeterThread: Thread finished: 1 post api thread - for getting the flights using from , to and date 1-13
2025-12-04 10:35:19,497 INFO o.a.j.t.JMeterThread: Thread is done: 1 post api thread - for getting the flights using from , to and date 1-24
2025-12-04 10:35:19,497 INFO o.a.j.t.JMeterThread: Thread finished: 1 post api thread - for getting the flights using from , to and date 1-24
2025-12-04 10:35:19,609 INFO o.a.j.t.JMeterThread: Thread is done: 1 post api thread - for getting the flights using from , to and date 1-20
2025-12-04 10:35:19,609 INFO o.a.j.t.JMeterThread: Thread finished: 1 post api thread - for getting the flights using from , to and date 1-20
2025-12-04 10:35:19,618 INFO o.a.j.t.JMeterThread: Thread is done: 1 post api thread - for getting the flights using from , to and date 1-28
2025-12-04 10:35:19,618 INFO o.a.j.t.JMeterThread: Thread finished: 1 post api thread - for getting the flights using from , to and date 1-28
2025-12-04 10:35:19,725 INFO o.a.j.t.JMeterThread: Thread is done: 1 post api thread - for getting the flights using from , to and date 1-33
2025-12-04 10:35:19,725 INFO o.a.j.t.JMeterThread: Thread finished: 1 post api thread - for getting the flights using from , to and date 1-33
2025-12-04 10:35:19,781 INFO o.a.j.t.JMeterThread: Thread is done: 1 post api thread - for getting the flights using from , to and date 1-30
2025-12-04 10:35:19,781 INFO o.a.j.t.JMeterThread: Thread finished: 1 post api thread - for getting the flights using from , to and date 1-30
2025-12-04 10:35:20,038 INFO o.a.j.t.JMeterThread: Thread is done: 1 post api thread - for getting the flights using from , to and date 1-32
2025-12-04 10:35:20,038 INFO o.a.j.t.JMeterThread: Thread finished: 1 post api thread - for getting the flights using from , to and date 1-32
2025-12-04 10:35:20,050 INFO o.a.j.t.JMeterThread: Thread is done: 1 post api thread - for getting the flights using from , to and date 1-29
2025-12-04 10:35:20,050 INFO o.a.j.t.JMeterThread: Thread finished: 1 post api thread - for getting the flights using from , to and date 1-29
2025-12-04 10:35:20,053 INFO o.a.j.t.JMeterThread: Thread is done: 1 post api thread - for getting the flights using from , to and date 1-36
2025-12-04 10:35:20,053 INFO o.a.j.t.JMeterThread: Thread finished: 1 post api thread - for getting the flights using from , to and date 1-36
2025-12-04 10:35:20,153 INFO o.a.j.t.JMeterThread: Thread is done: 1 post api thread - for getting the flights using from , to and date 1-27
2025-12-04 10:35:20,154 INFO o.a.j.t.JMeterThread: Thread finished: 1 post api thread - for getting the flights using from , to and date 1-27
2025-12-04 10:35:20,178 INFO o.a.j.t.JMeterThread: Thread is done: 1 post api thread - for getting the flights using from , to and date 1-39
2025-12-04 10:35:20,178 INFO o.a.j.t.JMeterThread: Thread is done: 1 post api thread - for getting the flights using from , to and date 1-31
2025-12-04 10:35:20,178 INFO o.a.j.t.JMeterThread: Thread finished: 1 post api thread - for getting the flights using from , to and date 1-39
2025-12-04 10:35:20,178 INFO o.a.j.t.JMeterThread: Thread finished: 1 post api thread - for getting the flights using from , to and date 1-31
2025-12-04 10:35:20,180 INFO o.a.j.t.JMeterThread: Thread is done: 1 post api thread - for getting the flights using from , to and date 1-40
2025-12-04 10:35:20,180 INFO o.a.j.t.JMeterThread: Thread finished: 1 post api thread - for getting the flights using from , to and date 1-40
2025-12-04 10:35:20,203 INFO o.a.j.t.JMeterThread: Thread is done: 1 post api thread - for getting the flights using from , to and date 1-35
2025-12-04 10:35:20,203 INFO o.a.j.t.JMeterThread: Thread finished: 1 post api thread - for getting the flights using from , to and date 1-35
2025-12-04 10:35:20,204 INFO o.a.j.t.JMeterThread: Thread is done: 1 post api thread - for getting the flights using from , to and date 1-41
2025-12-04 10:35:20,204 INFO o.a.j.t.JMeterThread: Thread finished: 1 post api thread - for getting the flights using from , to and date 1-41
2025-12-04 10:35:20,300 INFO o.a.j.t.JMeterThread: Thread is done: 1 post api thread - for getting the flights using from , to and date 1-34
2025-12-04 10:35:20,301 INFO o.a.j.t.JMeterThread: Thread finished: 1 post api thread - for getting the flights using from , to and date 1-34
2025-12-04 10:35:20,323 INFO o.a.j.t.JMeterThread: Thread is done: 1 post api thread - for getting the flights using from , to and date 1-42
2025-12-04 10:35:20,324 INFO o.a.j.t.JMeterThread: Thread finished: 1 post api thread - for getting the flights using from , to and date 1-42
2025-12-04 10:35:20,324 INFO o.a.j.t.JMeterThread: Thread is done: 1 post api thread - for getting the flights using from , to and date 1-21
2025-12-04 10:35:20,324 INFO o.a.j.t.JMeterThread: Thread finished: 1 post api thread - for getting the flights using from , to and date 1-21
2025-12-04 10:35:20,330 INFO o.a.j.t.JMeterThread: Thread is done: 1 post api thread - for getting the flights using from , to and date 1-44
2025-12-04 10:35:20,330 INFO o.a.j.t.JMeterThread: Thread finished: 1 post api thread - for getting the flights using from , to and date 1-44
2025-12-04 10:35:20,330 INFO o.a.j.t.JMeterThread: Thread is done: 1 post api thread - for getting the flights using from , to and date 1-45
2025-12-04 10:35:20,331 INFO o.a.j.t.JMeterThread: Thread finished: 1 post api thread - for getting the flights using from , to and date 1-45
2025-12-04 10:35:20,346 INFO o.a.j.t.JMeterThread: Thread is done: 1 post api thread - for getting the flights using from , to and date 1-38
2025-12-04 10:35:20,346 INFO o.a.j.t.JMeterThread: Thread finished: 1 post api thread - for getting the flights using from , to and date 1-38
2025-12-04 10:35:20,468 INFO o.a.j.t.JMeterThread: Thread is done: 1 post api thread - for getting the flights using from , to and date 1-46
2025-12-04 10:35:20,468 INFO o.a.j.t.JMeterThread: Thread finished: 1 post api thread - for getting the flights using from , to and date 1-46
2025-12-04 10:35:20,472 INFO o.a.j.t.JMeterThread: Thread is done: 1 post api thread - for getting the flights using from , to and date 1-47
2025-12-04 10:35:20,472 INFO o.a.j.t.JMeterThread: Thread finished: 1 post api thread - for getting the flights using from , to and date 1-47
2025-12-04 10:35:20,602 INFO o.a.j.t.JMeterThread: Thread is done: 1 post api thread - for getting the flights using from , to and date 1-43
2025-12-04 10:35:20,602 INFO o.a.j.t.JMeterThread: Thread is done: 1 post api thread - for getting the flights using from , to and date 1-49
2025-12-04 10:35:20,602 INFO o.a.j.t.JMeterThread: Thread finished: 1 post api thread - for getting the flights using from , to and date 1-43
2025-12-04 10:35:20,603 INFO o.a.j.t.JMeterThread: Thread finished: 1 post api thread - for getting the flights using from , to and date 1-49
2025-12-04 10:35:20,608 INFO o.a.j.t.JMeterThread: Thread is done: 1 post api thread - for getting the flights using from , to and date 1-51
2025-12-04 10:35:20,608 INFO o.a.j.t.JMeterThread: Thread finished: 1 post api thread - for getting the flights using from , to and date 1-51
2025-12-04 10:35:20,611 INFO o.a.j.t.JMeterThread: Thread is done: 1 post api thread - for getting the flights using from , to and date 1-50
2025-12-04 10:35:20,611 INFO o.a.j.t.JMeterThread: Thread finished: 1 post api thread - for getting the flights using from , to and date 1-50
2025-12-04 10:35:20,753 INFO o.a.j.t.JMeterThread: Thread is done: 1 post api thread - for getting the flights using from , to and date 1-48
2025-12-04 10:35:20,754 INFO o.a.j.t.JMeterThread: Thread finished: 1 post api thread - for getting the flights using from , to and date 1-48
2025-12-04 10:35:20,757 INFO o.a.j.t.JMeterThread: Thread is done: 1 post api thread - for getting the flights using from , to and date 1-52
2025-12-04 10:35:20,757 INFO o.a.j.t.JMeterThread: Thread finished: 1 post api thread - for getting the flights using from , to and date 1-52
2025-12-04 10:35:20,760 INFO o.a.j.t.JMeterThread: Thread is done: 1 post api thread - for getting the flights using from , to and date 1-60
2025-12-04 10:35:20,761 INFO o.a.j.t.JMeterThread: Thread is done: 1 post api thread - for getting the flights using from , to and date 1-61
2025-12-04 10:35:20,762 INFO o.a.j.t.JMeterThread: Thread finished: 1 post api thread - for getting the flights using from , to and date 1-61
2025-12-04 10:35:20,764 INFO o.a.j.t.JMeterThread: Thread finished: 1 post api thread - for getting the flights using from , to and date 1-60
2025-12-04 10:35:20,769 INFO o.a.j.t.JMeterThread: Thread is done: 1 post api thread - for getting the flights using from , to and date 1-55
2025-12-04 10:35:20,770 INFO o.a.j.t.JMeterThread: Thread finished: 1 post api thread - for getting the flights using from , to and date 1-55
2025-12-04 10:35:20,911 INFO o.a.j.t.JMeterThread: Thread is done: 1 post api thread - for getting the flights using from , to and date 1-54
2025-12-04 10:35:20,913 INFO o.a.j.t.JMeterThread: Thread finished: 1 post api thread - for getting the flights using from , to and date 1-54
2025-12-04 10:35:20,915 INFO o.a.j.t.JMeterThread: Thread is done: 1 post api thread - for getting the flights using from , to and date 1-67
2025-12-04 10:35:20,915 INFO o.a.j.t.JMeterThread: Thread finished: 1 post api thread - for getting the flights using from , to and date 1-67
2025-12-04 10:35:20,915 INFO o.a.j.t.JMeterThread: Thread is done: 1 post api thread - for getting the flights using from , to and date 1-64
2025-12-04 10:35:20,915 INFO o.a.j.t.JMeterThread: Thread finished: 1 post api thread - for getting the flights using from , to and date 1-64
2025-12-04 10:35:20,916 INFO o.a.j.t.JMeterThread: Thread is done: 1 post api thread - for getting the flights using from , to and date 1-68
2025-12-04 10:35:20,916 INFO o.a.j.t.JMeterThread: Thread finished: 1 post api thread - for getting the flights using from , to and date 1-68
2025-12-04 10:35:21,042 INFO o.a.j.t.JMeterThread: Thread is done: 1 post api thread - for getting the flights using from , to and date 1-56
2025-12-04 10:35:21,043 INFO o.a.j.t.JMeterThread: Thread finished: 1 post api thread - for getting the flights using from , to and date 1-56
2025-12-04 10:35:21,046 INFO o.a.j.t.JMeterThread: Thread is done: 1 post api thread - for getting the flights using from , to and date 1-59
2025-12-04 10:35:21,046 INFO o.a.j.t.JMeterThread: Thread finished: 1 post api thread - for getting the flights using from , to and date 1-59
2025-12-04 10:35:21,049 INFO o.a.j.t.JMeterThread: Thread is done: 1 post api thread - for getting the flights using from , to and date 1-62
2025-12-04 10:35:21,049 INFO o.a.j.t.JMeterThread: Thread finished: 1 post api thread - for getting the flights using from , to and date 1-62
2025-12-04 10:35:21,231 INFO o.a.j.t.JMeterThread: Thread is done: 1 post api thread - for getting the flights using from , to and date 1-57
2025-12-04 10:35:21,231 INFO o.a.j.t.JMeterThread: Thread finished: 1 post api thread - for getting the flights using from , to and date 1-57
2025-12-04 10:35:21,236 INFO o.a.j.t.JMeterThread: Thread is done: 1 post api thread - for getting the flights using from , to and date 1-66
2025-12-04 10:35:21,236 INFO o.a.j.t.JMeterThread: Thread finished: 1 post api thread - for getting the flights using from , to and date 1-66
2025-12-04 10:35:21,306 INFO o.a.j.t.JMeterThread: Thread is done: 1 post api thread - for getting the flights using from , to and date 1-37
2025-12-04 10:35:21,306 INFO o.a.j.t.JMeterThread: Thread finished: 1 post api thread - for getting the flights using from , to and date 1-37
2025-12-04 10:35:21,416 INFO o.a.j.t.JMeterThread: Thread is done: 1 post api thread - for getting the flights using from , to and date 1-58
2025-12-04 10:35:21,416 INFO o.a.j.t.JMeterThread: Thread finished: 1 post api thread - for getting the flights using from , to and date 1-58
2025-12-04 10:35:21,432 INFO o.a.j.t.JMeterThread: Thread is done: 1 post api thread - for getting the flights using from , to and date 1-71
2025-12-04 10:35:21,432 INFO o.a.j.t.JMeterThread: Thread finished: 1 post api thread - for getting the flights using from , to and date 1-71
2025-12-04 10:35:21,434 INFO o.a.j.t.JMeterThread: Thread is done: 1 post api thread - for getting the flights using from , to and date 1-53
2025-12-04 10:35:21,434 INFO o.a.j.t.JMeterThread: Thread finished: 1 post api thread - for getting the flights using from , to and date 1-53
2025-12-04 10:35:21,436 INFO o.a.j.t.JMeterThread: Thread is done: 1 post api thread - for getting the flights using from , to and date 1-65
2025-12-04 10:35:21,436 INFO o.a.j.t.JMeterThread: Thread finished: 1 post api thread - for getting the flights using from , to and date 1-65
2025-12-04 10:35:21,562 INFO o.a.j.t.JMeterThread: Thread is done: 1 post api thread - for getting the flights using from , to and date 1-75
2025-12-04 10:35:21,562 INFO o.a.j.t.JMeterThread: Thread finished: 1 post api thread - for getting the flights using from , to and date 1-75
2025-12-04 10:35:21,572 INFO o.a.j.t.JMeterThread: Thread is done: 1 post api thread - for getting the flights using from , to and date 1-72
2025-12-04 10:35:21,572 INFO o.a.j.t.JMeterThread: Thread finished: 1 post api thread - for getting the flights using from , to and date 1-72
2025-12-04 10:35:21,677 INFO o.a.j.t.JMeterThread: Thread is done: 1 post api thread - for getting the flights using from , to and date 1-70
2025-12-04 10:35:21,677 INFO o.a.j.t.JMeterThread: Thread finished: 1 post api thread - for getting the flights using from , to and date 1-70
2025-12-04 10:35:21,691 INFO o.a.j.t.JMeterThread: Thread is done: 1 post api thread - for getting the flights using from , to and date 1-76
2025-12-04 10:35:21,691 INFO o.a.j.t.JMeterThread: Thread finished: 1 post api thread - for getting the flights using from , to and date 1-76
2025-12-04 10:35:21,702 INFO o.a.j.t.JMeterThread: Thread is done: 1 post api thread - for getting the flights using from , to and date 1-73
2025-12-04 10:35:21,702 INFO o.a.j.t.JMeterThread: Thread finished: 1 post api thread - for getting the flights using from , to and date 1-73
2025-12-04 10:35:21,730 INFO o.a.j.t.JMeterThread: Thread is done: 1 post api thread - for getting the flights using from , to and date 1-74
2025-12-04 10:35:21,730 INFO o.a.j.t.JMeterThread: Thread finished: 1 post api thread - for getting the flights using from , to and date 1-74
2025-12-04 10:35:21,730 INFO o.a.j.t.JMeterThread: Thread is done: 1 post api thread - for getting the flights using from , to and date 1-82
2025-12-04 10:35:21,730 INFO o.a.j.t.JMeterThread: Thread finished: 1 post api thread - for getting the flights using from , to and date 1-82
2025-12-04 10:35:21,775 INFO o.a.j.t.JMeterThread: Thread is done: 1 post api thread - for getting the flights using from , to and date 1-78
2025-12-04 10:35:21,775 INFO o.a.j.t.JMeterThread: Thread finished: 1 post api thread - for getting the flights using from , to and date 1-78
2025-12-04 10:35:21,780 INFO o.a.j.t.JMeterThread: Thread is done: 1 post api thread - for getting the flights using from , to and date 1-77
2025-12-04 10:35:21,780 INFO o.a.j.t.JMeterThread: Thread finished: 1 post api thread - for getting the flights using from , to and date 1-77
2025-12-04 10:35:21,916 INFO o.a.j.t.JMeterThread: Thread is done: 1 post api thread - for getting the flights using from , to and date 1-63
2025-12-04 10:35:21,916 INFO o.a.j.t.JMeterThread: Thread finished: 1 post api thread - for getting the flights using from , to and date 1-63
2025-12-04 10:35:22,281 INFO o.a.j.t.JMeterThread: Thread is done: 1 post api thread - for getting the flights using from , to and date 1-79
2025-12-04 10:35:22,281 INFO o.a.j.t.JMeterThread: Thread finished: 1 post api thread - for getting the flights using from , to and date 1-79
2025-12-04 10:35:22,299 INFO o.a.j.t.JMeterThread: Thread is done: 1 post api thread - for getting the flights using from , to and date 1-86
2025-12-04 10:35:22,299 INFO o.a.j.t.JMeterThread: Thread finished: 1 post api thread - for getting the flights using from , to and date 1-86
2025-12-04 10:35:22,303 INFO o.a.j.t.JMeterThread: Thread is done: 1 post api thread - for getting the flights using from , to and date 1-91
2025-12-04 10:35:22,303 INFO o.a.j.t.JMeterThread: Thread finished: 1 post api thread - for getting the flights using from , to and date 1-91
2025-12-04 10:35:22,307 INFO o.a.j.t.JMeterThread: Thread is done: 1 post api thread - for getting the flights using from , to and date 1-88
2025-12-04 10:35:22,307 INFO o.a.j.t.JMeterThread: Thread finished: 1 post api thread - for getting the flights using from , to and date 1-88
2025-12-04 10:35:22,310 INFO o.a.j.t.JMeterThread: Thread is done: 1 post api thread - for getting the flights using from , to and date 1-69
2025-12-04 10:35:22,310 INFO o.a.j.t.JMeterThread: Thread finished: 1 post api thread - for getting the flights using from , to and date 1-69
2025-12-04 10:35:22,315 INFO o.a.j.t.JMeterThread: Thread is done: 1 post api thread - for getting the flights using from , to and date 1-92
2025-12-04 10:35:22,315 INFO o.a.j.t.JMeterThread: Thread finished: 1 post api thread - for getting the flights using from , to and date 1-92
2025-12-04 10:35:22,315 INFO o.a.j.t.JMeterThread: Thread is done: 1 post api thread - for getting the flights using from , to and date 1-84
2025-12-04 10:35:22,315 INFO o.a.j.t.JMeterThread: Thread finished: 1 post api thread - for getting the flights using from , to and date 1-84
2025-12-04 10:35:22,318 INFO o.a.j.t.JMeterThread: Thread is done: 1 post api thread - for getting the flights using from , to and date 1-90
2025-12-04 10:35:22,318 INFO o.a.j.t.JMeterThread: Thread finished: 1 post api thread - for getting the flights using from , to and date 1-90
2025-12-04 10:35:22,326 INFO o.a.j.t.JMeterThread: Thread is done: 1 post api thread - for getting the flights using from , to and date 1-93
2025-12-04 10:35:22,326 INFO o.a.j.t.JMeterThread: Thread is done: 1 post api thread - for getting the flights using from , to and date 1-85
2025-12-04 10:35:22,326 INFO o.a.j.t.JMeterThread: Thread finished: 1 post api thread - for getting the flights using from , to and date 1-93
2025-12-04 10:35:22,326 INFO o.a.j.t.JMeterThread: Thread finished: 1 post api thread - for getting the flights using from , to and date 1-85
2025-12-04 10:35:22,329 INFO o.a.j.t.JMeterThread: Thread is done: 1 post api thread - for getting the flights using from , to and date 1-100
2025-12-04 10:35:22,329 INFO o.a.j.t.JMeterThread: Thread finished: 1 post api thread - for getting the flights using from , to and date 1-100
2025-12-04 10:35:22,334 INFO o.a.j.t.JMeterThread: Thread is done: 1 post api thread - for getting the flights using from , to and date 1-81
2025-12-04 10:35:22,334 INFO o.a.j.t.JMeterThread: Thread finished: 1 post api thread - for getting the flights using from , to and date 1-81
2025-12-04 10:35:22,336 INFO o.a.j.t.JMeterThread: Thread is done: 1 post api thread - for getting the flights using from , to and date 1-87
2025-12-04 10:35:22,336 INFO o.a.j.t.JMeterThread: Thread finished: 1 post api thread - for getting the flights using from , to and date 1-87
2025-12-04 10:35:22,336 INFO o.a.j.t.JMeterThread: Thread is done: 1 post api thread - for getting the flights using from , to and date 1-80
2025-12-04 10:35:22,336 INFO o.a.j.t.JMeterThread: Thread finished: 1 post api thread - for getting the flights using from , to and date 1-80
2025-12-04 10:35:22,340 INFO o.a.j.t.JMeterThread: Thread is done: 1 post api thread - for getting the flights using from , to and date 1-83
2025-12-04 10:35:22,340 INFO o.a.j.t.JMeterThread: Thread finished: 1 post api thread - for getting the flights using from , to and date 1-83
2025-12-04 10:35:22,343 INFO o.a.j.t.JMeterThread: Thread is done: 1 post api thread - for getting the flights using from , to and date 1-89
2025-12-04 10:35:22,343 INFO o.a.j.t.JMeterThread: Thread finished: 1 post api thread - for getting the flights using from , to and date 1-89
2025-12-04 10:35:22,346 INFO o.a.j.t.JMeterThread: Thread is done: 1 post api thread - for getting the flights using from , to and date 1-94
2025-12-04 10:35:22,346 INFO o.a.j.t.JMeterThread: Thread is done: 1 post api thread - for getting the flights using from , to and date 1-97
2025-12-04 10:35:22,346 INFO o.a.j.t.JMeterThread: Thread finished: 1 post api thread - for getting the flights using from , to and date 1-94
2025-12-04 10:35:22,346 INFO o.a.j.t.JMeterThread: Thread finished: 1 post api thread - for getting the flights using from , to and date 1-97
2025-12-04 10:35:22,352 INFO o.a.j.t.JMeterThread: Thread is done: 1 post api thread - for getting the flights using from , to and date 1-99
2025-12-04 10:35:22,352 INFO o.a.j.t.JMeterThread: Thread is done: 1 post api thread - for getting the flights using from , to and date 1-95
2025-12-04 10:35:22,352 INFO o.a.j.t.JMeterThread: Thread is done: 1 post api thread - for getting the flights using from , to and date 1-96
2025-12-04 10:35:22,352 INFO o.a.j.t.JMeterThread: Thread finished: 1 post api thread - for getting the flights using from , to and date 1-99
2025-12-04 10:35:22,353 INFO o.a.j.t.JMeterThread: Thread finished: 1 post api thread - for getting the flights using from , to and date 1-95
2025-12-04 10:35:22,353 INFO o.a.j.t.JMeterThread: Thread is done: 1 post api thread - for getting the flights using from , to and date 1-98
2025-12-04 10:35:22,353 INFO o.a.j.t.JMeterThread: Thread finished: 1 post api thread - for getting the flights using from , to and date 1-98
2025-12-04 10:35:22,353 INFO o.a.j.t.JMeterThread: Thread finished: 1 post api thread - for getting the flights using from , to and date 1-96
2025-12-04 10:35:22,354 INFO o.a.j.e.StandardJMeterEngine: Notifying test listeners of end of test
2025-12-04 10:35:22,362 INFO o.a.j.r.Summariser: summary =    300 in 00:00:04 =   70.9/s Avg:   664 Min:     6 Max:  2328 Err:   100 (33.33%)
