#
# There is insufficient memory for the Java Runtime Environment to continue.
# Native memory allocation (malloc) failed to allocate 1330896 bytes. Error detail: Chunk::new
# Possible reasons:
#   The system is out of physical RAM or swap space
#   This process is running with CompressedOops enabled, and the Java Heap may be blocking the growth of the native heap
# Possible solutions:
#   Reduce memory load on the system
#   Increase physical memory or swap space
#   Check if swap backing store is full
#   Decrease Java heap size (-Xmx/-Xms)
#   Decrease number of Java threads
#   Decrease Java thread stack sizes (-Xss)
#   Set larger code cache with -XX:ReservedCodeCacheSize=
#   JVM is running with Zero Based Compressed Oops mode in which the Java heap is
#     placed in the first 32GB address space. The Java Heap base address is the
#     maximum limit for the native heap growth. Please use -XX:HeapBaseMinAddress
#     to set the Java Heap base and to place the Java Heap above 32GB virtual address.
# This output file may be truncated or incomplete.
#
#  Out of Memory Error (arena.cpp:168), pid=31496, tid=31028
#
# JRE version: OpenJDK Runtime Environment Temurin-21.0.9+10 (21.0.9+10) (build 21.0.9+10-LTS)
# Java VM: OpenJDK 64-Bit Server VM Temurin-21.0.9+10 (21.0.9+10-LTS, mixed mode, sharing, tiered, compressed oops, compressed class ptrs, g1 gc, windows-amd64)
# No core dump will be written. Minidumps are not enabled by default on client versions of Windows
#

---------------  S U M M A R Y ------------

Command Line: -Dfile.encoding=UTF-8 -Dstdout.encoding=UTF-8 -Dstderr.encoding=UTF-8 -XX:+ShowCodeDetailsInExceptionMessages com.service.registry.ServiceRegistryApplication

Host: 12th Gen Intel(R) Core(TM) i5-12500H, 16 cores, 15G,  Windows 11 , 64 bit Build 26100 (10.0.26100.7019)
Time: Mon Dec  1 14:29:51 2025 India Standard Time elapsed time: 5.017297 seconds (0d 0h 0m 5s)

---------------  T H R E A D  ---------------

Current thread (0x0000020e1bc762c0):  JavaThread "C2 CompilerThread1" daemon [_thread_in_native, id=31028, stack(0x00000038b0d00000,0x00000038b0e00000) (1024K)]


Current CompileTask:
C2:5017 1055   !   4       java.util.jar.Attributes::read (494 bytes)

Stack: [0x00000038b0d00000,0x00000038b0e00000]
Native frames: (J=compiled Java code, j=interpreted, Vv=VM code, C=native code)
V  [jvm.dll+0x6d6e29]
V  [jvm.dll+0x8b4b76]
V  [jvm.dll+0x8b712e]
V  [jvm.dll+0x8b7813]
V  [jvm.dll+0x283d86]
V  [jvm.dll+0xc66ed]
V  [jvm.dll+0xc6c31]
V  [jvm.dll+0x3be501]
V  [jvm.dll+0x38ab92]
V  [jvm.dll+0x389fda]
V  [jvm.dll+0x24bfa0]
V  [jvm.dll+0x24b580]
V  [jvm.dll+0x1cb13e]
V  [jvm.dll+0x25b29d]
V  [jvm.dll+0x25982a]
V  [jvm.dll+0x3f7ea6]
V  [jvm.dll+0x85e9ad]
V  [jvm.dll+0x6d565d]
C  [ucrtbase.dll+0x37b0]
C  [KERNEL32.DLL+0x2e8d7]
C  [ntdll.dll+0x8c53c]


---------------  P R O C E S S  ---------------

Threads class SMR info:
_java_thread_list=0x0000020e1bac2780, length=15, elements={
0x0000020db8aa6230, 0x0000020dd5f71340, 0x0000020dd5f799d0, 0x0000020dd5f7c430,
0x0000020dd5f7f630, 0x0000020dd5f840e0, 0x0000020dd5f85b20, 0x0000020dd5f87910,
0x0000020e1b056d90, 0x0000020e1b134ea0, 0x0000020dd5f84770, 0x0000020dd5f826a0,
0x0000020e1bc762c0, 0x0000020e1bc76960, 0x0000020e1c34eee0
}

Java Threads: ( => current thread )
  0x0000020db8aa6230 JavaThread "main"                              [_thread_in_vm, id=31548, stack(0x00000038af400000,0x00000038af500000) (1024K)]
  0x0000020dd5f71340 JavaThread "Reference Handler"          daemon [_thread_blocked, id=31620, stack(0x00000038afc00000,0x00000038afd00000) (1024K)]
  0x0000020dd5f799d0 JavaThread "Finalizer"                  daemon [_thread_blocked, id=31628, stack(0x00000038afd00000,0x00000038afe00000) (1024K)]
  0x0000020dd5f7c430 JavaThread "Signal Dispatcher"          daemon [_thread_blocked, id=31632, stack(0x00000038afe00000,0x00000038aff00000) (1024K)]
  0x0000020dd5f7f630 JavaThread "Attach Listener"            daemon [_thread_blocked, id=31636, stack(0x00000038aff00000,0x00000038b0000000) (1024K)]
  0x0000020dd5f840e0 JavaThread "Service Thread"             daemon [_thread_blocked, id=31640, stack(0x00000038b0000000,0x00000038b0100000) (1024K)]
  0x0000020dd5f85b20 JavaThread "Monitor Deflation Thread"   daemon [_thread_blocked, id=31644, stack(0x00000038b0100000,0x00000038b0200000) (1024K)]
  0x0000020dd5f87910 JavaThread "C2 CompilerThread0"         daemon [_thread_blocked, id=31648, stack(0x00000038b0200000,0x00000038b0300000) (1024K)]
  0x0000020e1b056d90 JavaThread "C1 CompilerThread0"         daemon [_thread_blocked, id=31652, stack(0x00000038b0300000,0x00000038b0400000) (1024K)]
  0x0000020e1b134ea0 JavaThread "C1 CompilerThread1"         daemon [_thread_blocked, id=31696, stack(0x00000038b0400000,0x00000038b0500000) (1024K)]
  0x0000020dd5f84770 JavaThread "Notification Thread"        daemon [_thread_blocked, id=31700, stack(0x00000038b0500000,0x00000038b0600000) (1024K)]
  0x0000020dd5f826a0 JavaThread "Common-Cleaner"             daemon [_thread_blocked, id=31708, stack(0x00000038b0600000,0x00000038b0700000) (1024K)]
=>0x0000020e1bc762c0 JavaThread "C2 CompilerThread1"         daemon [_thread_in_native, id=31028, stack(0x00000038b0d00000,0x00000038b0e00000) (1024K)]
  0x0000020e1bc76960 JavaThread "C2 CompilerThread2"         daemon [_thread_blocked, id=30984, stack(0x00000038b0e00000,0x00000038b0f00000) (1024K)]
  0x0000020e1c34eee0 JavaThread "C2 CompilerThread3"         daemon [_thread_blocked, id=13864, stack(0x00000038b0700000,0x00000038b0800000) (1024K)]
Total: 15

Other Threads:
  0x0000020dd5f5a110 VMThread "VM Thread"                           [id=31612, stack(0x00000038afb00000,0x00000038afc00000) (1024K)] _threads_hazard_ptr=0x0000020e1bac2780
  0x0000020dd5f3ec60 WatcherThread "VM Periodic Task Thread"        [id=31608, stack(0x00000038afa00000,0x00000038afb00000) (1024K)]
  0x0000020dbafb7600 WorkerThread "GC Thread#0"                     [id=31580, stack(0x00000038af500000,0x00000038af600000) (1024K)]
  0x0000020e1bac8820 WorkerThread "GC Thread#1"                     [id=31168, stack(0x00000038b0800000,0x00000038b0900000) (1024K)]
  0x0000020e1bac8bc0 WorkerThread "GC Thread#2"                     [id=31144, stack(0x00000038b0900000,0x00000038b0a00000) (1024K)]
  0x0000020e1bacf290 WorkerThread "GC Thread#3"                     [id=30988, stack(0x00000038b0a00000,0x00000038b0b00000) (1024K)]
  0x0000020e1bacf630 WorkerThread "GC Thread#4"                     [id=31068, stack(0x00000038b0b00000,0x00000038b0c00000) (1024K)]
  0x0000020e1bacf9d0 WorkerThread "GC Thread#5"                     [id=31176, stack(0x00000038b0c00000,0x00000038b0d00000) (1024K)]
  0x0000020dbafc8800 ConcurrentGCThread "G1 Main Marker"            [id=31584, stack(0x00000038af600000,0x00000038af700000) (1024K)]
  0x0000020dbafc9300 WorkerThread "G1 Conc#0"                       [id=31588, stack(0x00000038af700000,0x00000038af800000) (1024K)]
  0x0000020dd5e0c0b0 ConcurrentGCThread "G1 Refine#0"               [id=31596, stack(0x00000038af800000,0x00000038af900000) (1024K)]
  0x0000020dd5e0cc20 ConcurrentGCThread "G1 Service"                [id=31600, stack(0x00000038af900000,0x00000038afa00000) (1024K)]
Total: 12

Threads with active compile tasks:
C1 CompilerThread1  5032 1104       3       java.lang.StringLatin1::toUpperCase (186 bytes)
C2 CompilerThread1  5032 1055   !   4       java.util.jar.Attributes::read (494 bytes)
Total: 2

VM state: synchronizing (normal execution)

VM Mutex/Monitor currently owned by a thread:  ([mutex/lock_event])
[0x00007ffeff59d570] Threads_lock - owner thread: 0x0000020dd5f5a110

Heap address: 0x0000000705e00000, size: 4002 MB, Compressed Oops mode: Zero based, Oop shift amount: 3

CDS archive(s) mapped at: [0x0000020dd6000000-0x0000020dd6c80000-0x0000020dd6c80000), size 13107200, SharedBaseAddress: 0x0000020dd6000000, ArchiveRelocationMode: 1.
Compressed class space mapped at: 0x0000020dd7000000-0x0000020e17000000, reserved size: 1073741824
Narrow klass base: 0x0000020dd6000000, Narrow klass shift: 0, Narrow klass range: 0x100000000

GC Precious Log:
 CardTable entry size: 512
 Card Set container configuration: InlinePtr #cards 4 size 8 Array Of Cards #cards 16 size 48 Howl #buckets 8 coarsen threshold 3686 Howl Bitmap #cards 512 size 80 coarsen threshold 460 Card regions per heap region 1 cards per card region 4096
 CPUs: 16 total, 16 available
 Memory: 16003M
 Large Page Support: Disabled
 NUMA Support: Disabled
 Compressed Oops: Enabled (Zero based)
 Heap Region Size: 2M
 Heap Min Capacity: 8M
 Heap Initial Capacity: 252M
 Heap Max Capacity: 4002M
 Pre-touch: Disabled
 Parallel Workers: 13
 Concurrent Workers: 3
 Concurrent Refinement Workers: 13
 Periodic GC: Disabled

Heap:
 garbage-first heap   total 258048K, used 17667K [0x0000000705e00000, 0x0000000800000000)
  region size 2048K, 9 young (18432K), 2 survivors (4096K)
 Metaspace       used 3867K, committed 4096K, reserved 1114112K
  class space    used 412K, committed 512K, reserved 1048576K

Heap Regions: E=young(eden), S=young(survivor), O=old, HS=humongous(starts), HC=humongous(continues), CS=collection set, F=free, TAMS=top-at-mark-start, PB=parsable bottom
|   0|0x0000000705e00000, 0x0000000706000000, 0x0000000706000000|100%| O|  |TAMS 0x0000000705e00000| PB 0x0000000705e00000| Untracked 
|   1|0x0000000706000000, 0x0000000706140e68, 0x0000000706200000| 62%| O|  |TAMS 0x0000000706000000| PB 0x0000000706000000| Untracked 
|   2|0x0000000706200000, 0x0000000706200000, 0x0000000706400000|  0%| F|  |TAMS 0x0000000706200000| PB 0x0000000706200000| Untracked 
|   3|0x0000000706400000, 0x0000000706400000, 0x0000000706600000|  0%| F|  |TAMS 0x0000000706400000| PB 0x0000000706400000| Untracked 
|   4|0x0000000706600000, 0x0000000706600000, 0x0000000706800000|  0%| F|  |TAMS 0x0000000706600000| PB 0x0000000706600000| Untracked 
|   5|0x0000000706800000, 0x0000000706800000, 0x0000000706a00000|  0%| F|  |TAMS 0x0000000706800000| PB 0x0000000706800000| Untracked 
|   6|0x0000000706a00000, 0x0000000706a00000, 0x0000000706c00000|  0%| F|  |TAMS 0x0000000706a00000| PB 0x0000000706a00000| Untracked 
|   7|0x0000000706c00000, 0x0000000706c00000, 0x0000000706e00000|  0%| F|  |TAMS 0x0000000706c00000| PB 0x0000000706c00000| Untracked 
|   8|0x0000000706e00000, 0x0000000706e00000, 0x0000000707000000|  0%| F|  |TAMS 0x0000000706e00000| PB 0x0000000706e00000| Untracked 
|   9|0x0000000707000000, 0x0000000707000000, 0x0000000707200000|  0%| F|  |TAMS 0x0000000707000000| PB 0x0000000707000000| Untracked 
|  10|0x0000000707200000, 0x0000000707200000, 0x0000000707400000|  0%| F|  |TAMS 0x0000000707200000| PB 0x0000000707200000| Untracked 
|  11|0x0000000707400000, 0x0000000707400000, 0x0000000707600000|  0%| F|  |TAMS 0x0000000707400000| PB 0x0000000707400000| Untracked 
|  12|0x0000000707600000, 0x0000000707600000, 0x0000000707800000|  0%| F|  |TAMS 0x0000000707600000| PB 0x0000000707600000| Untracked 
|  13|0x0000000707800000, 0x0000000707800000, 0x0000000707a00000|  0%| F|  |TAMS 0x0000000707800000| PB 0x0000000707800000| Untracked 
|  14|0x0000000707a00000, 0x0000000707a00000, 0x0000000707c00000|  0%| F|  |TAMS 0x0000000707a00000| PB 0x0000000707a00000| Untracked 
|  15|0x0000000707c00000, 0x0000000707c00000, 0x0000000707e00000|  0%| F|  |TAMS 0x0000000707c00000| PB 0x0000000707c00000| Untracked 
|  16|0x0000000707e00000, 0x0000000707e00000, 0x0000000708000000|  0%| F|  |TAMS 0x0000000707e00000| PB 0x0000000707e00000| Untracked 
|  17|0x0000000708000000, 0x0000000708000000, 0x0000000708200000|  0%| F|  |TAMS 0x0000000708000000| PB 0x0000000708000000| Untracked 
|  18|0x0000000708200000, 0x0000000708200000, 0x0000000708400000|  0%| F|  |TAMS 0x0000000708200000| PB 0x0000000708200000| Untracked 
|  19|0x0000000708400000, 0x0000000708400000, 0x0000000708600000|  0%| F|  |TAMS 0x0000000708400000| PB 0x0000000708400000| Untracked 
|  20|0x0000000708600000, 0x0000000708600000, 0x0000000708800000|  0%| F|  |TAMS 0x0000000708600000| PB 0x0000000708600000| Untracked 
|  21|0x0000000708800000, 0x0000000708800000, 0x0000000708a00000|  0%| F|  |TAMS 0x0000000708800000| PB 0x0000000708800000| Untracked 
|  22|0x0000000708a00000, 0x0000000708a00000, 0x0000000708c00000|  0%| F|  |TAMS 0x0000000708a00000| PB 0x0000000708a00000| Untracked 
|  23|0x0000000708c00000, 0x0000000708c00000, 0x0000000708e00000|  0%| F|  |TAMS 0x0000000708c00000| PB 0x0000000708c00000| Untracked 
|  24|0x0000000708e00000, 0x0000000708e00000, 0x0000000709000000|  0%| F|  |TAMS 0x0000000708e00000| PB 0x0000000708e00000| Untracked 
|  25|0x0000000709000000, 0x0000000709000000, 0x0000000709200000|  0%| F|  |TAMS 0x0000000709000000| PB 0x0000000709000000| Untracked 
|  26|0x0000000709200000, 0x0000000709200000, 0x0000000709400000|  0%| F|  |TAMS 0x0000000709200000| PB 0x0000000709200000| Untracked 
|  27|0x0000000709400000, 0x0000000709400000, 0x0000000709600000|  0%| F|  |TAMS 0x0000000709400000| PB 0x0000000709400000| Untracked 
|  28|0x0000000709600000, 0x0000000709600000, 0x0000000709800000|  0%| F|  |TAMS 0x0000000709600000| PB 0x0000000709600000| Untracked 
|  29|0x0000000709800000, 0x0000000709800000, 0x0000000709a00000|  0%| F|  |TAMS 0x0000000709800000| PB 0x0000000709800000| Untracked 
|  30|0x0000000709a00000, 0x0000000709a00000, 0x0000000709c00000|  0%| F|  |TAMS 0x0000000709a00000| PB 0x0000000709a00000| Untracked 
|  31|0x0000000709c00000, 0x0000000709c00000, 0x0000000709e00000|  0%| F|  |TAMS 0x0000000709c00000| PB 0x0000000709c00000| Untracked 
|  32|0x0000000709e00000, 0x0000000709e00000, 0x000000070a000000|  0%| F|  |TAMS 0x0000000709e00000| PB 0x0000000709e00000| Untracked 
|  33|0x000000070a000000, 0x000000070a000000, 0x000000070a200000|  0%| F|  |TAMS 0x000000070a000000| PB 0x000000070a000000| Untracked 
|  34|0x000000070a200000, 0x000000070a200000, 0x000000070a400000|  0%| F|  |TAMS 0x000000070a200000| PB 0x000000070a200000| Untracked 
|  35|0x000000070a400000, 0x000000070a400000, 0x000000070a600000|  0%| F|  |TAMS 0x000000070a400000| PB 0x000000070a400000| Untracked 
|  36|0x000000070a600000, 0x000000070a600000, 0x000000070a800000|  0%| F|  |TAMS 0x000000070a600000| PB 0x000000070a600000| Untracked 
|  37|0x000000070a800000, 0x000000070a800000, 0x000000070aa00000|  0%| F|  |TAMS 0x000000070a800000| PB 0x000000070a800000| Untracked 
|  38|0x000000070aa00000, 0x000000070aa00000, 0x000000070ac00000|  0%| F|  |TAMS 0x000000070aa00000| PB 0x000000070aa00000| Untracked 
|  39|0x000000070ac00000, 0x000000070ac00000, 0x000000070ae00000|  0%| F|  |TAMS 0x000000070ac00000| PB 0x000000070ac00000| Untracked 
|  40|0x000000070ae00000, 0x000000070ae00000, 0x000000070b000000|  0%| F|  |TAMS 0x000000070ae00000| PB 0x000000070ae00000| Untracked 
|  41|0x000000070b000000, 0x000000070b000000, 0x000000070b200000|  0%| F|  |TAMS 0x000000070b000000| PB 0x000000070b000000| Untracked 
|  42|0x000000070b200000, 0x000000070b200000, 0x000000070b400000|  0%| F|  |TAMS 0x000000070b200000| PB 0x000000070b200000| Untracked 
|  43|0x000000070b400000, 0x000000070b400000, 0x000000070b600000|  0%| F|  |TAMS 0x000000070b400000| PB 0x000000070b400000| Untracked 
|  44|0x000000070b600000, 0x000000070b600000, 0x000000070b800000|  0%| F|  |TAMS 0x000000070b600000| PB 0x000000070b600000| Untracked 
|  45|0x000000070b800000, 0x000000070b800000, 0x000000070ba00000|  0%| F|  |TAMS 0x000000070b800000| PB 0x000000070b800000| Untracked 
|  46|0x000000070ba00000, 0x000000070ba00000, 0x000000070bc00000|  0%| F|  |TAMS 0x000000070ba00000| PB 0x000000070ba00000| Untracked 
|  47|0x000000070bc00000, 0x000000070bc00000, 0x000000070be00000|  0%| F|  |TAMS 0x000000070bc00000| PB 0x000000070bc00000| Untracked 
|  48|0x000000070be00000, 0x000000070be00000, 0x000000070c000000|  0%| F|  |TAMS 0x000000070be00000| PB 0x000000070be00000| Untracked 
|  49|0x000000070c000000, 0x000000070c000000, 0x000000070c200000|  0%| F|  |TAMS 0x000000070c000000| PB 0x000000070c000000| Untracked 
|  50|0x000000070c200000, 0x000000070c200000, 0x000000070c400000|  0%| F|  |TAMS 0x000000070c200000| PB 0x000000070c200000| Untracked 
|  51|0x000000070c400000, 0x000000070c400000, 0x000000070c600000|  0%| F|  |TAMS 0x000000070c400000| PB 0x000000070c400000| Untracked 
|  52|0x000000070c600000, 0x000000070c600000, 0x000000070c800000|  0%| F|  |TAMS 0x000000070c600000| PB 0x000000070c600000| Untracked 
|  53|0x000000070c800000, 0x000000070c800000, 0x000000070ca00000|  0%| F|  |TAMS 0x000000070c800000| PB 0x000000070c800000| Untracked 
|  54|0x000000070ca00000, 0x000000070ca00000, 0x000000070cc00000|  0%| F|  |TAMS 0x000000070ca00000| PB 0x000000070ca00000| Untracked 
|  55|0x000000070cc00000, 0x000000070cc00000, 0x000000070ce00000|  0%| F|  |TAMS 0x000000070cc00000| PB 0x000000070cc00000| Untracked 
|  56|0x000000070ce00000, 0x000000070ce00000, 0x000000070d000000|  0%| F|  |TAMS 0x000000070ce00000| PB 0x000000070ce00000| Untracked 
|  57|0x000000070d000000, 0x000000070d000000, 0x000000070d200000|  0%| F|  |TAMS 0x000000070d000000| PB 0x000000070d000000| Untracked 
|  58|0x000000070d200000, 0x000000070d200000, 0x000000070d400000|  0%| F|  |TAMS 0x000000070d200000| PB 0x000000070d200000| Untracked 
|  59|0x000000070d400000, 0x000000070d400000, 0x000000070d600000|  0%| F|  |TAMS 0x000000070d400000| PB 0x000000070d400000| Untracked 
|  60|0x000000070d600000, 0x000000070d600000, 0x000000070d800000|  0%| F|  |TAMS 0x000000070d600000| PB 0x000000070d600000| Untracked 
|  61|0x000000070d800000, 0x000000070d800000, 0x000000070da00000|  0%| F|  |TAMS 0x000000070d800000| PB 0x000000070d800000| Untracked 
|  62|0x000000070da00000, 0x000000070da00000, 0x000000070dc00000|  0%| F|  |TAMS 0x000000070da00000| PB 0x000000070da00000| Untracked 
|  63|0x000000070dc00000, 0x000000070dc00000, 0x000000070de00000|  0%| F|  |TAMS 0x000000070dc00000| PB 0x000000070dc00000| Untracked 
|  64|0x000000070de00000, 0x000000070de00000, 0x000000070e000000|  0%| F|  |TAMS 0x000000070de00000| PB 0x000000070de00000| Untracked 
|  65|0x000000070e000000, 0x000000070e000000, 0x000000070e200000|  0%| F|  |TAMS 0x000000070e000000| PB 0x000000070e000000| Untracked 
|  66|0x000000070e200000, 0x000000070e200000, 0x000000070e400000|  0%| F|  |TAMS 0x000000070e200000| PB 0x000000070e200000| Untracked 
|  67|0x000000070e400000, 0x000000070e400000, 0x000000070e600000|  0%| F|  |TAMS 0x000000070e400000| PB 0x000000070e400000| Untracked 
|  68|0x000000070e600000, 0x000000070e600000, 0x000000070e800000|  0%| F|  |TAMS 0x000000070e600000| PB 0x000000070e600000| Untracked 
|  69|0x000000070e800000, 0x000000070e800000, 0x000000070ea00000|  0%| F|  |TAMS 0x000000070e800000| PB 0x000000070e800000| Untracked 
|  70|0x000000070ea00000, 0x000000070ea00000, 0x000000070ec00000|  0%| F|  |TAMS 0x000000070ea00000| PB 0x000000070ea00000| Untracked 
|  71|0x000000070ec00000, 0x000000070ec00000, 0x000000070ee00000|  0%| F|  |TAMS 0x000000070ec00000| PB 0x000000070ec00000| Untracked 
|  72|0x000000070ee00000, 0x000000070ee00000, 0x000000070f000000|  0%| F|  |TAMS 0x000000070ee00000| PB 0x000000070ee00000| Untracked 
|  73|0x000000070f000000, 0x000000070f000000, 0x000000070f200000|  0%| F|  |TAMS 0x000000070f000000| PB 0x000000070f000000| Untracked 
|  74|0x000000070f200000, 0x000000070f200000, 0x000000070f400000|  0%| F|  |TAMS 0x000000070f200000| PB 0x000000070f200000| Untracked 
|  75|0x000000070f400000, 0x000000070f400000, 0x000000070f600000|  0%| F|  |TAMS 0x000000070f400000| PB 0x000000070f400000| Untracked 
|  76|0x000000070f600000, 0x000000070f600000, 0x000000070f800000|  0%| F|  |TAMS 0x000000070f600000| PB 0x000000070f600000| Untracked 
|  77|0x000000070f800000, 0x000000070f800000, 0x000000070fa00000|  0%| F|  |TAMS 0x000000070f800000| PB 0x000000070f800000| Untracked 
|  78|0x000000070fa00000, 0x000000070fa00000, 0x000000070fc00000|  0%| F|  |TAMS 0x000000070fa00000| PB 0x000000070fa00000| Untracked 
|  79|0x000000070fc00000, 0x000000070fc00000, 0x000000070fe00000|  0%| F|  |TAMS 0x000000070fc00000| PB 0x000000070fc00000| Untracked 
|  80|0x000000070fe00000, 0x000000070fe00000, 0x0000000710000000|  0%| F|  |TAMS 0x000000070fe00000| PB 0x000000070fe00000| Untracked 
|  81|0x0000000710000000, 0x0000000710000000, 0x0000000710200000|  0%| F|  |TAMS 0x0000000710000000| PB 0x0000000710000000| Untracked 
|  82|0x0000000710200000, 0x0000000710200000, 0x0000000710400000|  0%| F|  |TAMS 0x0000000710200000| PB 0x0000000710200000| Untracked 
|  83|0x0000000710400000, 0x0000000710400000, 0x0000000710600000|  0%| F|  |TAMS 0x0000000710400000| PB 0x0000000710400000| Untracked 
|  84|0x0000000710600000, 0x0000000710600000, 0x0000000710800000|  0%| F|  |TAMS 0x0000000710600000| PB 0x0000000710600000| Untracked 
|  85|0x0000000710800000, 0x0000000710800000, 0x0000000710a00000|  0%| F|  |TAMS 0x0000000710800000| PB 0x0000000710800000| Untracked 
|  86|0x0000000710a00000, 0x0000000710a00000, 0x0000000710c00000|  0%| F|  |TAMS 0x0000000710a00000| PB 0x0000000710a00000| Untracked 
|  87|0x0000000710c00000, 0x0000000710c00000, 0x0000000710e00000|  0%| F|  |TAMS 0x0000000710c00000| PB 0x0000000710c00000| Untracked 
|  88|0x0000000710e00000, 0x0000000710e00000, 0x0000000711000000|  0%| F|  |TAMS 0x0000000710e00000| PB 0x0000000710e00000| Untracked 
|  89|0x0000000711000000, 0x0000000711000000, 0x0000000711200000|  0%| F|  |TAMS 0x0000000711000000| PB 0x0000000711000000| Untracked 
|  90|0x0000000711200000, 0x0000000711200000, 0x0000000711400000|  0%| F|  |TAMS 0x0000000711200000| PB 0x0000000711200000| Untracked 
|  91|0x0000000711400000, 0x0000000711400000, 0x0000000711600000|  0%| F|  |TAMS 0x0000000711400000| PB 0x0000000711400000| Untracked 
|  92|0x0000000711600000, 0x0000000711600000, 0x0000000711800000|  0%| F|  |TAMS 0x0000000711600000| PB 0x0000000711600000| Untracked 
|  93|0x0000000711800000, 0x0000000711800000, 0x0000000711a00000|  0%| F|  |TAMS 0x0000000711800000| PB 0x0000000711800000| Untracked 
|  94|0x0000000711a00000, 0x0000000711a00000, 0x0000000711c00000|  0%| F|  |TAMS 0x0000000711a00000| PB 0x0000000711a00000| Untracked 
|  95|0x0000000711c00000, 0x0000000711c00000, 0x0000000711e00000|  0%| F|  |TAMS 0x0000000711c00000| PB 0x0000000711c00000| Untracked 
|  96|0x0000000711e00000, 0x0000000711e00000, 0x0000000712000000|  0%| F|  |TAMS 0x0000000711e00000| PB 0x0000000711e00000| Untracked 
|  97|0x0000000712000000, 0x0000000712000000, 0x0000000712200000|  0%| F|  |TAMS 0x0000000712000000| PB 0x0000000712000000| Untracked 
|  98|0x0000000712200000, 0x0000000712200000, 0x0000000712400000|  0%| F|  |TAMS 0x0000000712200000| PB 0x0000000712200000| Untracked 
|  99|0x0000000712400000, 0x0000000712400000, 0x0000000712600000|  0%| F|  |TAMS 0x0000000712400000| PB 0x0000000712400000| Untracked 
| 100|0x0000000712600000, 0x0000000712600000, 0x0000000712800000|  0%| F|  |TAMS 0x0000000712600000| PB 0x0000000712600000| Untracked 
| 101|0x0000000712800000, 0x0000000712800000, 0x0000000712a00000|  0%| F|  |TAMS 0x0000000712800000| PB 0x0000000712800000| Untracked 
| 102|0x0000000712a00000, 0x0000000712a00000, 0x0000000712c00000|  0%| F|  |TAMS 0x0000000712a00000| PB 0x0000000712a00000| Untracked 
| 103|0x0000000712c00000, 0x0000000712c00000, 0x0000000712e00000|  0%| F|  |TAMS 0x0000000712c00000| PB 0x0000000712c00000| Untracked 
| 104|0x0000000712e00000, 0x0000000712e00000, 0x0000000713000000|  0%| F|  |TAMS 0x0000000712e00000| PB 0x0000000712e00000| Untracked 
| 105|0x0000000713000000, 0x0000000713000000, 0x0000000713200000|  0%| F|  |TAMS 0x0000000713000000| PB 0x0000000713000000| Untracked 
| 106|0x0000000713200000, 0x0000000713200000, 0x0000000713400000|  0%| F|  |TAMS 0x0000000713200000| PB 0x0000000713200000| Untracked 
| 107|0x0000000713400000, 0x0000000713400000, 0x0000000713600000|  0%| F|  |TAMS 0x0000000713400000| PB 0x0000000713400000| Untracked 
| 108|0x0000000713600000, 0x0000000713600000, 0x0000000713800000|  0%| F|  |TAMS 0x0000000713600000| PB 0x0000000713600000| Untracked 
| 109|0x0000000713800000, 0x0000000713800000, 0x0000000713a00000|  0%| F|  |TAMS 0x0000000713800000| PB 0x0000000713800000| Untracked 
| 110|0x0000000713a00000, 0x0000000713a00000, 0x0000000713c00000|  0%| F|  |TAMS 0x0000000713a00000| PB 0x0000000713a00000| Untracked 
| 111|0x0000000713c00000, 0x0000000713c00000, 0x0000000713e00000|  0%| F|  |TAMS 0x0000000713c00000| PB 0x0000000713c00000| Untracked 
| 112|0x0000000713e00000, 0x0000000713e00000, 0x0000000714000000|  0%| F|  |TAMS 0x0000000713e00000| PB 0x0000000713e00000| Untracked 
| 113|0x0000000714000000, 0x0000000714200000, 0x0000000714200000|100%| S|CS|TAMS 0x0000000714000000| PB 0x0000000714000000| Complete 
| 114|0x0000000714200000, 0x0000000714400000, 0x0000000714400000|100%| S|CS|TAMS 0x0000000714200000| PB 0x0000000714200000| Complete 
| 115|0x0000000714400000, 0x0000000714400000, 0x0000000714600000|  0%| F|  |TAMS 0x0000000714400000| PB 0x0000000714400000| Untracked 
| 116|0x0000000714600000, 0x0000000714600000, 0x0000000714800000|  0%| F|  |TAMS 0x0000000714600000| PB 0x0000000714600000| Untracked 
| 117|0x0000000714800000, 0x0000000714800000, 0x0000000714a00000|  0%| F|  |TAMS 0x0000000714800000| PB 0x0000000714800000| Untracked 
| 118|0x0000000714a00000, 0x0000000714a00000, 0x0000000714c00000|  0%| F|  |TAMS 0x0000000714a00000| PB 0x0000000714a00000| Untracked 
| 119|0x0000000714c00000, 0x0000000714c55968, 0x0000000714e00000| 16%| E|  |TAMS 0x0000000714c00000| PB 0x0000000714c00000| Complete 
| 120|0x0000000714e00000, 0x0000000715000000, 0x0000000715000000|100%| E|CS|TAMS 0x0000000714e00000| PB 0x0000000714e00000| Complete 
| 121|0x0000000715000000, 0x0000000715200000, 0x0000000715200000|100%| E|CS|TAMS 0x0000000715000000| PB 0x0000000715000000| Complete 
| 122|0x0000000715200000, 0x0000000715400000, 0x0000000715400000|100%| E|  |TAMS 0x0000000715200000| PB 0x0000000715200000| Complete 
| 123|0x0000000715400000, 0x0000000715600000, 0x0000000715600000|100%| E|CS|TAMS 0x0000000715400000| PB 0x0000000715400000| Complete 
| 124|0x0000000715600000, 0x0000000715800000, 0x0000000715800000|100%| E|CS|TAMS 0x0000000715600000| PB 0x0000000715600000| Complete 
| 125|0x0000000715800000, 0x0000000715a00000, 0x0000000715a00000|100%| E|CS|TAMS 0x0000000715800000| PB 0x0000000715800000| Complete 

Card table byte_map: [0x0000020dce940000,0x0000020dcf120000] _byte_map_base: 0x0000020dcb111000

Marking Bits: (CMBitMap*) 0x0000020dbafb8510
 Bits: [0x0000020dcf120000, 0x0000020dd2fa8000)

Polling page: 0x0000020db8f80000

Metaspace:

Usage:
  Non-class:      3.37 MB used.
      Class:    412.74 KB used.
       Both:      3.78 MB used.

Virtual space:
  Non-class space:       64.00 MB reserved,       3.50 MB (  5%) committed,  1 nodes.
      Class space:        1.00 GB reserved,     512.00 KB ( <1%) committed,  1 nodes.
             Both:        1.06 GB reserved,       4.00 MB ( <1%) committed. 

Chunk freelists:
   Non-Class:  10.28 MB
       Class:  15.47 MB
        Both:  25.75 MB

MaxMetaspaceSize: unlimited
CompressedClassSpaceSize: 1.00 GB
Initial GC threshold: 21.00 MB
Current GC threshold: 21.00 MB
CDS: on
 - commit_granule_bytes: 65536.
 - commit_granule_words: 8192.
 - virtual_space_node_default_size: 8388608.
 - enlarge_chunks_in_place: 1.
 - use_allocation_guard: 0.


Internal statistics:

num_allocs_failed_limit: 0.
num_arena_births: 100.
num_arena_deaths: 0.
num_vsnodes_births: 2.
num_vsnodes_deaths: 0.
num_space_committed: 64.
num_space_uncommitted: 0.
num_chunks_returned_to_freelist: 0.
num_chunks_taken_from_freelist: 228.
num_chunk_merges: 0.
num_chunk_splits: 126.
num_chunks_enlarged: 63.
num_inconsistent_stats: 0.

CodeHeap 'non-profiled nmethods': size=119168Kb used=438Kb max_used=438Kb free=118729Kb
 bounds [0x0000020dc6480000, 0x0000020dc66f0000, 0x0000020dcd8e0000]
CodeHeap 'profiled nmethods': size=119104Kb used=1889Kb max_used=1889Kb free=117214Kb
 bounds [0x0000020dbe8e0000, 0x0000020dbeb50000, 0x0000020dc5d30000]
CodeHeap 'non-nmethods': size=7488Kb used=1859Kb max_used=2435Kb free=5629Kb
 bounds [0x0000020dc5d30000, 0x0000020dc5fa0000, 0x0000020dc6480000]
CodeCache: size=245760Kb, used=4186Kb, max_used=4762Kb, free=241572Kb
 total_blobs=1563, nmethods=1103, adapters=364, full_count=0
Compilation: enabled, stopped_count=0, restarted_count=0

Compilation events (20 events):
Event: 3.983 Thread 0x0000020e1b056d90 nmethod 1096 0x0000020dbeaad290 code [0x0000020dbeaad560, 0x0000020dbeaae390]
Event: 3.985 Thread 0x0000020e1c34eee0 nmethod 1095 0x0000020dc64eba10 code [0x0000020dc64ebbc0, 0x0000020dc64ec2a0]
Event: 3.986 Thread 0x0000020e1b134ea0 1097       3       java.util.Properties::loadConvert (540 bytes)
Event: 3.988 Thread 0x0000020e1b134ea0 nmethod 1097 0x0000020dbeaae810 code [0x0000020dbeaaeb00, 0x0000020dbeaafda8]
Event: 3.988 Thread 0x0000020e1bc76960 nmethod 1094 0x0000020dc64ec490 code [0x0000020dc64ec660, 0x0000020dc64ecf00]
Event: 3.991 Thread 0x0000020e1b134ea0 1098       3       java.util.Properties$LineReader::readLine (584 bytes)
Event: 3.994 Thread 0x0000020e1b134ea0 nmethod 1098 0x0000020dbeab0410 code [0x0000020dbeab0800, 0x0000020dbeab3120]
Event: 3.995 Thread 0x0000020e1b056d90 1099 %     3       java.util.Properties$LineReader::readLine @ 224 (584 bytes)
Event: 3.998 Thread 0x0000020e1b056d90 nmethod 1099% 0x0000020dbeab3e10 code [0x0000020dbeab4220, 0x0000020dbeab7008]
Event: 4.009 Thread 0x0000020e1b056d90 1100       1       java.lang.Enum::name (5 bytes)
Event: 4.010 Thread 0x0000020e1b056d90 nmethod 1100 0x0000020dc64ed190 code [0x0000020dc64ed320, 0x0000020dc64ed3f0]
Event: 4.013 Thread 0x0000020e1b056d90 1101       3       java.lang.CharacterDataLatin1::toUpperCaseEx (71 bytes)
Event: 4.013 Thread 0x0000020e1b056d90 nmethod 1101 0x0000020dbeab7e90 code [0x0000020dbeab8040, 0x0000020dbeab82e8]
Event: 4.014 Thread 0x0000020e1b056d90 1102       3       java.util.Locale::getLanguage (8 bytes)
Event: 4.014 Thread 0x0000020e1b056d90 nmethod 1102 0x0000020dbeab8410 code [0x0000020dbeab85a0, 0x0000020dbeab86d8]
Event: 4.017 Thread 0x0000020e1c34eee0 1103       4       java.util.concurrent.ConcurrentHashMap::setTabAt (20 bytes)
Event: 4.018 Thread 0x0000020e1b134ea0 1104       3       java.lang.StringLatin1::toUpperCase (186 bytes)
Event: 4.018 Thread 0x0000020e1c34eee0 nmethod 1103 0x0000020dc64ed490 code [0x0000020dc64ed620, 0x0000020dc64ed760]
Event: 4.018 Thread 0x0000020e1b056d90 1105       1       sun.security.util.KnownOIDs::registerNames (2 bytes)
Event: 4.018 Thread 0x0000020e1b056d90 nmethod 1105 0x0000020dc64ed810 code [0x0000020dc64ed9a0, 0x0000020dc64eda68]

GC Heap History (2 events):
Event: 2.851 GC heap before
{Heap before GC invocations=0 (full 0):
 garbage-first heap   total 258048K, used 20480K [0x0000000705e00000, 0x0000000800000000)
  region size 2048K, 11 young (22528K), 0 survivors (0K)
 Metaspace       used 3544K, committed 3712K, reserved 1114112K
  class space    used 377K, committed 448K, reserved 1048576K
}
Event: 2.857 GC heap after
{Heap after GC invocations=1 (full 0):
 garbage-first heap   total 258048K, used 7427K [0x0000000705e00000, 0x0000000800000000)
  region size 2048K, 2 young (4096K), 2 survivors (4096K)
 Metaspace       used 3544K, committed 3712K, reserved 1114112K
  class space    used 377K, committed 448K, reserved 1048576K
}

Dll operation events (6 events):
Event: 0.052 Loaded shared library D:\sts-4.32.2.RELEASE\plugins\org.eclipse.justj.openjdk.hotspot.jre.full.win32.x86_64_21.0.9.v20251105-0741\jre\bin\java.dll
Event: 0.193 Loaded shared library D:\sts-4.32.2.RELEASE\plugins\org.eclipse.justj.openjdk.hotspot.jre.full.win32.x86_64_21.0.9.v20251105-0741\jre\bin\zip.dll
Event: 0.709 Loaded shared library D:\sts-4.32.2.RELEASE\plugins\org.eclipse.justj.openjdk.hotspot.jre.full.win32.x86_64_21.0.9.v20251105-0741\jre\bin\net.dll
Event: 0.712 Loaded shared library D:\sts-4.32.2.RELEASE\plugins\org.eclipse.justj.openjdk.hotspot.jre.full.win32.x86_64_21.0.9.v20251105-0741\jre\bin\nio.dll
Event: 0.722 Loaded shared library D:\sts-4.32.2.RELEASE\plugins\org.eclipse.justj.openjdk.hotspot.jre.full.win32.x86_64_21.0.9.v20251105-0741\jre\bin\zip.dll
Event: 1.404 Loaded shared library D:\sts-4.32.2.RELEASE\plugins\org.eclipse.justj.openjdk.hotspot.jre.full.win32.x86_64_21.0.9.v20251105-0741\jre\bin\jimage.dll

Deoptimization events (20 events):
Event: 3.966 Thread 0x0000020db8aa6230 DEOPT PACKING pc=0x0000020dbeaa8735 sp=0x00000038af4fd4d0
Event: 3.966 Thread 0x0000020db8aa6230 DEOPT UNPACKING pc=0x0000020dc5d84bc2 sp=0x00000038af4fc948 mode 0
Event: 3.968 Thread 0x0000020db8aa6230 DEOPT PACKING pc=0x0000020dbeaa8735 sp=0x00000038af4fd4d0
Event: 3.968 Thread 0x0000020db8aa6230 DEOPT UNPACKING pc=0x0000020dc5d84bc2 sp=0x00000038af4fc948 mode 0
Event: 3.968 Thread 0x0000020db8aa6230 DEOPT PACKING pc=0x0000020dbeaa8735 sp=0x00000038af4fd4d0
Event: 3.968 Thread 0x0000020db8aa6230 DEOPT UNPACKING pc=0x0000020dc5d84bc2 sp=0x00000038af4fc948 mode 0
Event: 3.969 Thread 0x0000020db8aa6230 DEOPT PACKING pc=0x0000020dbeaa8735 sp=0x00000038af4fd4d0
Event: 3.969 Thread 0x0000020db8aa6230 DEOPT UNPACKING pc=0x0000020dc5d84bc2 sp=0x00000038af4fc948 mode 0
Event: 3.975 Thread 0x0000020db8aa6230 Uncommon trap: trap_request=0xffffff45 fr.pc=0x0000020dc64e7468 relative=0x00000000000002a8
Event: 3.975 Thread 0x0000020db8aa6230 Uncommon trap: reason=unstable_if action=reinterpret pc=0x0000020dc64e7468 method=sun.security.util.ManifestDigester.findSection(ILsun/security/util/ManifestDigester$Position;)Z @ 30 c2
Event: 3.975 Thread 0x0000020db8aa6230 DEOPT PACKING pc=0x0000020dc64e7468 sp=0x00000038af4fd4d0
Event: 3.975 Thread 0x0000020db8aa6230 DEOPT UNPACKING pc=0x0000020dc5d84422 sp=0x00000038af4fd448 mode 2
Event: 3.996 Thread 0x0000020db8aa6230 Uncommon trap: trap_request=0xffffff45 fr.pc=0x0000020dc64c18f0 relative=0x0000000000000230
Event: 3.996 Thread 0x0000020db8aa6230 Uncommon trap: reason=unstable_if action=reinterpret pc=0x0000020dc64c18f0 method=java.lang.String.startsWith(Ljava/lang/String;I)Z @ 1 c2
Event: 3.996 Thread 0x0000020db8aa6230 DEOPT PACKING pc=0x0000020dc64c18f0 sp=0x00000038af4fc680
Event: 3.996 Thread 0x0000020db8aa6230 DEOPT UNPACKING pc=0x0000020dc5d84422 sp=0x00000038af4fc610 mode 2
Event: 3.996 Thread 0x0000020db8aa6230 Uncommon trap: trap_request=0xffffff45 fr.pc=0x0000020dc64dd2b4 relative=0x0000000000000214
Event: 3.996 Thread 0x0000020db8aa6230 Uncommon trap: reason=unstable_if action=reinterpret pc=0x0000020dc64dd2b4 method=jdk.internal.util.ArraysSupport.mismatch([BI[BII)I @ 55 c2
Event: 3.996 Thread 0x0000020db8aa6230 DEOPT PACKING pc=0x0000020dc64dd2b4 sp=0x00000038af4fc5a0
Event: 3.996 Thread 0x0000020db8aa6230 DEOPT UNPACKING pc=0x0000020dc5d84422 sp=0x00000038af4fc568 mode 2

Classes loaded (20 events):
Event: 4.008 Loading class sun/security/util/KnownOIDs$1
Event: 4.008 Loading class sun/security/util/KnownOIDs$1 done
Event: 4.008 Loading class sun/security/util/KnownOIDs$2
Event: 4.008 Loading class sun/security/util/KnownOIDs$2 done
Event: 4.009 Loading class sun/security/util/KnownOIDs$3
Event: 4.009 Loading class sun/security/util/KnownOIDs$3 done
Event: 4.010 Loading class sun/security/util/KnownOIDs$4
Event: 4.010 Loading class sun/security/util/KnownOIDs$4 done
Event: 4.010 Loading class sun/security/util/KnownOIDs$5
Event: 4.010 Loading class sun/security/util/KnownOIDs$5 done
Event: 4.010 Loading class sun/security/util/KnownOIDs$6
Event: 4.010 Loading class sun/security/util/KnownOIDs$6 done
Event: 4.010 Loading class sun/security/util/KnownOIDs$7
Event: 4.010 Loading class sun/security/util/KnownOIDs$7 done
Event: 4.010 Loading class sun/security/util/KnownOIDs$8
Event: 4.011 Loading class sun/security/util/KnownOIDs$8 done
Event: 4.011 Loading class sun/security/util/KnownOIDs$9
Event: 4.011 Loading class sun/security/util/KnownOIDs$9 done
Event: 4.011 Loading class sun/security/util/KnownOIDs$10
Event: 4.011 Loading class sun/security/util/KnownOIDs$10 done

Classes unloaded (0 events):
No events

Classes redefined (0 events):
No events

Internal exceptions (11 events):
Event: 1.324 Thread 0x0000020db8aa6230 Exception <a 'java/lang/NoSuchMethodError'{0x0000000714cb5558}: 'java.lang.Object java.lang.invoke.DirectMethodHandle$Holder.invokeStaticInit(java.lang.Object, java.lang.Object, java.lang.Object)'> (0x0000000714cb5558) 
thrown [s\src\hotspot\share\interpreter\linkResolver.cpp, line 773]
Event: 1.556 Thread 0x0000020db8aa6230 Exception <a 'java/lang/NoSuchMethodError'{0x0000000714a89a68}: 'void java.lang.invoke.DirectMethodHandle$Holder.invokeStatic(java.lang.Object, java.lang.Object, java.lang.Object, java.lang.Object)'> (0x0000000714a89a68) 
thrown [s\src\hotspot\share\interpreter\linkResolver.cpp, line 773]
Event: 1.735 Thread 0x0000020db8aa6230 Exception <a 'java/lang/NoSuchMethodError'{0x0000000714b01250}: 'int java.lang.invoke.DirectMethodHandle$Holder.invokeStatic(java.lang.Object)'> (0x0000000714b01250) 
thrown [s\src\hotspot\share\interpreter\linkResolver.cpp, line 773]
Event: 1.735 Thread 0x0000020db8aa6230 Exception <a 'java/lang/NoSuchMethodError'{0x0000000714b04498}: 'int java.lang.invoke.DirectMethodHandle$Holder.invokeStaticInit(java.lang.Object)'> (0x0000000714b04498) 
thrown [s\src\hotspot\share\interpreter\linkResolver.cpp, line 773]
Event: 1.758 Thread 0x0000020db8aa6230 Exception <a 'java/lang/NoSuchMethodError'{0x0000000714b54428}: 'void java.lang.invoke.DirectMethodHandle$Holder.invokeStatic(java.lang.Object, java.lang.Object, java.lang.Object)'> (0x0000000714b54428) 
thrown [s\src\hotspot\share\interpreter\linkResolver.cpp, line 773]
Event: 1.768 Thread 0x0000020db8aa6230 Exception <a 'java/lang/NoSuchMethodError'{0x0000000714b77a90}: 'java.lang.Object java.lang.invoke.DirectMethodHandle$Holder.invokeStatic(java.lang.Object, int, java.lang.Object)'> (0x0000000714b77a90) 
thrown [s\src\hotspot\share\interpreter\linkResolver.cpp, line 773]
Event: 1.826 Thread 0x0000020db8aa6230 Exception <a 'java/lang/NoSuchMethodError'{0x0000000714b84f60}: 'java.lang.Object java.lang.invoke.DirectMethodHandle$Holder.invokeInterface(java.lang.Object, java.lang.Object)'> (0x0000000714b84f60) 
thrown [s\src\hotspot\share\interpreter\linkResolver.cpp, line 773]
Event: 1.952 Thread 0x0000020db8aa6230 Exception <a 'java/lang/NoSuchMethodError'{0x00000007148190c0}: 'void java.lang.invoke.DirectMethodHandle$Holder.invokeStaticInit(java.lang.Object, java.lang.Object, java.lang.Object, java.lang.Object)'> (0x00000007148190c0) 
thrown [s\src\hotspot\share\interpreter\linkResolver.cpp, line 773]
Event: 2.224 Thread 0x0000020db8aa6230 Exception <a 'java/lang/NoSuchMethodError'{0x00000007149e9df0}: 'java.lang.Object java.lang.invoke.DirectMethodHandle$Holder.invokeSpecial(java.lang.Object, java.lang.Object, java.lang.Object, long, java.lang.Object)'> (0x00000007149e9df0) 
thrown [s\src\hotspot\share\interpreter\linkResolver.cpp, line 773]
Event: 2.283 Thread 0x0000020db8aa6230 Exception <a 'java/lang/NoSuchMethodError'{0x00000007149ed760}: 'java.lang.Object java.lang.invoke.Invokers$Holder.linkToTargetMethod(java.lang.Object, long, java.lang.Object, java.lang.Object)'> (0x00000007149ed760) 
thrown [s\src\hotspot\share\interpreter\linkResolver.cpp, line 773]
Event: 2.847 Thread 0x0000020db8aa6230 Exception <a 'java/lang/NoSuchMethodError'{0x00000007145ecec0}: 'int java.lang.invoke.DirectMethodHandle$Holder.invokeStaticInit(java.lang.Object, java.lang.Object)'> (0x00000007145ecec0) 
thrown [s\src\hotspot\share\interpreter\linkResolver.cpp, line 773]

ZGC Phase Switch (0 events):
No events

VM Operations (20 events):
Event: 0.892 Executing VM operation: HandshakeAllThreads (Deoptimize) done
Event: 1.296 Executing VM operation: HandshakeAllThreads (Deoptimize)
Event: 1.296 Executing VM operation: HandshakeAllThreads (Deoptimize) done
Event: 1.296 Executing VM operation: Cleanup
Event: 1.296 Executing VM operation: Cleanup done
Event: 1.546 Executing VM operation: HandshakeAllThreads (Deoptimize)
Event: 1.546 Executing VM operation: HandshakeAllThreads (Deoptimize) done
Event: 1.892 Executing VM operation: HandshakeAllThreads (Deoptimize)
Event: 1.892 Executing VM operation: HandshakeAllThreads (Deoptimize) done
Event: 1.893 Executing VM operation: HandshakeAllThreads (Deoptimize)
Event: 1.893 Executing VM operation: HandshakeAllThreads (Deoptimize) done
Event: 1.944 Executing VM operation: HandshakeAllThreads (Deoptimize)
Event: 1.944 Executing VM operation: HandshakeAllThreads (Deoptimize) done
Event: 2.015 Executing VM operation: HandshakeAllThreads (Deoptimize)
Event: 2.016 Executing VM operation: HandshakeAllThreads (Deoptimize) done
Event: 2.851 Executing VM operation: G1CollectForAllocation (G1 Evacuation Pause)
Event: 2.857 Executing VM operation: G1CollectForAllocation (G1 Evacuation Pause) done
Event: 3.860 Executing VM operation: Cleanup
Event: 3.952 Executing VM operation: Cleanup done
Event: 4.967 Executing VM operation: Cleanup

Memory protections (0 events):
No events

Nmethod flushes (0 events):
No events

Events (20 events):
Event: 0.198 Thread 0x0000020db8aa6230 Thread added: 0x0000020dd5f7c430
Event: 0.198 Thread 0x0000020db8aa6230 Thread added: 0x0000020dd5f7f630
Event: 0.199 Thread 0x0000020db8aa6230 Thread added: 0x0000020dd5f840e0
Event: 0.199 Thread 0x0000020db8aa6230 Thread added: 0x0000020dd5f85b20
Event: 0.199 Thread 0x0000020db8aa6230 Thread added: 0x0000020dd5f87910
Event: 0.201 Thread 0x0000020db8aa6230 Thread added: 0x0000020e1b056d90
Event: 0.690 Thread 0x0000020e1b056d90 Thread added: 0x0000020e1b134ea0
Event: 0.698 Thread 0x0000020db8aa6230 Thread added: 0x0000020dd5f84770
Event: 0.702 Thread 0x0000020db8aa6230 Thread added: 0x0000020dd5f826a0
Event: 0.852 Thread 0x0000020e1b134ea0 Thread added: 0x0000020e1b2278f0
Event: 1.117 Thread 0x0000020e1b2278f0 Thread exited: 0x0000020e1b2278f0
Event: 1.143 Thread 0x0000020e1b134ea0 Thread added: 0x0000020e1b5e2440
Event: 2.471 Thread 0x0000020e1b056d90 Thread added: 0x0000020e1b379b40
Event: 2.472 Thread 0x0000020e1b056d90 Thread added: 0x0000020e1b37a1e0
Event: 2.618 Thread 0x0000020e1b37a1e0 Thread exited: 0x0000020e1b37a1e0
Event: 2.618 Thread 0x0000020e1b379b40 Thread exited: 0x0000020e1b379b40
Event: 2.908 Thread 0x0000020e1b056d90 Thread added: 0x0000020e1bc762c0
Event: 2.908 Thread 0x0000020e1b056d90 Thread added: 0x0000020e1bc76960
Event: 3.955 Thread 0x0000020e1b5e2440 Thread exited: 0x0000020e1b5e2440
Event: 3.959 Thread 0x0000020e1b134ea0 Thread added: 0x0000020e1c34eee0


Dynamic libraries:
0x00007ff7efff0000 - 0x00007ff7efffe000 	D:\sts-4.32.2.RELEASE\plugins\org.eclipse.justj.openjdk.hotspot.jre.full.win32.x86_64_21.0.9.v20251105-0741\jre\bin\javaw.exe
0x00007fffc7f00000 - 0x00007fffc8168000 	C:\WINDOWS\SYSTEM32\ntdll.dll
0x00007fffc7140000 - 0x00007fffc7209000 	C:\WINDOWS\System32\KERNEL32.DLL
0x00007fffc5100000 - 0x00007fffc54f8000 	C:\WINDOWS\System32\KERNELBASE.dll
0x00007fffc5b50000 - 0x00007fffc5c9b000 	C:\WINDOWS\System32\ucrtbase.dll
0x00007fffaffb0000 - 0x00007fffaffc8000 	D:\sts-4.32.2.RELEASE\plugins\org.eclipse.justj.openjdk.hotspot.jre.full.win32.x86_64_21.0.9.v20251105-0741\jre\bin\jli.dll
0x00007fffc7210000 - 0x00007fffc73d7000 	C:\WINDOWS\System32\USER32.dll
0x00007fffc5960000 - 0x00007fffc5987000 	C:\WINDOWS\System32\win32u.dll
0x00007fffc7ae0000 - 0x00007fffc7b0b000 	C:\WINDOWS\System32\GDI32.dll
0x00007fffc5a20000 - 0x00007fffc5b4c000 	C:\WINDOWS\System32\gdi32full.dll
0x00007fffb0160000 - 0x00007fffb017e000 	D:\sts-4.32.2.RELEASE\plugins\org.eclipse.justj.openjdk.hotspot.jre.full.win32.x86_64_21.0.9.v20251105-0741\jre\bin\VCRUNTIME140.dll
0x00007fffc5500000 - 0x00007fffc55a3000 	C:\WINDOWS\System32\msvcp_win.dll
0x00007fffab550000 - 0x00007fffab7e4000 	C:\WINDOWS\WinSxS\amd64_microsoft.windows.common-controls_6595b64144ccf1df_6.0.26100.7019_none_3e06ffa0e335b8a8\COMCTL32.dll
0x00007fffc7bc0000 - 0x00007fffc7c69000 	C:\WINDOWS\System32\msvcrt.dll
0x00007fffc7b10000 - 0x00007fffc7b41000 	C:\WINDOWS\System32\IMM32.DLL
0x00007fffbd260000 - 0x00007fffbd26c000 	D:\sts-4.32.2.RELEASE\plugins\org.eclipse.justj.openjdk.hotspot.jre.full.win32.x86_64_21.0.9.v20251105-0741\jre\bin\vcruntime140_1.dll
0x00007fff84020000 - 0x00007fff840ad000 	D:\sts-4.32.2.RELEASE\plugins\org.eclipse.justj.openjdk.hotspot.jre.full.win32.x86_64_21.0.9.v20251105-0741\jre\bin\msvcp140.dll
0x00007ffefe8e0000 - 0x00007ffeff680000 	D:\sts-4.32.2.RELEASE\plugins\org.eclipse.justj.openjdk.hotspot.jre.full.win32.x86_64_21.0.9.v20251105-0741\jre\bin\server\jvm.dll
0x00007fffc5de0000 - 0x00007fffc5e94000 	C:\WINDOWS\System32\ADVAPI32.dll
0x00007fffc5d30000 - 0x00007fffc5dd6000 	C:\WINDOWS\System32\sechost.dll
0x00007fffc6110000 - 0x00007fffc6228000 	C:\WINDOWS\System32\RPCRT4.dll
0x00007fffc75c0000 - 0x00007fffc7634000 	C:\WINDOWS\System32\WS2_32.dll
0x00007fffc4eb0000 - 0x00007fffc4f0e000 	C:\WINDOWS\SYSTEM32\POWRPROF.dll
0x00007fffb9be0000 - 0x00007fffb9c15000 	C:\WINDOWS\SYSTEM32\WINMM.dll
0x00007fffb1530000 - 0x00007fffb153b000 	C:\WINDOWS\SYSTEM32\VERSION.dll
0x00007fffc4e90000 - 0x00007fffc4ea4000 	C:\WINDOWS\SYSTEM32\UMPDC.dll
0x00007fffc3e10000 - 0x00007fffc3e2b000 	C:\WINDOWS\SYSTEM32\kernel.appcore.dll
0x00007fffbd320000 - 0x00007fffbd32a000 	D:\sts-4.32.2.RELEASE\plugins\org.eclipse.justj.openjdk.hotspot.jre.full.win32.x86_64_21.0.9.v20251105-0741\jre\bin\jimage.dll
0x00007fffc2700000 - 0x00007fffc2942000 	C:\WINDOWS\SYSTEM32\DBGHELP.DLL
0x00007fffc6230000 - 0x00007fffc65bb000 	C:\WINDOWS\System32\combase.dll
0x00007fffc73e0000 - 0x00007fffc74b7000 	C:\WINDOWS\System32\OLEAUT32.dll
0x00007fffa8910000 - 0x00007fffa894c000 	C:\WINDOWS\SYSTEM32\dbgcore.DLL
0x00007fffc5050000 - 0x00007fffc50f5000 	C:\WINDOWS\System32\bcryptPrimitives.dll
0x00007fffaffd0000 - 0x00007fffafff0000 	D:\sts-4.32.2.RELEASE\plugins\org.eclipse.justj.openjdk.hotspot.jre.full.win32.x86_64_21.0.9.v20251105-0741\jre\bin\java.dll
0x00007fffc69b0000 - 0x00007fffc70ff000 	C:\WINDOWS\System32\SHELL32.dll
0x00007fffc5670000 - 0x00007fffc57db000 	C:\WINDOWS\System32\wintypes.dll
0x00007fffc2c70000 - 0x00007fffc34cd000 	C:\WINDOWS\SYSTEM32\windows.storage.dll
0x00007fffc74c0000 - 0x00007fffc75b2000 	C:\WINDOWS\System32\SHCORE.dll
0x00007fffc6940000 - 0x00007fffc69a7000 	C:\WINDOWS\System32\shlwapi.dll
0x00007fffc4f70000 - 0x00007fffc4f99000 	C:\WINDOWS\SYSTEM32\profapi.dll
0x00007fff9fd10000 - 0x00007fff9fd28000 	D:\sts-4.32.2.RELEASE\plugins\org.eclipse.justj.openjdk.hotspot.jre.full.win32.x86_64_21.0.9.v20251105-0741\jre\bin\zip.dll
0x00007fffaeca0000 - 0x00007fffaecb0000 	D:\sts-4.32.2.RELEASE\plugins\org.eclipse.justj.openjdk.hotspot.jre.full.win32.x86_64_21.0.9.v20251105-0741\jre\bin\net.dll
0x00007fffb96c0000 - 0x00007fffb97e8000 	C:\WINDOWS\SYSTEM32\WINHTTP.dll
0x00007fffc4380000 - 0x00007fffc43eb000 	C:\WINDOWS\system32\mswsock.dll
0x00007fff9c600000 - 0x00007fff9c616000 	D:\sts-4.32.2.RELEASE\plugins\org.eclipse.justj.openjdk.hotspot.jre.full.win32.x86_64_21.0.9.v20251105-0741\jre\bin\nio.dll

JVMTI agents: none

dbghelp: loaded successfully - version: 4.0.5 - missing functions: none
symbol engine: initialized successfully - sym options: 0x614 - pdb path: .;D:\sts-4.32.2.RELEASE\plugins\org.eclipse.justj.openjdk.hotspot.jre.full.win32.x86_64_21.0.9.v20251105-0741\jre\bin;C:\WINDOWS\SYSTEM32;C:\WINDOWS\WinSxS\amd64_microsoft.windows.common-controls_6595b64144ccf1df_6.0.26100.7019_none_3e06ffa0e335b8a8;D:\sts-4.32.2.RELEASE\plugins\org.eclipse.justj.openjdk.hotspot.jre.full.win32.x86_64_21.0.9.v20251105-0741\jre\bin\server

VM Arguments:
jvm_args: -Dfile.encoding=UTF-8 -Dstdout.encoding=UTF-8 -Dstderr.encoding=UTF-8 -XX:+ShowCodeDetailsInExceptionMessages 
java_command: com.service.registry.ServiceRegistryApplication
java_class_path (initial): D:\CHUBB Training\FlightMicroservices\service-registry\target\classes;C:\Users\YATI\.m2\repository\org\springframework\cloud\spring-cloud-starter-netflix-eureka-server\5.0.0\spring-cloud-starter-netflix-eureka-server-5.0.0.jar;C:\Users\YATI\.m2\repository\org\springframework\cloud\spring-cloud-starter\5.0.0\spring-cloud-starter-5.0.0.jar;C:\Users\YATI\.m2\repository\org\springframework\cloud\spring-cloud-context\5.0.0\spring-cloud-context-5.0.0.jar;C:\Users\YATI\.m2\repository\org\springframework\security\spring-security-crypto\7.0.0\spring-security-crypto-7.0.0.jar;C:\Users\YATI\.m2\repository\org\springframework\cloud\spring-cloud-commons\5.0.0\spring-cloud-commons-5.0.0.jar;C:\Users\YATI\.m2\repository\org\bouncycastle\bcprov-jdk18on\1.81\bcprov-jdk18on-1.81.jar;C:\Users\YATI\.m2\repository\org\springframework\cloud\spring-cloud-netflix-eureka-server\5.0.0\spring-cloud-netflix-eureka-server-5.0.0.jar;C:\Users\YATI\.m2\repository\org\springframework\boot\spring-boot-starter-web\4.0.0\spring-boot-starter-web-4.0.0.jar;C:\Users\YATI\.m2\repository\org\springframework\boot\spring-boot-starter-freemarker\4.0.0\spring-boot-starter-freemarker-4.0.0.jar;C:\Users\YATI\.m2\repository\org\springframework\boot\spring-boot-freemarker\4.0.0\spring-boot-freemarker-4.0.0.jar;C:\Users\YATI\.m2\repository\org\freemarker\freemarker\2.3.34\freemarker-2.3.34.jar;C:\Users\YATI\.m2\repository\org\springframework\spring-context-support\7.0.1\spring-context-support-7.0.1.jar;C:\Users\YATI\.m2\repository\org\springframework\cloud\spring-cloud-netflix-eureka-client\5.0.0\spring-cloud-netflix-eureka-client-5.0.0.jar;C:\Users\YATI\.m2\repository\org\springframework\boot\spring-boot-jackson2\4.0.0\spring-boot-jackson2-4.0.0.jar;C:\Users\YATI\.m2\repository\com\fasterxml\jackson\datatype\jackson-datatype-jdk8\2.20.1\jackson-datatype-jdk8-2.20.1.jar;C:\Users\YATI\.m2\repository\com\fasterxml\jackson\datatype\jackson-datatype-jsr310\2.20.1\jackson-datatype-jsr310-2.20.1.jar;C:\Users\YATI\.m2\repository\com\fasterxml\jackson\module\jackson-module-parameter-names\2.20.1\jackson-module-parameter-names-2.20.1.jar;C:\Users\YATI\.m2\repository\com\netflix\eureka\eureka-client\2.0.5\eureka-client-2.0.5.jar;C:\Users\YATI\.m2\repository\com\thoughtworks\xstream\xstream\1.4.21\xstream-1.4.21.jar;C:\Users\YATI\.m2\repository\io\github\x-stream\mxparser\1.2.2\mxparser-1.2.2.jar;C:\Users\YATI\.m2\repository\xmlpull\xmlpull\1.1.3.1\xmlpull-1.1.3.1.jar;C:\Users\YATI\.m2\repository\com\netflix\spectator\spectator-api\1.7.3\spectator-api-1.7.3.jar;C:\Users\YATI\.m2\repository\org\apache\httpcomponents\httpclient\4.5.3\httpclient-4.5.3.jar;C:\Users\YATI\.m2\repository\org\apache\httpcomponents\httpcore\4.4.16\httpcore-4.4.16.jar;C:\Users\YATI\.m2\repository\commons-codec\commons-codec\1.19.0\commons-codec-1.19.0.jar;C:\Users\YATI\.m2\repository\commons-configuration\commons-configuration\1.10\commons-configuration-1.10.jar;C:\Users\YATI\.m2\repository\commons-lang\commons-lang\2.6\commons-lang-2.6.jar;C:\Users\YATI\.m2\repository\com\netflix\netflix-commons\netflix-eventbus\0.3.0\netflix-eventbus-0.3.0.jar;C:\Users\YATI\.m2\repository\com\netflix\netflix-commons\netflix-infix\0.3.0\netflix-infix-0.3.0.jar;C:\Users\YATI\.m2\repository\commons-jxpath\commons-jxpath\1.3\commons-jxpath-1.3.jar;C:\Users\YATI\.m2\repository\joda-time\joda-time\2.3\joda-time-2.3.jar;C:\Users\YATI\.m2\repository\org\antlr\antlr-runtime\3.4\antlr-runtime-3.4.jar;C:\Users\YATI\.m2\repository\org\antlr\stringtemplate\3.2.1\stringtemplate-3.2.1.jar;C:\Users\YATI\.m2\repository\antlr\antlr\2.7.7\antlr-2.7.7.jar;C:\Users\YATI\.m2\repository\com\google\code\gson\gson\2.13.2\gson-2.13.2.jar;C:\Users\YATI\.m2\repository\com\netflix\servo\servo-core\0.5.3\servo-core-0.5.3.jar;C:\Users\YATI\.m2\repository\org\apache\commons\commons-math\2.2\commons-math-2.2.jar;C:\Users\YATI\.m2\repository\javax\annotation\javax.annotation-api\1.2\javax.annotation-api-1.2.jar;C:\Users\YATI\.m2\repository\org\codehaus\jettison\jettison\1.5.4\jettison-1.5.4.jar;C:\Users\YATI\.m2\repository\com\netflix\eureka\eureka-client-jersey3\2.0.5\eureka-client-jersey3-2.0.5.jar;C:\Users\YATI\.m2\repository\org\glassfish\jersey\connectors\jersey-apache-connector\3.0.5\jersey-apache-connector-3.0.5.jar;C:\Users\YATI\.m2\repository\com\netflix\eureka\eureka-core-jersey3\2.0.5\eureka-core-jersey3-2.0.5.jar;C:\Users\YATI\.m2\repository\com\netflix\eureka\eureka-core\2.0.5\eureka-core-2.0.5.jar;C:\Users\YATI\.m2\repository\com\google\guava\guava\33.0.0-jre\guava-33.0.0-jre.jar;C:\Users\YATI\.m2\repository\com\google\guava\failureaccess\1.0.2\failureaccess-1.0.2.jar;C:\Users\YATI\.m2\repository\com\google\guava\listenablefuture\9999.0-empty-to-avoid-conflict-with-guava\listenablefuture-9999.0-empty-to-avoid-conflict-with-guava.jar;C:\Users\YATI\.m2\repository\org\checkerframework\checker-qual\3.41.0\checker-qual-3.41.0.jar;C:\Users\YATI\.m2\repository\com\google\errorprone\error_prone_annotations\2.23.0\error_prone_annotations-2.23.0.jar;C:\Users\YATI\.m2\repository\com\google\j2objc\j2objc-annotations\2.8\j2objc-annotations-2.8.jar;C:\Users\YATI\.m2\repository\org\glassfish\jersey\containers\jersey-container-servlet\4.0.0\jersey-container-servlet-4.0.0.jar;C:\Users\YATI\.m2\repository\jakarta\inject\jakarta.inject-api\2.0.1\jakarta.inject-api-2.0.1.jar;C:\Users\YATI\.m2\repository\org\glassfish\jersey\core\jersey-common\4.0.0\jersey-common-4.0.0.jar;C:\Users\YATI\.m2\repository\org\glassfish\hk2\osgi-resource-locator\3.0.0\osgi-resource-locator-3.0.0.jar;C:\Users\YATI\.m2\repository\jakarta\ws\rs\jakarta.ws.rs-api\4.0.0\jakarta.ws.rs-api-4.0.0.jar;C:\Users\YATI\.m2\repository\org\glassfish\jersey\core\jersey-server\4.0.0\jersey-server-4.0.0.jar;C:\Users\YATI\.m2\repository\jakarta\validation\jakarta.validation-api\3.1.1\jakarta.validation-api-3.1.1.jar;C:\Users\YATI\.m2\repository\org\glassfish\jersey\core\jersey-client\4.0.0\jersey-client-4.0.0.jar;C:\Users\YATI\.m2\repository\org\glassfish\jersey\inject\jersey-hk2\4.0.0\jersey-hk2-4.0.0.jar;C:\Users\YATI\.m2\repository\org\glassfish\hk2\hk2-locator\4.0.0-M3\hk2-locator-4.0.0-M3.jar;C:\Users\YATI\.m2\repository\org\glassfish\hk2\hk2-utils\4.0.0-M3\hk2-utils-4.0.0-M3.jar;C:\Users\YATI\.m2\repository\org\javassist\javassist\3.30.2-GA\javassist-3.30.2-GA.jar;C:\Users\YATI\.m2\repository\org\glassfish\hk2\spring-bridge\3.1.1\spring-bridge-3.1.1.jar;C:\Users\YATI\.m2\repository\org\glassfish\hk2\hk2-api\3.1.1\hk2-api-3.1.1.jar;C:\Users\YATI\.m2\repository\org\springframework\spring-context\7.0.1\spring-context-7.0.1.jar;C:\Users\YATI\.m2\repository\com\fasterxml\jackson\dataformat\jackson-dataformat-xml\2.20.1\jackson-dataformat-xml-2.20.1.jar;C:\Users\YATI\.m2\repository\com\fasterxml\jackson\core\jackson-core\2.20.1\jackson-core-2.20.1.jar;C:\Users\YATI\.m2\repository\com\fasterxml\jackson\core\jackson-databind\2.20.1\jackson-databind-2.20.1.jar;C:\Users\YATI\.m2\repository\org\codehaus\woodstox\stax2-api\4.2.2\stax2-api-4.2.2.jar;C:\Users\YATI\.m2\repository\com\fasterxml\woodstox\woodstox-core\7.1.1\woodstox-core-7.1.1.jar;C:\Users\YATI\.m2\repository\org\springframework\cloud\spring-cloud-starter-loadbalancer\5.0.0\spring-cloud-starter-loadbalancer-5.0.0.jar;C:\Users\YATI\.m2\repository\org\springframework\cloud\spring-cloud-loadbalancer\5.0.0\spring-cloud-loadbalancer-5.0.0.jar;C:\Users\YATI\.m2\repository\io\projectreactor\reactor-core\3.8.0\reactor-core-3.8.0.jar;C:\Users\YATI\.m2\repository\org\reactivestreams\reactive-streams\1.0.4\reactive-streams-1.0.4.jar;C:\Users\YATI\.m2\repository\io\projectreactor\addons\reactor-extra\3.6.0\reactor-extra-3.6.0.jar;C:\Users\YATI\.m2\repository\org\springframework\boot\spring-boot-starter-cache\4.0.0\spring-boot-starter-cache-4.0.0.jar;C:\Users\YATI\.m2\repository\org\springframework\boot\spring-boot-cache\4.0.0\spring-boot-cache-4.0.0.jar;C:\Users\YATI\.m2\repository\com\stoyanr\evictor\1.0.0\evictor-1.0.0.jar;C:\Users\YATI\.m2\repository\org\glassfish\jaxb\jaxb-runtime\4.0.6\jaxb-runtime-4.0.6.jar;C:\Users\YATI\.m2\repository\org\glassfish\jaxb\jaxb-core\4.0.6\jaxb-core-4.0.6.jar;C:\Users\YATI\.m2\repository\org\eclipse\angus\angus-activation\2.0.3\angus-activation-2.0.3.jar;C:\Users\YATI\.m2\repository\org\glassfish\jaxb\txw2\4.0.6\txw2-4.0.6.jar;C:\Users\YATI\.m2\repository\com\sun\istack\istack-commons-runtime\4.1.2\istack-commons-runtime-4.1.2.jar;C:\Users\YATI\.m2\repository\org\springframework\cloud\spring-cloud-starter-config\5.0.0\spring-cloud-starter-config-5.0.0.jar;C:\Users\YATI\.m2\repository\org\springframework\cloud\spring-cloud-config-client\5.0.0\spring-cloud-config-client-5.0.0.jar;C:\Users\YATI\.m2\repository\org\springframework\boot\spring-boot-autoconfigure\4.0.0\spring-boot-autoconfigure-4.0.0.jar;C:\Users\YATI\.m2\repository\org\springframework\spring-web\7.0.1\spring-web-7.0.1.jar;C:\Users\YATI\.m2\repository\org\springframework\spring-beans\7.0.1\spring-beans-7.0.1.jar;C:\Users\YATI\.m2\repository\com\fasterxml\jackson\core\jackson-annotations\2.20\jackson-annotations-2.20.jar;C:\Users\YATI\.m2\repository\org\apache\httpcomponents\client5\httpclient5\5.5.1\httpclient5-5.5.1.jar;C:\Users\YATI\.m2\repository\org\apache\httpcomponents\core5\httpcore5\5.3.6\httpcore5-5.3.6.jar;C:\Users\YATI\.m2\repository\org\apache\httpcomponents\core5\httpcore5-h2\5.3.6\httpcore5-h2-5.3.6.jar;C:\Users\YATI\.m2\repository\tools\jackson\core\jackson-databind\3.0.2\jackson-databind-3.0.2.jar;C:\Users\YATI\.m2\repository\tools\jackson\core\jackson-core\3.0.2\jackson-core-3.0.2.jar;C:\Users\YATI\.m2\repository\org\springframework\boot\spring-boot-starter-actuator\4.0.0\spring-boot-starter-actuator-4.0.0.jar;C:\Users\YATI\.m2\repository\org\springframework\boot\spring-boot-starter\4.0.0\spring-boot-starter-4.0.0.jar;C:\Users\YATI\.m2\repository\org\springframework\boot\spring-boot-starter-logging\4.0.0\spring-boot-starter-logging-4.0.0.jar;C:\Users\YATI\.m2\repository\ch\qos\logback\logback-classic\1.5.21\logback-classic-1.5.21.jar;C:\Users\YATI\.m2\repository\ch\qos\logback\logback-core\1.5.21\logback-core-1.5.21.jar;C:\Users\YATI\.m2\repository\org\apache\logging\log4j\log4j-to-slf4j\2.25.2\log4j-to-slf4j-2.25.2.jar;C:\Users\YATI\.m2\repository\org\apache\logging\log4j\log4j-api\2.25.2\log4j-api-2.25.2.jar;C:\Users\YATI\.m2\repository\org\slf4j\jul-to-slf4j\2.0.17\jul-to-slf4j-2.0.17.jar;C:\Users\YATI\.m2\repository\jakarta\annotation\jakarta.annotation-api\3.0.0\jakarta.annotation-api-3.0.0.jar;C:\Users\YATI\.m2\repository\org\yaml\snakeyaml\2.5\snakeyaml-2.5.jar;C:\Users\YATI\.m2\repository\org\springframework\boot\spring-boot-starter-micrometer-metrics\4.0.0\spring-boot-starter-micrometer-metrics-4.0.0.jar;C:\Users\YATI\.m2\repository\org\springframework\boot\spring-boot-micrometer-metrics\4.0.0\spring-boot-micrometer-metrics-4.0.0.jar;C:\Users\YATI\.m2\repository\org\springframework\boot\spring-boot-micrometer-observation\4.0.0\spring-boot-micrometer-observation-4.0.0.jar;C:\Users\YATI\.m2\repository\org\springframework\boot\spring-boot-actuator-autoconfigure\4.0.0\spring-boot-actuator-autoconfigure-4.0.0.jar;C:\Users\YATI\.m2\repository\org\springframework\boot\spring-boot-actuator\4.0.0\spring-boot-actuator-4.0.0.jar;C:\Users\YATI\.m2\repository\org\springframework\boot\spring-boot-health\4.0.0\spring-boot-health-4.0.0.jar;C:\Users\YATI\.m2\repository\org\springframework\boot\spring-boot\4.0.0\spring-boot-4.0.0.jar;C:\Users\YATI\.m2\repository\io\micrometer\micrometer-observation\1.16.0\micrometer-observation-1.16.0.jar;C:\Users\YATI\.m2\repository\org\jspecify\jspecify\1.0.0\jspecify-1.0.0.jar;C:\Users\YATI\.m2\repository\io\micrometer\micrometer-commons\1.16.0\micrometer-commons-1.16.0.jar;C:\Users\YATI\.m2\repository\io\micrometer\micrometer-jakarta9\1.16.0\micrometer-jakarta9-1.16.0.jar;C:\Users\YATI\.m2\repository\io\micrometer\micrometer-core\1.16.0\micrometer-core-1.16.0.jar;C:\Users\YATI\.m2\repository\org\hdrhistogram\HdrHistogram\2.2.2\HdrHistogram-2.2.2.jar;C:\Users\YATI\.m2\repository\org\latencyutils\LatencyUtils\2.0.3\LatencyUtils-2.0.3.jar;C:\Users\YATI\.m2\repository\org\springframework\boot\spring-boot-starter-webmvc\4.0.0\spring-boot-starter-webmvc-4.0.0.jar;C:\Users\YATI\.m2\repository\org\springframework\boot\spring-boot-starter-jackson\4.0.0\spring-boot-starter-jackson-4.0.0.jar;C:\Users\YATI\.m2\repository\org\springframework\boot\spring-boot-jackson\4.0.0\spring-boot-jackson-4.0.0.jar;C:\Users\YATI\.m2\repository\org\springframework\boot\spring-boot-starter-tomcat\4.0.0\spring-boot-starter-tomcat-4.0.0.jar;C:\Users\YATI\.m2\repository\org\springframework\boot\spring-boot-starter-tomcat-runtime\4.0.0\spring-boot-starter-tomcat-runtime-4.0.0.jar;C:\Users\YATI\.m2\repository\org\apache\tomcat\embed\tomcat-embed-core\11.0.14\tomcat-embed-core-11.0.14.jar;C:\Users\YATI\.m2\repository\org\apache\tomcat\embed\tomcat-embed-el\11.0.14\tomcat-embed-el-11.0.14.jar;C:\Users\YATI\.m2\repository\org\apache\tomcat\embed\tomcat-embed-websocket\11.0.14\tomcat-embed-websocket-11.0.14.jar;C:\Users\YATI\.m2\repository\org\springframework\boot\spring-boot-tomcat\4.0.0\spring-boot-tomcat-4.0.0.jar;C:\Users\YATI\.m2\repository\org\springframework\boot\spring-boot-http-converter\4.0.0\spring-boot-http-converter-4.0.0.jar;C:\Users\YATI\.m2\repository\org\springframework\boot\spring-boot-webmvc\4.0.0\spring-boot-webmvc-4.0.0.jar;C:\Users\YATI\.m2\repository\org\springframework\boot\spring-boot-servlet\4.0.0\spring-boot-servlet-4.0.0.jar;C:\Users\YATI\.m2\repository\org\springframework\spring-webmvc\7.0.1\spring-webmvc-7.0.1.jar;C:\Users\YATI\.m2\repository\org\springframework\spring-aop\7.0.1\spring-aop-7.0.1.jar;C:\Users\YATI\.m2\repository\org\springframework\spring-expression\7.0.1\spring-expression-7.0.1.jar;C:\Users\YATI\.m2\repository\org\springframework\boot\spring-boot-web-server\4.0.0\spring-boot-web-server-4.0.0.jar;C:\Users\YATI\.m2\repository\org\slf4j\slf4j-api\2.0.17\slf4j-api-2.0.17.jar;C:\Users\YATI\.m2\repository\jakarta\xml\bind\jakarta.xml.bind-api\4.0.4\jakarta.xml.bind-api-4.0.4.jar;C:\Users\YATI\.m2\repository\jakarta\activation\jakarta.activation-api\2.1.4\jakarta.activation-api-2.1.4.jar;C:\Users\YATI\.m2\repository\org\springframework\spring-core\7.0.1\spring-core-7.0.1.jar;C:\Users\YATI\.m2\repository\commons-logging\commons-logging\1.3.5\commons-logging-1.3.5.jar
Launcher Type: SUN_STANDARD

[Global flags]
     intx CICompilerCount                          = 12                                        {product} {ergonomic}
     uint ConcGCThreads                            = 3                                         {product} {ergonomic}
     uint G1ConcRefinementThreads                  = 13                                        {product} {ergonomic}
   size_t G1HeapRegionSize                         = 2097152                                   {product} {ergonomic}
    uintx GCDrainStackTargetSize                   = 64                                        {product} {ergonomic}
   size_t InitialHeapSize                          = 264241152                                 {product} {ergonomic}
   size_t MarkStackSize                            = 4194304                                   {product} {ergonomic}
   size_t MaxHeapSize                              = 4196401152                                {product} {ergonomic}
   size_t MaxNewSize                               = 2516582400                                {product} {ergonomic}
   size_t MinHeapDeltaBytes                        = 2097152                                   {product} {ergonomic}
   size_t MinHeapSize                              = 8388608                                   {product} {ergonomic}
    uintx NonNMethodCodeHeapSize                   = 7602480                                {pd product} {ergonomic}
    uintx NonProfiledCodeHeapSize                  = 122027880                              {pd product} {ergonomic}
    uintx ProfiledCodeHeapSize                     = 122027880                              {pd product} {ergonomic}
    uintx ReservedCodeCacheSize                    = 251658240                              {pd product} {ergonomic}
     bool SegmentedCodeCache                       = true                                      {product} {ergonomic}
     bool ShowCodeDetailsInExceptionMessages       = true                                   {manageable} {command line}
   size_t SoftMaxHeapSize                          = 4196401152                             {manageable} {ergonomic}
     bool UseCompressedOops                        = true                           {product lp64_product} {ergonomic}
     bool UseG1GC                                  = true                                      {product} {ergonomic}
     bool UseLargePagesIndividualAllocation        = false                                  {pd product} {ergonomic}

Logging:
Log output configuration:
 #0: stdout all=warning uptime,level,tags foldmultilines=false
 #1: stderr all=off uptime,level,tags foldmultilines=false

Release file:
JAVA_VERSION="21.0.9" 
MODULES="java.base java.compiler java.datatransfer java.xml java.prefs java.desktop java.instrument java.logging java.management java.security.sasl java.naming java.rmi java.management.rmi java.net.http java.scripting java.security.jgss java.transaction.xa java.sql java.sql.rowset java.xml.crypto java.se java.smartcardio jdk.accessibility jdk.internal.jvmstat jdk.attach jdk.charsets jdk.internal.opt jdk.zipfs jdk.compiler jdk.crypto.ec jdk.crypto.cryptoki jdk.crypto.mscapi jdk.dynalink jdk.internal.ed jdk.editpad jdk.hotspot.agent jdk.httpserver jdk.internal.le jdk.internal.vm.ci jdk.internal.vm.compiler jdk.internal.vm.compiler.management jdk.jartool jdk.javadoc jdk.jcmd jdk.management jdk.management.agent jdk.jconsole jdk.jdeps jdk.jdwp.agent jdk.jdi jdk.jfr jdk.jshell jdk.jsobject jdk.jstatd jdk.localedata jdk.management.jfr jdk.naming.dns jdk.naming.rmi jdk.net jdk.nio.mapmode jdk.random jdk.sctp jdk.security.auth jdk.security.jgss jdk.unsupported jdk.unsupported.desktop jdk.xml.dom" 

Environment Variables:
PATH=D:/sts-4.32.2.RELEASE//plugins/org.eclipse.justj.openjdk.hotspot.jre.full.win32.x86_64_21.0.9.v20251105-0741/jre/bin/server;D:/sts-4.32.2.RELEASE//plugins/org.eclipse.justj.openjdk.hotspot.jre.full.win32.x86_64_21.0.9.v20251105-0741/jre/bin;C:\Program Files\Java\jdk-25\bin;C:\Program Files\Common Files\Oracle\Java\javapath;C:\ProgramData\Oracle\Java\javapath;C:\WINDOWS\system32;C:\WINDOWS;C:\WINDOWS\System32\Wbem;C:\WINDOWS\System32\WindowsPowerShell\v1.0\;C:\WINDOWS\System32\OpenSSH\;C:\Program Files\dotnet\;C:\MinGW\bin;C:\Users\YATI\Downloads\sqlite-tools-win-x64-3490200;C:\Program Files\MySQL\MySQL Server 8.0\bin;C:\Program Files\Git\cmd;C:\Program Files\nodejs\;C:\Program Files (x86)\Microsoft SQL Server\160\Tools\Binn\;C:\Program Files\Microsoft SQL Server\160\Tools\Binn\;C:\Program Files\Microsoft SQL Server\Client SDK\ODBC\170\Tools\Binn\;C:\Program Files\Microsoft SQL Server\160\DTS\Binn\;C:\Users\YATI\Downloads\apache-maven-3.9.11-bin\apache-maven-3.9.11\bin;C:\Gradle\gradle-9.2.0\bin;C:\Program Files\MongoDB\Server\8.2\bin;D:\apache-jmeter-5.6.3\bin;;C:\Program Files\Docker\Docker\resources\bin;C:\Program Files\MySQL\MySQL Shell 8.0\bin\;C:\Users\YATI\anaconda3;C:\Users\YATI\anaconda3\Library\mingw-w64\bin;C:\Users\YATI\anaconda3\Library\usr\bin;C:\Users\YATI\anaconda3\Library\bin;C:\Users\YATI\anaconda3\Scripts;C:\Users\YATI\AppData\Local\Microsoft\WindowsApps;C:\Users\YATI\AppData\Local\Programs\Microsoft VS Code\bin;C:\Users\YATI\AppData\Roaming\npm;D:\sts-4.32.2.RELEASE;
USERNAME=YATI
OS=Windows_NT
PROCESSOR_IDENTIFIER=Intel64 Family 6 Model 154 Stepping 3, GenuineIntel
TMP=C:\Users\YATI\AppData\Local\Temp
TEMP=C:\Users\YATI\AppData\Local\Temp




Periodic native trim disabled

---------------  S Y S T E M  ---------------

OS:
 Windows 11 , 64 bit Build 26100 (10.0.26100.7019)
OS uptime: 0 days 6:09 hours
Hyper-V role detected

CPU: total 16 (initial active 16) (8 cores per cpu, 2 threads per core) family 6 model 154 stepping 3 microcode 0x41b, cx8, cmov, fxsr, ht, mmx, 3dnowpref, sse, sse2, sse3, ssse3, sse4.1, sse4.2, popcnt, lzcnt, tsc, tscinvbit, avx, avx2, aes, erms, clmul, bmi1, bmi2, adx, sha, fma, vzeroupper, clflush, clflushopt, clwb, hv, serialize, rdtscp, rdpid, fsrm, f16c, cet_ibt, cet_ss
Processor Information for processor 0
  Max Mhz: 2500, Current Mhz: 2500, Mhz Limit: 2500
Processor Information for processor 1
  Max Mhz: 2500, Current Mhz: 2500, Mhz Limit: 2500
Processor Information for processor 2
  Max Mhz: 2500, Current Mhz: 2500, Mhz Limit: 2500
Processor Information for processor 3
  Max Mhz: 2500, Current Mhz: 2500, Mhz Limit: 2500
Processor Information for processor 4
  Max Mhz: 2500, Current Mhz: 2500, Mhz Limit: 2500
Processor Information for processor 5
  Max Mhz: 2500, Current Mhz: 2500, Mhz Limit: 2500
Processor Information for processor 6
  Max Mhz: 2500, Current Mhz: 2500, Mhz Limit: 2500
Processor Information for processor 7
  Max Mhz: 2500, Current Mhz: 2500, Mhz Limit: 2500
Processor Information for processor 8
  Max Mhz: 2500, Current Mhz: 1800, Mhz Limit: 1800
Processor Information for processor 9
  Max Mhz: 2500, Current Mhz: 1800, Mhz Limit: 1800
Processor Information for processor 10
  Max Mhz: 2500, Current Mhz: 1800, Mhz Limit: 1800
Processor Information for processor 11
  Max Mhz: 2500, Current Mhz: 1800, Mhz Limit: 1800
Processor Information for processor 12
  Max Mhz: 2500, Current Mhz: 1800, Mhz Limit: 1800
Processor Information for processor 13
  Max Mhz: 2500, Current Mhz: 1800, Mhz Limit: 1800
Processor Information for processor 14
  Max Mhz: 2500, Current Mhz: 1800, Mhz Limit: 1800
Processor Information for processor 15
  Max Mhz: 2500, Current Mhz: 1800, Mhz Limit: 1800

Memory: 4k page, system-wide physical 16003M (1268M free)
TotalPageFile size 34122M (AvailPageFile size 19M)
current process WorkingSet (physical memory assigned to process): 91M, peak: 91M
current process commit charge ("private bytes"): 370M, peak: 371M

vm_info: OpenJDK 64-Bit Server VM (21.0.9+10-LTS) for windows-amd64 JRE (21.0.9+10-LTS), built on 2025-10-21T00:00:00Z by "admin" with unknown MS VC++:1942

END.
